{"/Users/zumikay/Documents/RealProjects/Refinded_GraduateTracer/GraduateTracer_FRONEND_V2/src/helperFunc.ts": {"path":"/Users/zumikay/Documents/RealProjects/Refinded_GraduateTracer/GraduateTracer_FRONEND_V2/src/helperFunc.ts","statementMap":{"0":{"start":{"line":131,"column":0},"end":{"line":131,"column":16}},"1":{"start":{"line":224,"column":0},"end":{"line":224,"column":16}},"2":{"start":{"line":931,"column":0},"end":{"line":931,"column":16}},"3":{"start":{"line":3,"column":0},"end":{"line":3,"column":59}},"4":{"start":{"line":9,"column":13},"end":{"line":9,"column":47}},"5":{"start":{"line":10,"column":13},"end":{"line":10,"column":46}},"6":{"start":{"line":11,"column":13},"end":{"line":11,"column":57}},"7":{"start":{"line":12,"column":13},"end":{"line":12,"column":50}},"8":{"start":{"line":55,"column":19},"end":{"line":64,"column":1}},"9":{"start":{"line":56,"column":2},"end":{"line":62,"column":3}},"10":{"start":{"line":57,"column":4},"end":{"line":59,"column":5}},"11":{"start":{"line":58,"column":6},"end":{"line":58,"column":33}},"12":{"start":{"line":63,"column":2},"end":{"line":63,"column":14}},"13":{"start":{"line":69,"column":22},"end":{"line":78,"column":1}},"14":{"start":{"line":72,"column":2},"end":{"line":72,"column":26}},"15":{"start":{"line":72,"column":14},"end":{"line":72,"column":26}},"16":{"start":{"line":73,"column":2},"end":{"line":77,"column":3}},"17":{"start":{"line":74,"column":4},"end":{"line":74,"column":34}},"18":{"start":{"line":76,"column":4},"end":{"line":76,"column":16}},"19":{"start":{"line":84,"column":2},"end":{"line":84,"column":27}},"20":{"start":{"line":84,"column":15},"end":{"line":84,"column":27}},"21":{"start":{"line":85,"column":2},"end":{"line":85,"column":43}},"22":{"start":{"line":85,"column":30},"end":{"line":85,"column":43}},"23":{"start":{"line":86,"column":2},"end":{"line":86,"column":42}},"24":{"start":{"line":86,"column":29},"end":{"line":86,"column":42}},"25":{"start":{"line":88,"column":2},"end":{"line":90,"column":3}},"26":{"start":{"line":89,"column":4},"end":{"line":89,"column":39}},"27":{"start":{"line":93,"column":2},"end":{"line":96,"column":3}},"28":{"start":{"line":94,"column":4},"end":{"line":94,"column":44}},"29":{"start":{"line":94,"column":31},"end":{"line":94,"column":44}},"30":{"start":{"line":95,"column":4},"end":{"line":95,"column":63}},"31":{"start":{"line":95,"column":36},"end":{"line":95,"column":61}},"32":{"start":{"line":99,"column":2},"end":{"line":119,"column":3}},"33":{"start":{"line":100,"column":17},"end":{"line":100,"column":45}},"34":{"start":{"line":101,"column":17},"end":{"line":101,"column":45}},"35":{"start":{"line":102,"column":18},"end":{"line":102,"column":35}},"36":{"start":{"line":103,"column":18},"end":{"line":103,"column":35}},"37":{"start":{"line":105,"column":4},"end":{"line":105,"column":52}},"38":{"start":{"line":105,"column":39},"end":{"line":105,"column":52}},"39":{"start":{"line":106,"column":4},"end":{"line":107,"column":19}},"40":{"start":{"line":106,"column":30},"end":{"line":106,"column":77}},"41":{"start":{"line":107,"column":6},"end":{"line":107,"column":19}},"42":{"start":{"line":109,"column":4},"end":{"line":118,"column":7}},"43":{"start":{"line":110,"column":19},"end":{"line":110,"column":28}},"44":{"start":{"line":111,"column":19},"end":{"line":111,"column":28}},"45":{"start":{"line":113,"column":6},"end":{"line":115,"column":7}},"46":{"start":{"line":114,"column":8},"end":{"line":114,"column":29}},"47":{"start":{"line":117,"column":6},"end":{"line":117,"column":35}},"48":{"start":{"line":121,"column":2},"end":{"line":121,"column":15}},"49":{"start":{"line":132,"column":2},"end":{"line":132,"column":43}},"50":{"start":{"line":132,"column":30},"end":{"line":132,"column":43}},"51":{"start":{"line":134,"column":2},"end":{"line":141,"column":3}},"52":{"start":{"line":140,"column":4},"end":{"line":140,"column":34}},"53":{"start":{"line":143,"column":17},"end":{"line":143,"column":53}},"54":{"start":{"line":144,"column":17},"end":{"line":144,"column":52}},"55":{"start":{"line":146,"column":18},"end":{"line":146,"column":37}},"56":{"start":{"line":147,"column":18},"end":{"line":147,"column":37}},"57":{"start":{"line":149,"column":2},"end":{"line":149,"column":53}},"58":{"start":{"line":149,"column":41},"end":{"line":149,"column":53}},"59":{"start":{"line":151,"column":2},"end":{"line":158,"column":3}},"60":{"start":{"line":152,"column":4},"end":{"line":157,"column":5}},"61":{"start":{"line":156,"column":6},"end":{"line":156,"column":18}},"62":{"start":{"line":160,"column":2},"end":{"line":160,"column":15}},"63":{"start":{"line":166,"column":30},"end":{"line":174,"column":1}},"64":{"start":{"line":170,"column":2},"end":{"line":170,"column":64}},"65":{"start":{"line":170,"column":52},"end":{"line":170,"column":64}},"66":{"start":{"line":171,"column":2},"end":{"line":171,"column":47}},"67":{"start":{"line":171,"column":35},"end":{"line":171,"column":47}},"68":{"start":{"line":173,"column":2},"end":{"line":173,"column":68}},"69":{"start":{"line":173,"column":38},"end":{"line":173,"column":66}},"70":{"start":{"line":166,"column":13},"end":{"line":166,"column":30}},"71":{"start":{"line":183,"column":26},"end":{"line":189,"column":1}},"72":{"start":{"line":184,"column":2},"end":{"line":184,"column":66}},"73":{"start":{"line":184,"column":56},"end":{"line":184,"column":66}},"74":{"start":{"line":185,"column":15},"end":{"line":185,"column":33}},"75":{"start":{"line":186,"column":16},"end":{"line":186,"column":60}},"76":{"start":{"line":187,"column":14},"end":{"line":187,"column":53}},"77":{"start":{"line":188,"column":2},"end":{"line":188,"column":35}},"78":{"start":{"line":183,"column":13},"end":{"line":183,"column":26}},"79":{"start":{"line":194,"column":40},"end":{"line":198,"column":1}},"80":{"start":{"line":195,"column":15},"end":{"line":195,"column":45}},"81":{"start":{"line":196,"column":2},"end":{"line":196,"column":28}},"82":{"start":{"line":197,"column":2},"end":{"line":197,"column":28}},"83":{"start":{"line":194,"column":13},"end":{"line":194,"column":40}},"84":{"start":{"line":203,"column":29},"end":{"line":207,"column":1}},"85":{"start":{"line":204,"column":2},"end":{"line":204,"column":67}},"86":{"start":{"line":204,"column":54},"end":{"line":204,"column":67}},"87":{"start":{"line":205,"column":17},"end":{"line":205,"column":43}},"88":{"start":{"line":206,"column":2},"end":{"line":206,"column":29}},"89":{"start":{"line":203,"column":13},"end":{"line":203,"column":29}},"90":{"start":{"line":216,"column":31},"end":{"line":219,"column":46}},"91":{"start":{"line":219,"column":13},"end":{"line":219,"column":46}},"92":{"start":{"line":216,"column":13},"end":{"line":216,"column":31}},"93":{"start":{"line":229,"column":2},"end":{"line":229,"column":71}},"94":{"start":{"line":235,"column":39},"end":{"line":244,"column":77}},"95":{"start":{"line":244,"column":2},"end":{"line":244,"column":77}},"96":{"start":{"line":235,"column":13},"end":{"line":235,"column":39}},"97":{"start":{"line":253,"column":20},"end":{"line":312,"column":1}},"98":{"start":{"line":257,"column":36},"end":{"line":302,"column":3}},"99":{"start":{"line":261,"column":23},"end":{"line":261,"column":40}},"100":{"start":{"line":263,"column":23},"end":{"line":263,"column":72}},"101":{"start":{"line":264,"column":4},"end":{"line":266,"column":5}},"102":{"start":{"line":265,"column":6},"end":{"line":265,"column":26}},"103":{"start":{"line":267,"column":4},"end":{"line":267,"column":28}},"104":{"start":{"line":269,"column":4},"end":{"line":298,"column":5}},"105":{"start":{"line":270,"column":6},"end":{"line":297,"column":9}},"106":{"start":{"line":273,"column":8},"end":{"line":288,"column":9}},"107":{"start":{"line":274,"column":10},"end":{"line":279,"column":12}},"108":{"start":{"line":276,"column":14},"end":{"line":278,"column":65}},"109":{"start":{"line":280,"column":15},"end":{"line":288,"column":9}},"110":{"start":{"line":281,"column":10},"end":{"line":287,"column":14}},"111":{"start":{"line":286,"column":21},"end":{"line":286,"column":69}},"112":{"start":{"line":290,"column":8},"end":{"line":296,"column":9}},"113":{"start":{"line":291,"column":31},"end":{"line":293,"column":null}},"114":{"start":{"line":295,"column":10},"end":{"line":295,"column":62}},"115":{"start":{"line":300,"column":4},"end":{"line":300,"column":31}},"116":{"start":{"line":301,"column":4},"end":{"line":301,"column":24}},"117":{"start":{"line":304,"column":16},"end":{"line":304,"column":49}},"118":{"start":{"line":306,"column":2},"end":{"line":309,"column":3}},"119":{"start":{"line":307,"column":26},"end":{"line":307,"column":66}},"120":{"start":{"line":308,"column":4},"end":{"line":308,"column":47}},"121":{"start":{"line":311,"column":2},"end":{"line":311,"column":17}},"122":{"start":{"line":317,"column":36},"end":{"line":429,"column":1}},"123":{"start":{"line":324,"column":2},"end":{"line":326,"column":3}},"124":{"start":{"line":325,"column":4},"end":{"line":325,"column":14}},"125":{"start":{"line":328,"column":48},"end":{"line":328,"column":50}},"126":{"start":{"line":329,"column":23},"end":{"line":329,"column":40}},"127":{"start":{"line":331,"column":24},"end":{"line":331,"column":53}},"128":{"start":{"line":332,"column":19},"end":{"line":332,"column":75}},"129":{"start":{"line":332,"column":48},"end":{"line":332,"column":74}},"130":{"start":{"line":333,"column":2},"end":{"line":333,"column":57}},"131":{"start":{"line":333,"column":25},"end":{"line":333,"column":57}},"132":{"start":{"line":335,"column":36},"end":{"line":423,"column":3}},"133":{"start":{"line":339,"column":40},"end":{"line":339,"column":42}},"134":{"start":{"line":341,"column":4},"end":{"line":343,"column":5}},"135":{"start":{"line":342,"column":6},"end":{"line":342,"column":21}},"136":{"start":{"line":345,"column":4},"end":{"line":345,"column":22}},"137":{"start":{"line":347,"column":36},"end":{"line":357,"column":6}},"138":{"start":{"line":351,"column":65},"end":{"line":356,"column":8}},"139":{"start":{"line":359,"column":4},"end":{"line":359,"column":29}},"140":{"start":{"line":361,"column":4},"end":{"line":420,"column":7}},"141":{"start":{"line":364,"column":6},"end":{"line":379,"column":7}},"142":{"start":{"line":365,"column":8},"end":{"line":370,"column":10}},"143":{"start":{"line":367,"column":12},"end":{"line":369,"column":63}},"144":{"start":{"line":371,"column":13},"end":{"line":379,"column":7}},"145":{"start":{"line":372,"column":8},"end":{"line":378,"column":12}},"146":{"start":{"line":377,"column":19},"end":{"line":377,"column":73}},"147":{"start":{"line":381,"column":6},"end":{"line":384,"column":7}},"148":{"start":{"line":382,"column":8},"end":{"line":382,"column":74}},"149":{"start":{"line":383,"column":8},"end":{"line":383,"column":15}},"150":{"start":{"line":387,"column":8},"end":{"line":387,"column":69}},"151":{"start":{"line":388,"column":23},"end":{"line":388,"column":62}},"152":{"start":{"line":390,"column":6},"end":{"line":393,"column":7}},"153":{"start":{"line":391,"column":8},"end":{"line":391,"column":74}},"154":{"start":{"line":392,"column":8},"end":{"line":392,"column":15}},"155":{"start":{"line":395,"column":6},"end":{"line":395,"column":33}},"156":{"start":{"line":397,"column":6},"end":{"line":417,"column":7}},"157":{"start":{"line":398,"column":8},"end":{"line":398,"column":21}},"158":{"start":{"line":399,"column":30},"end":{"line":402,"column":10}},"159":{"start":{"line":403,"column":8},"end":{"line":403,"column":39}},"160":{"start":{"line":405,"column":39},"end":{"line":414,"column":10}},"161":{"start":{"line":416,"column":8},"end":{"line":416,"column":32}},"162":{"start":{"line":419,"column":6},"end":{"line":419,"column":36}},"163":{"start":{"line":422,"column":4},"end":{"line":422,"column":19}},"164":{"start":{"line":425,"column":27},"end":{"line":425,"column":57}},"165":{"start":{"line":426,"column":2},"end":{"line":426,"column":46}},"166":{"start":{"line":428,"column":2},"end":{"line":428,"column":27}},"167":{"start":{"line":317,"column":13},"end":{"line":317,"column":36}},"168":{"start":{"line":434,"column":44},"end":{"line":492,"column":1}},"169":{"start":{"line":440,"column":27},"end":{"line":440,"column":29}},"170":{"start":{"line":441,"column":21},"end":{"line":441,"column":51}},"171":{"start":{"line":443,"column":2},"end":{"line":447,"column":5}},"172":{"start":{"line":444,"column":4},"end":{"line":446,"column":5}},"173":{"start":{"line":445,"column":6},"end":{"line":445,"column":48}},"174":{"start":{"line":449,"column":2},"end":{"line":486,"column":5}},"175":{"start":{"line":450,"column":4},"end":{"line":468,"column":5}},"176":{"start":{"line":451,"column":6},"end":{"line":467,"column":9}},"177":{"start":{"line":452,"column":8},"end":{"line":456,"column":9}},"178":{"start":{"line":453,"column":10},"end":{"line":455,"column":12}},"179":{"start":{"line":458,"column":8},"end":{"line":466,"column":9}},"180":{"start":{"line":461,"column":31},"end":{"line":461,"column":57}},"181":{"start":{"line":463,"column":10},"end":{"line":465,"column":12}},"182":{"start":{"line":470,"column":4},"end":{"line":485,"column":5}},"183":{"start":{"line":471,"column":6},"end":{"line":475,"column":7}},"184":{"start":{"line":472,"column":8},"end":{"line":474,"column":10}},"185":{"start":{"line":476,"column":6},"end":{"line":484,"column":7}},"186":{"start":{"line":479,"column":29},"end":{"line":479,"column":64}},"187":{"start":{"line":481,"column":8},"end":{"line":483,"column":10}},"188":{"start":{"line":488,"column":2},"end":{"line":491,"column":4}},"189":{"start":{"line":434,"column":13},"end":{"line":434,"column":44}},"190":{"start":{"line":497,"column":41},"end":{"line":533,"column":1}},"191":{"start":{"line":500,"column":40},"end":{"line":500,"column":42}},"192":{"start":{"line":501,"column":20},"end":{"line":501,"column":37}},"193":{"start":{"line":503,"column":22},"end":{"line":526,"column":3}},"194":{"start":{"line":504,"column":4},"end":{"line":504,"column":56}},"195":{"start":{"line":504,"column":49},"end":{"line":504,"column":56}},"196":{"start":{"line":506,"column":20},"end":{"line":506,"column":70}},"197":{"start":{"line":507,"column":4},"end":{"line":507,"column":39}},"198":{"start":{"line":507,"column":32},"end":{"line":507,"column":39}},"199":{"start":{"line":509,"column":4},"end":{"line":509,"column":27}},"200":{"start":{"line":510,"column":4},"end":{"line":510,"column":25}},"201":{"start":{"line":512,"column":4},"end":{"line":525,"column":5}},"202":{"start":{"line":513,"column":6},"end":{"line":524,"column":9}},"203":{"start":{"line":514,"column":29},"end":{"line":518,"column":null}},"204":{"start":{"line":516,"column":12},"end":{"line":518,"column":77}},"205":{"start":{"line":521,"column":8},"end":{"line":523,"column":9}},"206":{"start":{"line":522,"column":10},"end":{"line":522,"column":47}},"207":{"start":{"line":528,"column":2},"end":{"line":530,"column":42}},"208":{"start":{"line":529,"column":22},"end":{"line":529,"column":41}},"209":{"start":{"line":530,"column":23},"end":{"line":530,"column":40}},"210":{"start":{"line":532,"column":2},"end":{"line":532,"column":19}},"211":{"start":{"line":497,"column":13},"end":{"line":497,"column":41}},"212":{"start":{"line":538,"column":35},"end":{"line":569,"column":1}},"213":{"start":{"line":542,"column":25},"end":{"line":566,"column":3}},"214":{"start":{"line":546,"column":4},"end":{"line":548,"column":5}},"215":{"start":{"line":547,"column":6},"end":{"line":547,"column":26}},"216":{"start":{"line":550,"column":23},"end":{"line":550,"column":35}},"217":{"start":{"line":552,"column":4},"end":{"line":563,"column":7}},"218":{"start":{"line":553,"column":27},"end":{"line":556,"column":null}},"219":{"start":{"line":555,"column":10},"end":{"line":556,"column":78}},"220":{"start":{"line":559,"column":6},"end":{"line":562,"column":7}},"221":{"start":{"line":560,"column":27},"end":{"line":560,"column":73}},"222":{"start":{"line":561,"column":8},"end":{"line":561,"column":58}},"223":{"start":{"line":565,"column":4},"end":{"line":565,"column":24}},"224":{"start":{"line":568,"column":2},"end":{"line":568,"column":33}},"225":{"start":{"line":538,"column":13},"end":{"line":538,"column":35}},"226":{"start":{"line":578,"column":34},"end":{"line":588,"column":1}},"227":{"start":{"line":587,"column":2},"end":{"line":587,"column":79}},"228":{"start":{"line":578,"column":13},"end":{"line":578,"column":34}},"229":{"start":{"line":593,"column":43},"end":{"line":612,"column":1}},"230":{"start":{"line":596,"column":2},"end":{"line":598,"column":3}},"231":{"start":{"line":597,"column":4},"end":{"line":597,"column":57}},"232":{"start":{"line":600,"column":20},"end":{"line":600,"column":59}},"233":{"start":{"line":601,"column":16},"end":{"line":601,"column":36}},"234":{"start":{"line":603,"column":2},"end":{"line":605,"column":3}},"235":{"start":{"line":604,"column":4},"end":{"line":604,"column":57}},"236":{"start":{"line":607,"column":17},"end":{"line":607,"column":40}},"237":{"start":{"line":608,"column":17},"end":{"line":608,"column":25}},"238":{"start":{"line":609,"column":18},"end":{"line":609,"column":72}},"239":{"start":{"line":611,"column":2},"end":{"line":611,"column":37}},"240":{"start":{"line":593,"column":13},"end":{"line":593,"column":43}},"241":{"start":{"line":617,"column":44},"end":{"line":685,"column":1}},"242":{"start":{"line":628,"column":32},"end":{"line":628,"column":34}},"243":{"start":{"line":629,"column":29},"end":{"line":629,"column":31}},"244":{"start":{"line":630,"column":18},"end":{"line":630,"column":30}},"245":{"start":{"line":632,"column":2},"end":{"line":634,"column":3}},"246":{"start":{"line":633,"column":4},"end":{"line":633,"column":68}},"247":{"start":{"line":636,"column":22},"end":{"line":640,"column":10}},"248":{"start":{"line":642,"column":2},"end":{"line":684,"column":3}},"249":{"start":{"line":643,"column":20},"end":{"line":643,"column":40}},"250":{"start":{"line":644,"column":29},"end":{"line":645,"column":null}},"251":{"start":{"line":645,"column":6},"end":{"line":645,"column":36}},"252":{"start":{"line":648,"column":4},"end":{"line":673,"column":7}},"253":{"start":{"line":649,"column":25},"end":{"line":649,"column":57}},"254":{"start":{"line":650,"column":6},"end":{"line":650,"column":37}},"255":{"start":{"line":650,"column":30},"end":{"line":650,"column":37}},"256":{"start":{"line":652,"column":29},"end":{"line":652,"column":57}},"257":{"start":{"line":653,"column":29},"end":{"line":653,"column":71}},"258":{"start":{"line":655,"column":8},"end":{"line":656,"column":77}},"259":{"start":{"line":659,"column":6},"end":{"line":663,"column":7}},"260":{"start":{"line":660,"column":8},"end":{"line":660,"column":51}},"261":{"start":{"line":662,"column":8},"end":{"line":662,"column":58}},"262":{"start":{"line":665,"column":6},"end":{"line":672,"column":7}},"263":{"start":{"line":666,"column":8},"end":{"line":666,"column":27}},"264":{"start":{"line":668,"column":8},"end":{"line":670,"column":9}},"265":{"start":{"line":669,"column":10},"end":{"line":669,"column":34}},"266":{"start":{"line":671,"column":8},"end":{"line":671,"column":30}},"267":{"start":{"line":675,"column":4},"end":{"line":680,"column":6}},"268":{"start":{"line":682,"column":4},"end":{"line":682,"column":70}},"269":{"start":{"line":683,"column":4},"end":{"line":683,"column":76}},"270":{"start":{"line":617,"column":13},"end":{"line":617,"column":44}},"271":{"start":{"line":690,"column":38},"end":{"line":734,"column":1}},"272":{"start":{"line":700,"column":32},"end":{"line":700,"column":34}},"273":{"start":{"line":701,"column":18},"end":{"line":701,"column":30}},"274":{"start":{"line":703,"column":2},"end":{"line":705,"column":3}},"275":{"start":{"line":704,"column":4},"end":{"line":704,"column":44}},"276":{"start":{"line":707,"column":2},"end":{"line":733,"column":3}},"277":{"start":{"line":708,"column":20},"end":{"line":708,"column":40}},"278":{"start":{"line":709,"column":29},"end":{"line":710,"column":null}},"279":{"start":{"line":710,"column":6},"end":{"line":710,"column":36}},"280":{"start":{"line":713,"column":4},"end":{"line":724,"column":7}},"281":{"start":{"line":714,"column":25},"end":{"line":714,"column":57}},"282":{"start":{"line":715,"column":6},"end":{"line":715,"column":37}},"283":{"start":{"line":715,"column":30},"end":{"line":715,"column":37}},"284":{"start":{"line":717,"column":29},"end":{"line":717,"column":57}},"285":{"start":{"line":718,"column":29},"end":{"line":718,"column":71}},"286":{"start":{"line":720,"column":6},"end":{"line":723,"column":7}},"287":{"start":{"line":721,"column":8},"end":{"line":721,"column":32}},"288":{"start":{"line":722,"column":8},"end":{"line":722,"column":30}},"289":{"start":{"line":726,"column":4},"end":{"line":729,"column":6}},"290":{"start":{"line":731,"column":4},"end":{"line":731,"column":64}},"291":{"start":{"line":732,"column":4},"end":{"line":732,"column":48}},"292":{"start":{"line":690,"column":13},"end":{"line":690,"column":38}},"293":{"start":{"line":739,"column":41},"end":{"line":757,"column":1}},"294":{"start":{"line":746,"column":18},"end":{"line":746,"column":30}},"295":{"start":{"line":747,"column":2},"end":{"line":747,"column":29}},"296":{"start":{"line":747,"column":16},"end":{"line":747,"column":29}},"297":{"start":{"line":749,"column":19},"end":{"line":749,"column":75}},"298":{"start":{"line":750,"column":2},"end":{"line":756,"column":3}},"299":{"start":{"line":751,"column":4},"end":{"line":751,"column":33}},"300":{"start":{"line":752,"column":4},"end":{"line":752,"column":16}},"301":{"start":{"line":754,"column":4},"end":{"line":754,"column":64}},"302":{"start":{"line":755,"column":4},"end":{"line":755,"column":17}},"303":{"start":{"line":739,"column":13},"end":{"line":739,"column":41}},"304":{"start":{"line":762,"column":36},"end":{"line":820,"column":1}},"305":{"start":{"line":763,"column":35},"end":{"line":772,"column":4}},"306":{"start":{"line":774,"column":18},"end":{"line":774,"column":30}},"307":{"start":{"line":775,"column":2},"end":{"line":775,"column":29}},"308":{"start":{"line":775,"column":16},"end":{"line":775,"column":29}},"309":{"start":{"line":777,"column":2},"end":{"line":817,"column":3}},"310":{"start":{"line":778,"column":20},"end":{"line":778,"column":40}},"311":{"start":{"line":779,"column":4},"end":{"line":779,"column":37}},"312":{"start":{"line":781,"column":4},"end":{"line":814,"column":7}},"313":{"start":{"line":782,"column":20},"end":{"line":782,"column":46}},"314":{"start":{"line":783,"column":19},"end":{"line":783,"column":41}},"315":{"start":{"line":784,"column":6},"end":{"line":784,"column":30}},"316":{"start":{"line":786,"column":6},"end":{"line":813,"column":7}},"317":{"start":{"line":787,"column":8},"end":{"line":787,"column":33}},"318":{"start":{"line":788,"column":8},"end":{"line":788,"column":39}},"319":{"start":{"line":790,"column":27},"end":{"line":790,"column":59}},"320":{"start":{"line":791,"column":8},"end":{"line":794,"column":9}},"321":{"start":{"line":792,"column":10},"end":{"line":793,"column":59}},"322":{"start":{"line":795,"column":8},"end":{"line":798,"column":9}},"323":{"start":{"line":796,"column":10},"end":{"line":797,"column":60}},"324":{"start":{"line":800,"column":23},"end":{"line":803,"column":17}},"325":{"start":{"line":804,"column":19},"end":{"line":804,"column":57}},"326":{"start":{"line":805,"column":8},"end":{"line":812,"column":9}},"327":{"start":{"line":806,"column":10},"end":{"line":808,"column":11}},"328":{"start":{"line":807,"column":12},"end":{"line":807,"column":39}},"329":{"start":{"line":809,"column":10},"end":{"line":811,"column":11}},"330":{"start":{"line":810,"column":12},"end":{"line":810,"column":39}},"331":{"start":{"line":816,"column":4},"end":{"line":816,"column":62}},"332":{"start":{"line":819,"column":2},"end":{"line":819,"column":15}},"333":{"start":{"line":762,"column":13},"end":{"line":762,"column":36}},"334":{"start":{"line":825,"column":38},"end":{"line":873,"column":1}},"335":{"start":{"line":831,"column":32},"end":{"line":831,"column":34}},"336":{"start":{"line":832,"column":18},"end":{"line":832,"column":30}},"337":{"start":{"line":834,"column":2},"end":{"line":836,"column":3}},"338":{"start":{"line":835,"column":4},"end":{"line":835,"column":44}},"339":{"start":{"line":838,"column":14},"end":{"line":838,"column":24}},"340":{"start":{"line":840,"column":2},"end":{"line":872,"column":3}},"341":{"start":{"line":841,"column":20},"end":{"line":841,"column":40}},"342":{"start":{"line":842,"column":29},"end":{"line":843,"column":null}},"343":{"start":{"line":843,"column":6},"end":{"line":843,"column":36}},"344":{"start":{"line":846,"column":4},"end":{"line":863,"column":7}},"345":{"start":{"line":847,"column":20},"end":{"line":847,"column":40}},"346":{"start":{"line":848,"column":6},"end":{"line":848,"column":25}},"347":{"start":{"line":848,"column":18},"end":{"line":848,"column":25}},"348":{"start":{"line":850,"column":21},"end":{"line":851,"column":null}},"349":{"start":{"line":853,"column":24},"end":{"line":853,"column":62}},"350":{"start":{"line":855,"column":6},"end":{"line":862,"column":7}},"351":{"start":{"line":860,"column":8},"end":{"line":860,"column":32}},"352":{"start":{"line":861,"column":8},"end":{"line":861,"column":30}},"353":{"start":{"line":865,"column":4},"end":{"line":868,"column":6}},"354":{"start":{"line":870,"column":4},"end":{"line":870,"column":64}},"355":{"start":{"line":871,"column":4},"end":{"line":871,"column":48}},"356":{"start":{"line":825,"column":13},"end":{"line":825,"column":38}},"357":{"start":{"line":878,"column":37},"end":{"line":926,"column":1}},"358":{"start":{"line":881,"column":45},"end":{"line":881,"column":47}},"359":{"start":{"line":882,"column":18},"end":{"line":882,"column":30}},"360":{"start":{"line":884,"column":2},"end":{"line":884,"column":29}},"361":{"start":{"line":884,"column":16},"end":{"line":884,"column":29}},"362":{"start":{"line":886,"column":2},"end":{"line":923,"column":3}},"363":{"start":{"line":887,"column":20},"end":{"line":887,"column":40}},"364":{"start":{"line":888,"column":25},"end":{"line":890,"column":15}},"365":{"start":{"line":889,"column":32},"end":{"line":889,"column":60}},"366":{"start":{"line":892,"column":16},"end":{"line":892,"column":26}},"367":{"start":{"line":894,"column":4},"end":{"line":920,"column":7}},"368":{"start":{"line":895,"column":20},"end":{"line":895,"column":46}},"369":{"start":{"line":896,"column":19},"end":{"line":896,"column":41}},"370":{"start":{"line":897,"column":25},"end":{"line":897,"column":57}},"371":{"start":{"line":899,"column":25},"end":{"line":899,"column":30}},"372":{"start":{"line":902,"column":21},"end":{"line":903,"column":null}},"373":{"start":{"line":905,"column":24},"end":{"line":905,"column":62}},"374":{"start":{"line":906,"column":6},"end":{"line":909,"column":7}},"375":{"start":{"line":907,"column":8},"end":{"line":907,"column":28}},"376":{"start":{"line":908,"column":8},"end":{"line":908,"column":30}},"377":{"start":{"line":911,"column":6},"end":{"line":919,"column":9}},"378":{"start":{"line":922,"column":4},"end":{"line":922,"column":63}},"379":{"start":{"line":925,"column":2},"end":{"line":925,"column":15}},"380":{"start":{"line":878,"column":13},"end":{"line":878,"column":37}},"381":{"start":{"line":942,"column":18},"end":{"line":942,"column":30}},"382":{"start":{"line":943,"column":2},"end":{"line":943,"column":23}},"383":{"start":{"line":943,"column":16},"end":{"line":943,"column":23}},"384":{"start":{"line":945,"column":2},"end":{"line":959,"column":3}},"385":{"start":{"line":948,"column":4},"end":{"line":954,"column":5}},"386":{"start":{"line":949,"column":6},"end":{"line":949,"column":21}},"387":{"start":{"line":951,"column":23},"end":{"line":951,"column":43}},"388":{"start":{"line":952,"column":27},"end":{"line":952,"column":75}},"389":{"start":{"line":953,"column":6},"end":{"line":953,"column":53}},"390":{"start":{"line":956,"column":4},"end":{"line":956,"column":50}},"391":{"start":{"line":958,"column":4},"end":{"line":958,"column":71}}},"fnMap":{"0":{"name":"(anonymous_0)","decl":{"start":{"line":55,"column":19},"end":{"line":55,"column":38}},"loc":{"start":{"line":55,"column":40},"end":{"line":64,"column":1}}},"1":{"name":"(anonymous_1)","decl":{"start":{"line":69,"column":22},"end":{"line":69,"column":null}},"loc":{"start":{"line":71,"column":14},"end":{"line":78,"column":1}}},"2":{"name":"deepEqual","decl":{"start":{"line":83,"column":9},"end":{"line":83,"column":18}},"loc":{"start":{"line":83,"column":32},"end":{"line":122,"column":1}}},"3":{"name":"(anonymous_3)","decl":{"start":{"line":95,"column":19},"end":{"line":95,"column":20}},"loc":{"start":{"line":95,"column":36},"end":{"line":95,"column":61}}},"4":{"name":"(anonymous_4)","decl":{"start":{"line":106,"column":21},"end":{"line":106,"column":22}},"loc":{"start":{"line":106,"column":30},"end":{"line":106,"column":77}}},"5":{"name":"(anonymous_5)","decl":{"start":{"line":109,"column":23},"end":{"line":109,"column":24}},"loc":{"start":{"line":109,"column":31},"end":{"line":118,"column":5}}},"6":{"name":"hasObjectChanged","decl":{"start":{"line":131,"column":16},"end":{"line":131,"column":32}},"loc":{"start":{"line":131,"column":61},"end":{"line":161,"column":1}}},"7":{"name":"(anonymous_7)","decl":{"start":{"line":166,"column":30},"end":{"line":166,"column":null}},"loc":{"start":{"line":169,"column":13},"end":{"line":174,"column":1}}},"8":{"name":"(anonymous_8)","decl":{"start":{"line":173,"column":21},"end":{"line":173,"column":22}},"loc":{"start":{"line":173,"column":38},"end":{"line":173,"column":66}}},"9":{"name":"(anonymous_9)","decl":{"start":{"line":183,"column":26},"end":{"line":183,"column":27}},"loc":{"start":{"line":183,"column":49},"end":{"line":189,"column":1}}},"10":{"name":"(anonymous_10)","decl":{"start":{"line":194,"column":40},"end":{"line":194,"column":41}},"loc":{"start":{"line":194,"column":67},"end":{"line":198,"column":1}}},"11":{"name":"(anonymous_11)","decl":{"start":{"line":203,"column":29},"end":{"line":203,"column":30}},"loc":{"start":{"line":203,"column":52},"end":{"line":207,"column":1}}},"12":{"name":"(anonymous_12)","decl":{"start":{"line":216,"column":31},"end":{"line":216,"column":null}},"loc":{"start":{"line":219,"column":13},"end":{"line":219,"column":46}}},"13":{"name":"calculateFinalTotal","decl":{"start":{"line":224,"column":16},"end":{"line":224,"column":35}},"loc":{"start":{"line":227,"column":22},"end":{"line":230,"column":1}}},"14":{"name":"(anonymous_14)","decl":{"start":{"line":235,"column":39},"end":{"line":235,"column":40}},"loc":{"start":{"line":244,"column":2},"end":{"line":244,"column":77}}},"15":{"name":"(anonymous_15)","decl":{"start":{"line":253,"column":20},"end":{"line":253,"column":null}},"loc":{"start":{"line":256,"column":12},"end":{"line":312,"column":1}}},"16":{"name":"(anonymous_16)","decl":{"start":{"line":257,"column":36},"end":{"line":257,"column":null}},"loc":{"start":{"line":260,"column":14},"end":{"line":302,"column":3}}},"17":{"name":"(anonymous_17)","decl":{"start":{"line":270,"column":34},"end":{"line":270,"column":35}},"loc":{"start":{"line":270,"column":48},"end":{"line":297,"column":7}}},"18":{"name":"(anonymous_18)","decl":{"start":{"line":275,"column":12},"end":{"line":275,"column":13}},"loc":{"start":{"line":276,"column":14},"end":{"line":278,"column":65}}},"19":{"name":"(anonymous_19)","decl":{"start":{"line":286,"column":14},"end":{"line":286,"column":15}},"loc":{"start":{"line":286,"column":21},"end":{"line":286,"column":69}}},"20":{"name":"(anonymous_20)","decl":{"start":{"line":317,"column":36},"end":{"line":317,"column":37}},"loc":{"start":{"line":323,"column":25},"end":{"line":429,"column":1}}},"21":{"name":"(anonymous_21)","decl":{"start":{"line":332,"column":41},"end":{"line":332,"column":42}},"loc":{"start":{"line":332,"column":48},"end":{"line":332,"column":74}}},"22":{"name":"(anonymous_22)","decl":{"start":{"line":335,"column":36},"end":{"line":335,"column":null}},"loc":{"start":{"line":338,"column":26},"end":{"line":423,"column":3}}},"23":{"name":"(anonymous_23)","decl":{"start":{"line":351,"column":49},"end":{"line":351,"column":50}},"loc":{"start":{"line":351,"column":65},"end":{"line":356,"column":8}}},"24":{"name":"(anonymous_24)","decl":{"start":{"line":361,"column":38},"end":{"line":361,"column":39}},"loc":{"start":{"line":361,"column":68},"end":{"line":420,"column":5}}},"25":{"name":"(anonymous_25)","decl":{"start":{"line":366,"column":10},"end":{"line":366,"column":11}},"loc":{"start":{"line":367,"column":12},"end":{"line":369,"column":63}}},"26":{"name":"(anonymous_26)","decl":{"start":{"line":377,"column":12},"end":{"line":377,"column":13}},"loc":{"start":{"line":377,"column":19},"end":{"line":377,"column":73}}},"27":{"name":"(anonymous_27)","decl":{"start":{"line":434,"column":44},"end":{"line":434,"column":null}},"loc":{"start":{"line":439,"column":4},"end":{"line":492,"column":1}}},"28":{"name":"(anonymous_28)","decl":{"start":{"line":443,"column":18},"end":{"line":443,"column":19}},"loc":{"start":{"line":443,"column":27},"end":{"line":447,"column":3}}},"29":{"name":"(anonymous_29)","decl":{"start":{"line":449,"column":18},"end":{"line":449,"column":19}},"loc":{"start":{"line":449,"column":34},"end":{"line":486,"column":3}}},"30":{"name":"(anonymous_30)","decl":{"start":{"line":451,"column":31},"end":{"line":451,"column":32}},"loc":{"start":{"line":451,"column":51},"end":{"line":467,"column":7}}},"31":{"name":"(anonymous_31)","decl":{"start":{"line":461,"column":24},"end":{"line":461,"column":25}},"loc":{"start":{"line":461,"column":31},"end":{"line":461,"column":57}}},"32":{"name":"(anonymous_32)","decl":{"start":{"line":479,"column":22},"end":{"line":479,"column":23}},"loc":{"start":{"line":479,"column":29},"end":{"line":479,"column":64}}},"33":{"name":"(anonymous_33)","decl":{"start":{"line":497,"column":41},"end":{"line":497,"column":null}},"loc":{"start":{"line":499,"column":24},"end":{"line":533,"column":1}}},"34":{"name":"(anonymous_34)","decl":{"start":{"line":503,"column":22},"end":{"line":503,"column":23}},"loc":{"start":{"line":503,"column":63},"end":{"line":526,"column":3}}},"35":{"name":"(anonymous_35)","decl":{"start":{"line":513,"column":31},"end":{"line":513,"column":32}},"loc":{"start":{"line":513,"column":40},"end":{"line":524,"column":7}}},"36":{"name":"(anonymous_36)","decl":{"start":{"line":515,"column":10},"end":{"line":515,"column":11}},"loc":{"start":{"line":516,"column":12},"end":{"line":518,"column":77}}},"37":{"name":"(anonymous_37)","decl":{"start":{"line":529,"column":12},"end":{"line":529,"column":13}},"loc":{"start":{"line":529,"column":22},"end":{"line":529,"column":41}}},"38":{"name":"(anonymous_38)","decl":{"start":{"line":530,"column":13},"end":{"line":530,"column":14}},"loc":{"start":{"line":530,"column":23},"end":{"line":530,"column":40}}},"39":{"name":"(anonymous_39)","decl":{"start":{"line":538,"column":35},"end":{"line":538,"column":null}},"loc":{"start":{"line":541,"column":12},"end":{"line":569,"column":1}}},"40":{"name":"(anonymous_40)","decl":{"start":{"line":542,"column":25},"end":{"line":542,"column":null}},"loc":{"start":{"line":545,"column":14},"end":{"line":566,"column":3}}},"41":{"name":"(anonymous_41)","decl":{"start":{"line":552,"column":29},"end":{"line":552,"column":30}},"loc":{"start":{"line":552,"column":38},"end":{"line":563,"column":5}}},"42":{"name":"(anonymous_42)","decl":{"start":{"line":554,"column":8},"end":{"line":554,"column":9}},"loc":{"start":{"line":555,"column":10},"end":{"line":556,"column":78}}},"43":{"name":"(anonymous_43)","decl":{"start":{"line":578,"column":34},"end":{"line":578,"column":35}},"loc":{"start":{"line":586,"column":13},"end":{"line":588,"column":1}}},"44":{"name":"(anonymous_44)","decl":{"start":{"line":593,"column":43},"end":{"line":593,"column":null}},"loc":{"start":{"line":595,"column":26},"end":{"line":612,"column":1}}},"45":{"name":"(anonymous_45)","decl":{"start":{"line":617,"column":44},"end":{"line":617,"column":45}},"loc":{"start":{"line":627,"column":27},"end":{"line":685,"column":1}}},"46":{"name":"(anonymous_46)","decl":{"start":{"line":644,"column":44},"end":{"line":644,"column":45}},"loc":{"start":{"line":645,"column":6},"end":{"line":645,"column":36}}},"47":{"name":"(anonymous_47)","decl":{"start":{"line":648,"column":29},"end":{"line":648,"column":30}},"loc":{"start":{"line":648,"column":37},"end":{"line":673,"column":5}}},"48":{"name":"(anonymous_48)","decl":{"start":{"line":690,"column":38},"end":{"line":690,"column":39}},"loc":{"start":{"line":699,"column":4},"end":{"line":734,"column":1}}},"49":{"name":"(anonymous_49)","decl":{"start":{"line":709,"column":44},"end":{"line":709,"column":45}},"loc":{"start":{"line":710,"column":6},"end":{"line":710,"column":36}}},"50":{"name":"(anonymous_50)","decl":{"start":{"line":713,"column":29},"end":{"line":713,"column":30}},"loc":{"start":{"line":713,"column":37},"end":{"line":724,"column":5}}},"51":{"name":"(anonymous_51)","decl":{"start":{"line":739,"column":41},"end":{"line":739,"column":42}},"loc":{"start":{"line":745,"column":14},"end":{"line":757,"column":1}}},"52":{"name":"(anonymous_52)","decl":{"start":{"line":762,"column":36},"end":{"line":762,"column":58}},"loc":{"start":{"line":762,"column":60},"end":{"line":820,"column":1}}},"53":{"name":"(anonymous_53)","decl":{"start":{"line":781,"column":20},"end":{"line":781,"column":21}},"loc":{"start":{"line":781,"column":28},"end":{"line":814,"column":5}}},"54":{"name":"(anonymous_54)","decl":{"start":{"line":825,"column":38},"end":{"line":825,"column":null}},"loc":{"start":{"line":830,"column":4},"end":{"line":873,"column":1}}},"55":{"name":"(anonymous_55)","decl":{"start":{"line":842,"column":44},"end":{"line":842,"column":45}},"loc":{"start":{"line":843,"column":6},"end":{"line":843,"column":36}}},"56":{"name":"(anonymous_56)","decl":{"start":{"line":846,"column":29},"end":{"line":846,"column":30}},"loc":{"start":{"line":846,"column":37},"end":{"line":863,"column":5}}},"57":{"name":"(anonymous_57)","decl":{"start":{"line":878,"column":37},"end":{"line":878,"column":null}},"loc":{"start":{"line":880,"column":33},"end":{"line":926,"column":1}}},"58":{"name":"(anonymous_58)","decl":{"start":{"line":889,"column":23},"end":{"line":889,"column":24}},"loc":{"start":{"line":889,"column":32},"end":{"line":889,"column":60}}},"59":{"name":"(anonymous_59)","decl":{"start":{"line":894,"column":25},"end":{"line":894,"column":26}},"loc":{"start":{"line":894,"column":33},"end":{"line":920,"column":5}}},"60":{"name":"saveFormStateToLocalStorage","decl":{"start":{"line":931,"column":16},"end":{"line":931,"column":43}},"loc":{"start":{"line":941,"column":1},"end":{"line":960,"column":1}}}},"branchMap":{"0":{"loc":{"start":{"line":57,"column":4},"end":{"line":59,"column":5}},"type":"if","locations":[{"start":{"line":57,"column":4},"end":{"line":59,"column":5}}]},"1":{"loc":{"start":{"line":57,"column":8},"end":{"line":57,"column":60}},"type":"binary-expr","locations":[{"start":{"line":57,"column":8},"end":{"line":57,"column":37}},{"start":{"line":57,"column":41},"end":{"line":57,"column":60}}]},"2":{"loc":{"start":{"line":72,"column":2},"end":{"line":72,"column":26}},"type":"if","locations":[{"start":{"line":72,"column":2},"end":{"line":72,"column":26}}]},"3":{"loc":{"start":{"line":84,"column":2},"end":{"line":84,"column":27}},"type":"if","locations":[{"start":{"line":84,"column":2},"end":{"line":84,"column":27}}]},"4":{"loc":{"start":{"line":85,"column":2},"end":{"line":85,"column":43}},"type":"if","locations":[{"start":{"line":85,"column":2},"end":{"line":85,"column":43}}]},"5":{"loc":{"start":{"line":85,"column":6},"end":{"line":85,"column":28}},"type":"binary-expr","locations":[{"start":{"line":85,"column":6},"end":{"line":85,"column":15}},{"start":{"line":85,"column":19},"end":{"line":85,"column":28}}]},"6":{"loc":{"start":{"line":86,"column":2},"end":{"line":86,"column":42}},"type":"if","locations":[{"start":{"line":86,"column":2},"end":{"line":86,"column":42}}]},"7":{"loc":{"start":{"line":88,"column":2},"end":{"line":90,"column":3}},"type":"if","locations":[{"start":{"line":88,"column":2},"end":{"line":90,"column":3}}]},"8":{"loc":{"start":{"line":88,"column":6},"end":{"line":88,"column":44}},"type":"binary-expr","locations":[{"start":{"line":88,"column":6},"end":{"line":88,"column":23}},{"start":{"line":88,"column":27},"end":{"line":88,"column":44}}]},"9":{"loc":{"start":{"line":93,"column":2},"end":{"line":96,"column":3}},"type":"if","locations":[{"start":{"line":93,"column":2},"end":{"line":96,"column":3}}]},"10":{"loc":{"start":{"line":93,"column":6},"end":{"line":93,"column":42}},"type":"binary-expr","locations":[{"start":{"line":93,"column":6},"end":{"line":93,"column":22}},{"start":{"line":93,"column":26},"end":{"line":93,"column":42}}]},"11":{"loc":{"start":{"line":94,"column":4},"end":{"line":94,"column":44}},"type":"if","locations":[{"start":{"line":94,"column":4},"end":{"line":94,"column":44}}]},"12":{"loc":{"start":{"line":99,"column":2},"end":{"line":119,"column":3}},"type":"if","locations":[{"start":{"line":99,"column":2},"end":{"line":119,"column":3}}]},"13":{"loc":{"start":{"line":105,"column":4},"end":{"line":105,"column":52}},"type":"if","locations":[{"start":{"line":105,"column":4},"end":{"line":105,"column":52}}]},"14":{"loc":{"start":{"line":106,"column":4},"end":{"line":107,"column":19}},"type":"if","locations":[{"start":{"line":106,"column":4},"end":{"line":107,"column":19}}]},"15":{"loc":{"start":{"line":113,"column":6},"end":{"line":115,"column":7}},"type":"if","locations":[{"start":{"line":113,"column":6},"end":{"line":115,"column":7}}]},"16":{"loc":{"start":{"line":113,"column":10},"end":{"line":113,"column":62}},"type":"binary-expr","locations":[{"start":{"line":113,"column":10},"end":{"line":113,"column":34}},{"start":{"line":113,"column":38},"end":{"line":113,"column":62}}]},"17":{"loc":{"start":{"line":132,"column":2},"end":{"line":132,"column":43}},"type":"if","locations":[{"start":{"line":132,"column":2},"end":{"line":132,"column":43}}]},"18":{"loc":{"start":{"line":134,"column":2},"end":{"line":141,"column":3}},"type":"if","locations":[{"start":{"line":134,"column":2},"end":{"line":141,"column":3}}]},"19":{"loc":{"start":{"line":135,"column":4},"end":{"line":138,"column":21}},"type":"binary-expr","locations":[{"start":{"line":135,"column":4},"end":{"line":135,"column":33}},{"start":{"line":136,"column":4},"end":{"line":136,"column":22}},{"start":{"line":137,"column":4},"end":{"line":137,"column":32}},{"start":{"line":138,"column":4},"end":{"line":138,"column":21}}]},"20":{"loc":{"start":{"line":149,"column":2},"end":{"line":149,"column":53}},"type":"if","locations":[{"start":{"line":149,"column":2},"end":{"line":149,"column":53}}]},"21":{"loc":{"start":{"line":152,"column":4},"end":{"line":157,"column":5}},"type":"if","locations":[{"start":{"line":152,"column":4},"end":{"line":157,"column":5}}]},"22":{"loc":{"start":{"line":153,"column":6},"end":{"line":154,"column":48}},"type":"binary-expr","locations":[{"start":{"line":153,"column":6},"end":{"line":153,"column":56}},{"start":{"line":154,"column":6},"end":{"line":154,"column":48}}]},"23":{"loc":{"start":{"line":170,"column":2},"end":{"line":170,"column":64}},"type":"if","locations":[{"start":{"line":170,"column":2},"end":{"line":170,"column":64}}]},"24":{"loc":{"start":{"line":170,"column":6},"end":{"line":170,"column":50}},"type":"binary-expr","locations":[{"start":{"line":170,"column":6},"end":{"line":170,"column":26}},{"start":{"line":170,"column":30},"end":{"line":170,"column":50}}]},"25":{"loc":{"start":{"line":171,"column":2},"end":{"line":171,"column":47}},"type":"if","locations":[{"start":{"line":171,"column":2},"end":{"line":171,"column":47}}]},"26":{"loc":{"start":{"line":184,"column":2},"end":{"line":184,"column":66}},"type":"if","locations":[{"start":{"line":184,"column":2},"end":{"line":184,"column":66}}]},"27":{"loc":{"start":{"line":184,"column":6},"end":{"line":184,"column":54}},"type":"binary-expr","locations":[{"start":{"line":184,"column":6},"end":{"line":184,"column":29}},{"start":{"line":184,"column":33},"end":{"line":184,"column":54}}]},"28":{"loc":{"start":{"line":204,"column":2},"end":{"line":204,"column":67}},"type":"if","locations":[{"start":{"line":204,"column":2},"end":{"line":204,"column":67}}]},"29":{"loc":{"start":{"line":204,"column":6},"end":{"line":204,"column":52}},"type":"binary-expr","locations":[{"start":{"line":204,"column":6},"end":{"line":204,"column":28}},{"start":{"line":204,"column":32},"end":{"line":204,"column":52}}]},"30":{"loc":{"start":{"line":229,"column":10},"end":{"line":229,"column":25}},"type":"binary-expr","locations":[{"start":{"line":229,"column":10},"end":{"line":229,"column":20}},{"start":{"line":229,"column":24},"end":{"line":229,"column":25}}]},"31":{"loc":{"start":{"line":229,"column":30},"end":{"line":229,"column":47}},"type":"binary-expr","locations":[{"start":{"line":229,"column":30},"end":{"line":229,"column":42}},{"start":{"line":229,"column":46},"end":{"line":229,"column":47}}]},"32":{"loc":{"start":{"line":229,"column":52},"end":{"line":229,"column":69}},"type":"binary-expr","locations":[{"start":{"line":229,"column":52},"end":{"line":229,"column":64}},{"start":{"line":229,"column":68},"end":{"line":229,"column":69}}]},"33":{"loc":{"start":{"line":244,"column":15},"end":{"line":244,"column":31}},"type":"binary-expr","locations":[{"start":{"line":244,"column":15},"end":{"line":244,"column":26}},{"start":{"line":244,"column":30},"end":{"line":244,"column":31}}]},"34":{"loc":{"start":{"line":244,"column":36},"end":{"line":244,"column":53}},"type":"binary-expr","locations":[{"start":{"line":244,"column":36},"end":{"line":244,"column":48}},{"start":{"line":244,"column":52},"end":{"line":244,"column":53}}]},"35":{"loc":{"start":{"line":244,"column":58},"end":{"line":244,"column":75}},"type":"binary-expr","locations":[{"start":{"line":244,"column":58},"end":{"line":244,"column":70}},{"start":{"line":244,"column":74},"end":{"line":244,"column":75}}]},"36":{"loc":{"start":{"line":259,"column":4},"end":{"line":259,"column":36}},"type":"default-arg","locations":[{"start":{"line":259,"column":27},"end":{"line":259,"column":36}}]},"37":{"loc":{"start":{"line":261,"column":23},"end":{"line":261,"column":40}},"type":"binary-expr","locations":[{"start":{"line":261,"column":23},"end":{"line":261,"column":35}},{"start":{"line":261,"column":39},"end":{"line":261,"column":40}}]},"38":{"loc":{"start":{"line":263,"column":23},"end":{"line":263,"column":72}},"type":"binary-expr","locations":[{"start":{"line":263,"column":23},"end":{"line":263,"column":46}},{"start":{"line":263,"column":50},"end":{"line":263,"column":72}}]},"39":{"loc":{"start":{"line":264,"column":4},"end":{"line":266,"column":5}},"type":"if","locations":[{"start":{"line":264,"column":4},"end":{"line":266,"column":5}}]},"40":{"loc":{"start":{"line":269,"column":4},"end":{"line":298,"column":5}},"type":"if","locations":[{"start":{"line":269,"column":4},"end":{"line":298,"column":5}}]},"41":{"loc":{"start":{"line":269,"column":8},"end":{"line":269,"column":61}},"type":"binary-expr","locations":[{"start":{"line":269,"column":8},"end":{"line":269,"column":27}},{"start":{"line":269,"column":31},"end":{"line":269,"column":61}}]},"42":{"loc":{"start":{"line":273,"column":8},"end":{"line":288,"column":9}},"type":"if","locations":[{"start":{"line":273,"column":8},"end":{"line":288,"column":9}},{"start":{"line":280,"column":15},"end":{"line":288,"column":9}}]},"43":{"loc":{"start":{"line":276,"column":14},"end":{"line":278,"column":65}},"type":"binary-expr","locations":[{"start":{"line":276,"column":14},"end":{"line":276,"column":19}},{"start":{"line":277,"column":14},"end":{"line":277,"column":33}},{"start":{"line":278,"column":14},"end":{"line":278,"column":65}}]},"44":{"loc":{"start":{"line":280,"column":15},"end":{"line":288,"column":9}},"type":"if","locations":[{"start":{"line":280,"column":15},"end":{"line":288,"column":9}}]},"45":{"loc":{"start":{"line":282,"column":12},"end":{"line":286,"column":null}},"type":"binary-expr","locations":[{"start":{"line":282,"column":13},"end":{"line":284,"column":25}},{"start":{"line":285,"column":12},"end":{"line":286,"column":null}}]},"46":{"loc":{"start":{"line":282,"column":13},"end":{"line":284,"column":25}},"type":"cond-expr","locations":[{"start":{"line":283,"column":16},"end":{"line":283,"column":50}},{"start":{"line":284,"column":16},"end":{"line":284,"column":25}}]},"47":{"loc":{"start":{"line":282,"column":13},"end":{"line":282,"column":84}},"type":"binary-expr","locations":[{"start":{"line":282,"column":13},"end":{"line":282,"column":38}},{"start":{"line":282,"column":42},"end":{"line":282,"column":84}}]},"48":{"loc":{"start":{"line":286,"column":21},"end":{"line":286,"column":69}},"type":"binary-expr","locations":[{"start":{"line":286,"column":21},"end":{"line":286,"column":52}},{"start":{"line":286,"column":56},"end":{"line":286,"column":69}}]},"49":{"loc":{"start":{"line":290,"column":8},"end":{"line":296,"column":9}},"type":"if","locations":[{"start":{"line":290,"column":8},"end":{"line":296,"column":9}}]},"50":{"loc":{"start":{"line":304,"column":25},"end":{"line":304,"column":48}},"type":"binary-expr","locations":[{"start":{"line":304,"column":25},"end":{"line":304,"column":43}},{"start":{"line":304,"column":47},"end":{"line":304,"column":48}}]},"51":{"loc":{"start":{"line":306,"column":2},"end":{"line":309,"column":3}},"type":"if","locations":[{"start":{"line":306,"column":2},"end":{"line":309,"column":3}}]},"52":{"loc":{"start":{"line":306,"column":6},"end":{"line":306,"column":71}},"type":"binary-expr","locations":[{"start":{"line":306,"column":6},"end":{"line":306,"column":31}},{"start":{"line":306,"column":35},"end":{"line":306,"column":71}}]},"53":{"loc":{"start":{"line":324,"column":2},"end":{"line":326,"column":3}},"type":"if","locations":[{"start":{"line":324,"column":2},"end":{"line":326,"column":3}}]},"54":{"loc":{"start":{"line":324,"column":6},"end":{"line":324,"column":54}},"type":"binary-expr","locations":[{"start":{"line":324,"column":6},"end":{"line":324,"column":22}},{"start":{"line":324,"column":26},"end":{"line":324,"column":54}}]},"55":{"loc":{"start":{"line":333,"column":2},"end":{"line":333,"column":57}},"type":"if","locations":[{"start":{"line":333,"column":2},"end":{"line":333,"column":57}}]},"56":{"loc":{"start":{"line":337,"column":4},"end":{"line":337,"column":30}},"type":"default-arg","locations":[{"start":{"line":337,"column":28},"end":{"line":337,"column":30}}]},"57":{"loc":{"start":{"line":341,"column":4},"end":{"line":343,"column":5}},"type":"if","locations":[{"start":{"line":341,"column":4},"end":{"line":343,"column":5}}]},"58":{"loc":{"start":{"line":341,"column":8},"end":{"line":341,"column":76}},"type":"binary-expr","locations":[{"start":{"line":341,"column":8},"end":{"line":341,"column":34}},{"start":{"line":341,"column":38},"end":{"line":341,"column":76}}]},"59":{"loc":{"start":{"line":355,"column":31},"end":{"line":355,"column":46}},"type":"binary-expr","locations":[{"start":{"line":355,"column":31},"end":{"line":355,"column":41}},{"start":{"line":355,"column":45},"end":{"line":355,"column":46}}]},"60":{"loc":{"start":{"line":364,"column":6},"end":{"line":379,"column":7}},"type":"if","locations":[{"start":{"line":364,"column":6},"end":{"line":379,"column":7}},{"start":{"line":371,"column":13},"end":{"line":379,"column":7}}]},"61":{"loc":{"start":{"line":367,"column":12},"end":{"line":369,"column":63}},"type":"binary-expr","locations":[{"start":{"line":367,"column":12},"end":{"line":367,"column":17}},{"start":{"line":368,"column":12},"end":{"line":368,"column":31}},{"start":{"line":369,"column":12},"end":{"line":369,"column":63}}]},"62":{"loc":{"start":{"line":371,"column":13},"end":{"line":379,"column":7}},"type":"if","locations":[{"start":{"line":371,"column":13},"end":{"line":379,"column":7}}]},"63":{"loc":{"start":{"line":373,"column":10},"end":{"line":377,"column":null}},"type":"binary-expr","locations":[{"start":{"line":373,"column":11},"end":{"line":375,"column":23}},{"start":{"line":376,"column":10},"end":{"line":377,"column":null}}]},"64":{"loc":{"start":{"line":373,"column":11},"end":{"line":375,"column":23}},"type":"cond-expr","locations":[{"start":{"line":374,"column":14},"end":{"line":374,"column":47}},{"start":{"line":375,"column":14},"end":{"line":375,"column":23}}]},"65":{"loc":{"start":{"line":373,"column":11},"end":{"line":373,"column":81}},"type":"binary-expr","locations":[{"start":{"line":373,"column":11},"end":{"line":373,"column":36}},{"start":{"line":373,"column":40},"end":{"line":373,"column":81}}]},"66":{"loc":{"start":{"line":377,"column":19},"end":{"line":377,"column":73}},"type":"binary-expr","locations":[{"start":{"line":377,"column":19},"end":{"line":377,"column":50}},{"start":{"line":377,"column":54},"end":{"line":377,"column":73}}]},"67":{"loc":{"start":{"line":381,"column":6},"end":{"line":384,"column":7}},"type":"if","locations":[{"start":{"line":381,"column":6},"end":{"line":384,"column":7}}]},"68":{"loc":{"start":{"line":387,"column":8},"end":{"line":387,"column":69}},"type":"binary-expr","locations":[{"start":{"line":387,"column":8},"end":{"line":387,"column":36}},{"start":{"line":387,"column":40},"end":{"line":387,"column":69}}]},"69":{"loc":{"start":{"line":390,"column":6},"end":{"line":393,"column":7}},"type":"if","locations":[{"start":{"line":390,"column":6},"end":{"line":393,"column":7}}]},"70":{"loc":{"start":{"line":397,"column":6},"end":{"line":417,"column":7}},"type":"if","locations":[{"start":{"line":397,"column":6},"end":{"line":417,"column":7}},{"start":{"line":404,"column":13},"end":{"line":417,"column":7}}]},"71":{"loc":{"start":{"line":397,"column":10},"end":{"line":397,"column":73}},"type":"binary-expr","locations":[{"start":{"line":397,"column":10},"end":{"line":397,"column":34}},{"start":{"line":397,"column":38},"end":{"line":397,"column":73}}]},"72":{"loc":{"start":{"line":412,"column":20},"end":{"line":412,"column":59}},"type":"binary-expr","locations":[{"start":{"line":412,"column":20},"end":{"line":412,"column":54}},{"start":{"line":412,"column":58},"end":{"line":412,"column":59}}]},"73":{"loc":{"start":{"line":444,"column":4},"end":{"line":446,"column":5}},"type":"if","locations":[{"start":{"line":444,"column":4},"end":{"line":446,"column":5}}]},"74":{"loc":{"start":{"line":450,"column":4},"end":{"line":468,"column":5}},"type":"if","locations":[{"start":{"line":450,"column":4},"end":{"line":468,"column":5}}]},"75":{"loc":{"start":{"line":452,"column":8},"end":{"line":456,"column":9}},"type":"if","locations":[{"start":{"line":452,"column":8},"end":{"line":456,"column":9}}]},"76":{"loc":{"start":{"line":452,"column":12},"end":{"line":452,"column":72}},"type":"binary-expr","locations":[{"start":{"line":452,"column":12},"end":{"line":452,"column":26}},{"start":{"line":452,"column":30},"end":{"line":452,"column":72}}]},"77":{"loc":{"start":{"line":458,"column":8},"end":{"line":466,"column":9}},"type":"if","locations":[{"start":{"line":458,"column":8},"end":{"line":466,"column":9}}]},"78":{"loc":{"start":{"line":459,"column":10},"end":{"line":461,"column":58}},"type":"binary-expr","locations":[{"start":{"line":459,"column":10},"end":{"line":459,"column":39}},{"start":{"line":460,"column":10},"end":{"line":460,"column":35}},{"start":{"line":461,"column":10},"end":{"line":461,"column":58}}]},"79":{"loc":{"start":{"line":470,"column":4},"end":{"line":485,"column":5}},"type":"if","locations":[{"start":{"line":470,"column":4},"end":{"line":485,"column":5}}]},"80":{"loc":{"start":{"line":471,"column":6},"end":{"line":475,"column":7}},"type":"if","locations":[{"start":{"line":471,"column":6},"end":{"line":475,"column":7}}]},"81":{"loc":{"start":{"line":471,"column":10},"end":{"line":471,"column":75}},"type":"binary-expr","locations":[{"start":{"line":471,"column":10},"end":{"line":471,"column":32}},{"start":{"line":471,"column":36},"end":{"line":471,"column":75}}]},"82":{"loc":{"start":{"line":476,"column":6},"end":{"line":484,"column":7}},"type":"if","locations":[{"start":{"line":476,"column":6},"end":{"line":484,"column":7}}]},"83":{"loc":{"start":{"line":477,"column":8},"end":{"line":479,"column":65}},"type":"binary-expr","locations":[{"start":{"line":477,"column":8},"end":{"line":477,"column":45}},{"start":{"line":478,"column":8},"end":{"line":478,"column":41}},{"start":{"line":479,"column":8},"end":{"line":479,"column":65}}]},"84":{"loc":{"start":{"line":503,"column":42},"end":{"line":503,"column":59}},"type":"default-arg","locations":[{"start":{"line":503,"column":58},"end":{"line":503,"column":59}}]},"85":{"loc":{"start":{"line":504,"column":4},"end":{"line":504,"column":56}},"type":"if","locations":[{"start":{"line":504,"column":4},"end":{"line":504,"column":56}}]},"86":{"loc":{"start":{"line":506,"column":20},"end":{"line":506,"column":70}},"type":"binary-expr","locations":[{"start":{"line":506,"column":20},"end":{"line":506,"column":40}},{"start":{"line":506,"column":44},"end":{"line":506,"column":70}}]},"87":{"loc":{"start":{"line":507,"column":4},"end":{"line":507,"column":39}},"type":"if","locations":[{"start":{"line":507,"column":4},"end":{"line":507,"column":39}}]},"88":{"loc":{"start":{"line":512,"column":4},"end":{"line":525,"column":5}},"type":"if","locations":[{"start":{"line":512,"column":4},"end":{"line":525,"column":5}}]},"89":{"loc":{"start":{"line":516,"column":12},"end":{"line":518,"column":77}},"type":"binary-expr","locations":[{"start":{"line":516,"column":13},"end":{"line":516,"column":27}},{"start":{"line":517,"column":14},"end":{"line":517,"column":61}},{"start":{"line":518,"column":13},"end":{"line":518,"column":42}},{"start":{"line":518,"column":46},"end":{"line":518,"column":76}}]},"90":{"loc":{"start":{"line":521,"column":8},"end":{"line":523,"column":9}},"type":"if","locations":[{"start":{"line":521,"column":8},"end":{"line":523,"column":9}}]},"91":{"loc":{"start":{"line":544,"column":4},"end":{"line":544,"column":28}},"type":"default-arg","locations":[{"start":{"line":544,"column":27},"end":{"line":544,"column":28}}]},"92":{"loc":{"start":{"line":546,"column":4},"end":{"line":548,"column":5}},"type":"if","locations":[{"start":{"line":546,"column":4},"end":{"line":548,"column":5}}]},"93":{"loc":{"start":{"line":546,"column":8},"end":{"line":546,"column":75}},"type":"binary-expr","locations":[{"start":{"line":546,"column":8},"end":{"line":546,"column":25}},{"start":{"line":546,"column":29},"end":{"line":546,"column":75}}]},"94":{"loc":{"start":{"line":555,"column":10},"end":{"line":556,"column":78}},"type":"binary-expr","locations":[{"start":{"line":555,"column":11},"end":{"line":555,"column":25}},{"start":{"line":555,"column":29},"end":{"line":555,"column":76}},{"start":{"line":556,"column":11},"end":{"line":556,"column":40}},{"start":{"line":556,"column":44},"end":{"line":556,"column":77}}]},"95":{"loc":{"start":{"line":559,"column":6},"end":{"line":562,"column":7}},"type":"if","locations":[{"start":{"line":559,"column":6},"end":{"line":562,"column":7}}]},"96":{"loc":{"start":{"line":587,"column":38},"end":{"line":587,"column":66}},"type":"cond-expr","locations":[{"start":{"line":587,"column":48},"end":{"line":587,"column":61}},{"start":{"line":587,"column":64},"end":{"line":587,"column":66}}]},"97":{"loc":{"start":{"line":596,"column":2},"end":{"line":598,"column":3}},"type":"if","locations":[{"start":{"line":596,"column":2},"end":{"line":598,"column":3}}]},"98":{"loc":{"start":{"line":596,"column":6},"end":{"line":596,"column":59}},"type":"binary-expr","locations":[{"start":{"line":596,"column":6},"end":{"line":596,"column":17}},{"start":{"line":596,"column":21},"end":{"line":596,"column":59}}]},"99":{"loc":{"start":{"line":603,"column":2},"end":{"line":605,"column":3}},"type":"if","locations":[{"start":{"line":603,"column":2},"end":{"line":605,"column":3}}]},"100":{"loc":{"start":{"line":609,"column":18},"end":{"line":609,"column":72}},"type":"cond-expr","locations":[{"start":{"line":609,"column":37},"end":{"line":609,"column":65}},{"start":{"line":609,"column":68},"end":{"line":609,"column":72}}]},"101":{"loc":{"start":{"line":621,"column":2},"end":{"line":621,"column":16}},"type":"default-arg","locations":[{"start":{"line":621,"column":11},"end":{"line":621,"column":16}}]},"102":{"loc":{"start":{"line":632,"column":2},"end":{"line":634,"column":3}},"type":"if","locations":[{"start":{"line":632,"column":2},"end":{"line":634,"column":3}}]},"103":{"loc":{"start":{"line":636,"column":22},"end":{"line":640,"column":10}},"type":"cond-expr","locations":[{"start":{"line":637,"column":6},"end":{"line":639,"column":16}},{"start":{"line":640,"column":6},"end":{"line":640,"column":10}}]},"104":{"loc":{"start":{"line":637,"column":6},"end":{"line":639,"column":16}},"type":"cond-expr","locations":[{"start":{"line":638,"column":8},"end":{"line":638,"column":14}},{"start":{"line":639,"column":8},"end":{"line":639,"column":16}}]},"105":{"loc":{"start":{"line":650,"column":6},"end":{"line":650,"column":37}},"type":"if","locations":[{"start":{"line":650,"column":6},"end":{"line":650,"column":37}}]},"106":{"loc":{"start":{"line":653,"column":29},"end":{"line":653,"column":71}},"type":"binary-expr","locations":[{"start":{"line":653,"column":29},"end":{"line":653,"column":37}},{"start":{"line":653,"column":41},"end":{"line":653,"column":71}}]},"107":{"loc":{"start":{"line":655,"column":8},"end":{"line":656,"column":77}},"type":"binary-expr","locations":[{"start":{"line":655,"column":8},"end":{"line":655,"column":20}},{"start":{"line":656,"column":9},"end":{"line":656,"column":76}}]},"108":{"loc":{"start":{"line":656,"column":9},"end":{"line":656,"column":76}},"type":"cond-expr","locations":[{"start":{"line":656,"column":29},"end":{"line":656,"column":68}},{"start":{"line":656,"column":71},"end":{"line":656,"column":76}}]},"109":{"loc":{"start":{"line":659,"column":6},"end":{"line":663,"column":7}},"type":"if","locations":[{"start":{"line":659,"column":6},"end":{"line":663,"column":7}},{"start":{"line":661,"column":13},"end":{"line":663,"column":7}}]},"110":{"loc":{"start":{"line":659,"column":10},"end":{"line":659,"column":42}},"type":"binary-expr","locations":[{"start":{"line":659,"column":10},"end":{"line":659,"column":24}},{"start":{"line":659,"column":28},"end":{"line":659,"column":42}}]},"111":{"loc":{"start":{"line":660,"column":21},"end":{"line":660,"column":50}},"type":"binary-expr","locations":[{"start":{"line":660,"column":21},"end":{"line":660,"column":33}},{"start":{"line":660,"column":37},"end":{"line":660,"column":50}}]},"112":{"loc":{"start":{"line":662,"column":21},"end":{"line":662,"column":57}},"type":"cond-expr","locations":[{"start":{"line":662,"column":35},"end":{"line":662,"column":49}},{"start":{"line":662,"column":52},"end":{"line":662,"column":57}}]},"113":{"loc":{"start":{"line":665,"column":6},"end":{"line":672,"column":7}},"type":"if","locations":[{"start":{"line":665,"column":6},"end":{"line":672,"column":7}},{"start":{"line":667,"column":13},"end":{"line":672,"column":7}}]},"114":{"loc":{"start":{"line":668,"column":8},"end":{"line":670,"column":9}},"type":"if","locations":[{"start":{"line":668,"column":8},"end":{"line":670,"column":9}}]},"115":{"loc":{"start":{"line":703,"column":2},"end":{"line":705,"column":3}},"type":"if","locations":[{"start":{"line":703,"column":2},"end":{"line":705,"column":3}}]},"116":{"loc":{"start":{"line":715,"column":6},"end":{"line":715,"column":37}},"type":"if","locations":[{"start":{"line":715,"column":6},"end":{"line":715,"column":37}}]},"117":{"loc":{"start":{"line":718,"column":29},"end":{"line":718,"column":71}},"type":"binary-expr","locations":[{"start":{"line":718,"column":29},"end":{"line":718,"column":37}},{"start":{"line":718,"column":41},"end":{"line":718,"column":71}}]},"118":{"loc":{"start":{"line":720,"column":6},"end":{"line":723,"column":7}},"type":"if","locations":[{"start":{"line":720,"column":6},"end":{"line":723,"column":7}}]},"119":{"loc":{"start":{"line":720,"column":10},"end":{"line":720,"column":42}},"type":"binary-expr","locations":[{"start":{"line":720,"column":10},"end":{"line":720,"column":24}},{"start":{"line":720,"column":28},"end":{"line":720,"column":42}}]},"120":{"loc":{"start":{"line":747,"column":2},"end":{"line":747,"column":29}},"type":"if","locations":[{"start":{"line":747,"column":2},"end":{"line":747,"column":29}}]},"121":{"loc":{"start":{"line":775,"column":2},"end":{"line":775,"column":29}},"type":"if","locations":[{"start":{"line":775,"column":2},"end":{"line":775,"column":29}}]},"122":{"loc":{"start":{"line":782,"column":20},"end":{"line":782,"column":46}},"type":"binary-expr","locations":[{"start":{"line":782,"column":20},"end":{"line":782,"column":40}},{"start":{"line":782,"column":44},"end":{"line":782,"column":46}}]},"123":{"loc":{"start":{"line":786,"column":6},"end":{"line":813,"column":7}},"type":"if","locations":[{"start":{"line":786,"column":6},"end":{"line":813,"column":7}}]},"124":{"loc":{"start":{"line":791,"column":8},"end":{"line":794,"column":9}},"type":"if","locations":[{"start":{"line":791,"column":8},"end":{"line":794,"column":9}}]},"125":{"loc":{"start":{"line":793,"column":13},"end":{"line":793,"column":53}},"type":"binary-expr","locations":[{"start":{"line":793,"column":13},"end":{"line":793,"column":48}},{"start":{"line":793,"column":52},"end":{"line":793,"column":53}}]},"126":{"loc":{"start":{"line":795,"column":8},"end":{"line":798,"column":9}},"type":"if","locations":[{"start":{"line":795,"column":8},"end":{"line":798,"column":9}}]},"127":{"loc":{"start":{"line":797,"column":13},"end":{"line":797,"column":54}},"type":"binary-expr","locations":[{"start":{"line":797,"column":13},"end":{"line":797,"column":49}},{"start":{"line":797,"column":53},"end":{"line":797,"column":54}}]},"128":{"loc":{"start":{"line":804,"column":19},"end":{"line":804,"column":57}},"type":"binary-expr","locations":[{"start":{"line":804,"column":19},"end":{"line":804,"column":36}},{"start":{"line":804,"column":40},"end":{"line":804,"column":57}}]},"129":{"loc":{"start":{"line":805,"column":8},"end":{"line":812,"column":9}},"type":"if","locations":[{"start":{"line":805,"column":8},"end":{"line":812,"column":9}}]},"130":{"loc":{"start":{"line":805,"column":12},"end":{"line":805,"column":40}},"type":"binary-expr","locations":[{"start":{"line":805,"column":12},"end":{"line":805,"column":14}},{"start":{"line":805,"column":18},"end":{"line":805,"column":40}}]},"131":{"loc":{"start":{"line":806,"column":10},"end":{"line":808,"column":11}},"type":"if","locations":[{"start":{"line":806,"column":10},"end":{"line":808,"column":11}}]},"132":{"loc":{"start":{"line":806,"column":14},"end":{"line":806,"column":66}},"type":"binary-expr","locations":[{"start":{"line":806,"column":14},"end":{"line":806,"column":36}},{"start":{"line":806,"column":40},"end":{"line":806,"column":66}}]},"133":{"loc":{"start":{"line":809,"column":10},"end":{"line":811,"column":11}},"type":"if","locations":[{"start":{"line":809,"column":10},"end":{"line":811,"column":11}}]},"134":{"loc":{"start":{"line":809,"column":14},"end":{"line":809,"column":66}},"type":"binary-expr","locations":[{"start":{"line":809,"column":14},"end":{"line":809,"column":36}},{"start":{"line":809,"column":40},"end":{"line":809,"column":66}}]},"135":{"loc":{"start":{"line":826,"column":2},"end":{"line":826,"column":47}},"type":"default-arg","locations":[{"start":{"line":826,"column":21},"end":{"line":826,"column":47}}]},"136":{"loc":{"start":{"line":834,"column":2},"end":{"line":836,"column":3}},"type":"if","locations":[{"start":{"line":834,"column":2},"end":{"line":836,"column":3}}]},"137":{"loc":{"start":{"line":848,"column":6},"end":{"line":848,"column":25}},"type":"if","locations":[{"start":{"line":848,"column":6},"end":{"line":848,"column":25}}]},"138":{"loc":{"start":{"line":853,"column":24},"end":{"line":853,"column":62}},"type":"binary-expr","locations":[{"start":{"line":853,"column":24},"end":{"line":853,"column":41}},{"start":{"line":853,"column":45},"end":{"line":853,"column":62}}]},"139":{"loc":{"start":{"line":855,"column":6},"end":{"line":862,"column":7}},"type":"if","locations":[{"start":{"line":855,"column":6},"end":{"line":862,"column":7}}]},"140":{"loc":{"start":{"line":856,"column":8},"end":{"line":858,"column":34}},"type":"binary-expr","locations":[{"start":{"line":856,"column":8},"end":{"line":856,"column":17}},{"start":{"line":857,"column":8},"end":{"line":857,"column":37}},{"start":{"line":858,"column":8},"end":{"line":858,"column":34}}]},"141":{"loc":{"start":{"line":879,"column":2},"end":{"line":879,"column":39}},"type":"default-arg","locations":[{"start":{"line":879,"column":25},"end":{"line":879,"column":39}}]},"142":{"loc":{"start":{"line":884,"column":2},"end":{"line":884,"column":29}},"type":"if","locations":[{"start":{"line":884,"column":2},"end":{"line":884,"column":29}}]},"143":{"loc":{"start":{"line":888,"column":25},"end":{"line":890,"column":15}},"type":"cond-expr","locations":[{"start":{"line":889,"column":8},"end":{"line":889,"column":61}},{"start":{"line":890,"column":8},"end":{"line":890,"column":15}}]},"144":{"loc":{"start":{"line":895,"column":20},"end":{"line":895,"column":46}},"type":"binary-expr","locations":[{"start":{"line":895,"column":20},"end":{"line":895,"column":40}},{"start":{"line":895,"column":44},"end":{"line":895,"column":46}}]},"145":{"loc":{"start":{"line":905,"column":24},"end":{"line":905,"column":62}},"type":"binary-expr","locations":[{"start":{"line":905,"column":24},"end":{"line":905,"column":41}},{"start":{"line":905,"column":45},"end":{"line":905,"column":62}}]},"146":{"loc":{"start":{"line":906,"column":6},"end":{"line":909,"column":7}},"type":"if","locations":[{"start":{"line":906,"column":6},"end":{"line":909,"column":7}}]},"147":{"loc":{"start":{"line":906,"column":10},"end":{"line":906,"column":52}},"type":"binary-expr","locations":[{"start":{"line":906,"column":10},"end":{"line":906,"column":19}},{"start":{"line":906,"column":23},"end":{"line":906,"column":52}}]},"148":{"loc":{"start":{"line":914,"column":16},"end":{"line":914,"column":46}},"type":"binary-expr","locations":[{"start":{"line":914,"column":16},"end":{"line":914,"column":33}},{"start":{"line":914,"column":37},"end":{"line":914,"column":46}}]},"149":{"loc":{"start":{"line":915,"column":17},"end":{"line":915,"column":48}},"type":"binary-expr","locations":[{"start":{"line":915,"column":17},"end":{"line":915,"column":35}},{"start":{"line":915,"column":39},"end":{"line":915,"column":48}}]},"150":{"loc":{"start":{"line":916,"column":16},"end":{"line":916,"column":46}},"type":"binary-expr","locations":[{"start":{"line":916,"column":16},"end":{"line":916,"column":33}},{"start":{"line":916,"column":37},"end":{"line":916,"column":46}}]},"151":{"loc":{"start":{"line":934,"column":2},"end":{"line":934,"column":17}},"type":"default-arg","locations":[{"start":{"line":934,"column":12},"end":{"line":934,"column":17}}]},"152":{"loc":{"start":{"line":943,"column":2},"end":{"line":943,"column":23}},"type":"if","locations":[{"start":{"line":943,"column":2},"end":{"line":943,"column":23}}]},"153":{"loc":{"start":{"line":948,"column":4},"end":{"line":954,"column":5}},"type":"if","locations":[{"start":{"line":948,"column":4},"end":{"line":954,"column":5}},{"start":{"line":950,"column":11},"end":{"line":954,"column":5}}]},"154":{"loc":{"start":{"line":953,"column":22},"end":{"line":953,"column":40}},"type":"binary-expr","locations":[{"start":{"line":953,"column":22},"end":{"line":953,"column":34}},{"start":{"line":953,"column":38},"end":{"line":953,"column":40}}]}},"s":{"0":5,"1":5,"2":5,"3":5,"4":5,"5":5,"6":5,"7":5,"8":5,"9":9,"10":9,"11":9,"12":0,"13":5,"14":8,"15":1,"16":7,"17":7,"18":0,"19":15,"20":6,"21":9,"22":0,"23":9,"24":0,"25":9,"26":0,"27":9,"28":0,"29":0,"30":0,"31":0,"32":9,"33":9,"34":9,"35":9,"36":9,"37":9,"38":1,"39":8,"40":16,"41":0,"42":8,"43":16,"44":16,"45":16,"46":7,"47":9,"48":0,"49":14,"50":7,"51":7,"52":1,"53":6,"54":6,"55":6,"56":6,"57":6,"58":2,"59":4,"60":7,"61":1,"62":3,"63":5,"64":5,"65":0,"66":5,"67":1,"68":4,"69":6,"70":5,"71":5,"72":2,"73":1,"74":1,"75":1,"76":1,"77":1,"78":5,"79":5,"80":0,"81":0,"82":0,"83":5,"84":5,"85":2,"86":0,"87":2,"88":2,"89":5,"90":5,"91":2,"92":5,"93":1,"94":5,"95":2,"96":5,"97":5,"98":2,"99":9,"100":9,"101":9,"102":0,"103":9,"104":9,"105":6,"106":7,"107":0,"108":0,"109":7,"110":7,"111":0,"112":7,"113":7,"114":7,"115":9,"116":9,"117":2,"118":2,"119":2,"120":2,"121":2,"122":5,"123":2,"124":0,"125":2,"126":2,"127":2,"128":2,"129":9,"130":2,"131":0,"132":2,"133":6,"134":6,"135":0,"136":6,"137":6,"138":7,"139":6,"140":6,"141":7,"142":0,"143":0,"144":7,"145":7,"146":0,"147":7,"148":0,"149":0,"150":7,"151":7,"152":7,"153":0,"154":0,"155":7,"156":7,"157":4,"158":4,"159":4,"160":3,"161":3,"162":7,"163":6,"164":2,"165":2,"166":2,"167":5,"168":5,"169":2,"170":2,"171":2,"172":3,"173":3,"174":2,"175":3,"176":2,"177":2,"178":1,"179":2,"180":0,"181":0,"182":3,"183":1,"184":0,"185":1,"186":0,"187":0,"188":2,"189":5,"190":5,"191":1,"192":1,"193":1,"194":2,"195":0,"196":2,"197":2,"198":0,"199":2,"200":2,"201":2,"202":1,"203":1,"204":2,"205":1,"206":1,"207":1,"208":2,"209":1,"210":1,"211":5,"212":5,"213":1,"214":2,"215":1,"216":1,"217":1,"218":1,"219":2,"220":1,"221":1,"222":1,"223":1,"224":1,"225":5,"226":5,"227":9,"228":5,"229":5,"230":9,"231":1,"232":8,"233":8,"234":8,"235":0,"236":8,"237":8,"238":8,"239":8,"240":5,"241":5,"242":1,"243":1,"244":1,"245":1,"246":0,"247":1,"248":1,"249":1,"250":1,"251":2,"252":1,"253":2,"254":2,"255":0,"256":2,"257":2,"258":2,"259":2,"260":1,"261":1,"262":2,"263":1,"264":1,"265":1,"266":1,"267":1,"268":0,"269":0,"270":5,"271":5,"272":1,"273":1,"274":1,"275":0,"276":1,"277":1,"278":1,"279":1,"280":1,"281":1,"282":1,"283":0,"284":1,"285":1,"286":1,"287":1,"288":1,"289":1,"290":0,"291":0,"292":5,"293":5,"294":1,"295":1,"296":0,"297":1,"298":1,"299":1,"300":1,"301":0,"302":0,"303":5,"304":5,"305":1,"306":1,"307":1,"308":0,"309":1,"310":1,"311":1,"312":1,"313":2,"314":2,"315":2,"316":2,"317":2,"318":2,"319":2,"320":2,"321":2,"322":2,"323":0,"324":2,"325":2,"326":2,"327":2,"328":1,"329":2,"330":2,"331":0,"332":1,"333":5,"334":5,"335":1,"336":1,"337":1,"338":0,"339":1,"340":1,"341":1,"342":1,"343":2,"344":1,"345":2,"346":2,"347":0,"348":2,"349":2,"350":2,"351":1,"352":1,"353":1,"354":0,"355":0,"356":5,"357":5,"358":1,"359":1,"360":1,"361":0,"362":1,"363":1,"364":1,"365":2,"366":1,"367":1,"368":2,"369":2,"370":2,"371":2,"372":2,"373":2,"374":2,"375":2,"376":2,"377":2,"378":0,"379":1,"380":5,"381":3,"382":3,"383":0,"384":3,"385":3,"386":1,"387":2,"388":2,"389":2,"390":3,"391":0},"f":{"0":9,"1":8,"2":15,"3":0,"4":16,"5":16,"6":14,"7":5,"8":6,"9":2,"10":0,"11":2,"12":2,"13":1,"14":2,"15":2,"16":9,"17":7,"18":0,"19":0,"20":2,"21":9,"22":6,"23":7,"24":7,"25":0,"26":0,"27":2,"28":3,"29":3,"30":2,"31":0,"32":0,"33":1,"34":2,"35":1,"36":2,"37":2,"38":1,"39":1,"40":2,"41":1,"42":2,"43":9,"44":9,"45":1,"46":2,"47":2,"48":1,"49":1,"50":1,"51":1,"52":1,"53":2,"54":1,"55":2,"56":2,"57":1,"58":2,"59":2,"60":3},"b":{"0":[9],"1":[9,9],"2":[1],"3":[6],"4":[0],"5":[9,9],"6":[0],"7":[0],"8":[9,0],"9":[0],"10":[9,0],"11":[0],"12":[9],"13":[1],"14":[0],"15":[7],"16":[16,7],"17":[7],"18":[1],"19":[7,6,6,6],"20":[2],"21":[1],"22":[7,7],"23":[0],"24":[5,5],"25":[1],"26":[1],"27":[2,2],"28":[0],"29":[2,2],"30":[1,0],"31":[1,0],"32":[1,0],"33":[2,0],"34":[2,0],"35":[2,0],"36":[2],"37":[9,0],"38":[9,0],"39":[0],"40":[6],"41":[9,6],"42":[0,7],"43":[0,0,0],"44":[7],"45":[7,0],"46":[7,0],"47":[7,7],"48":[0,0],"49":[7],"50":[2,0],"51":[2],"52":[2,2],"53":[0],"54":[2,2],"55":[0],"56":[2],"57":[0],"58":[6,6],"59":[7,0],"60":[0,7],"61":[0,0,0],"62":[7],"63":[7,0],"64":[7,0],"65":[7,7],"66":[0,0],"67":[0],"68":[7,0],"69":[0],"70":[4,3],"71":[7,4],"72":[3,0],"73":[3],"74":[2],"75":[1],"76":[2,2],"77":[0],"78":[2,0,0],"79":[1],"80":[0],"81":[1,1],"82":[0],"83":[1,0,0],"84":[1],"85":[0],"86":[2,0],"87":[0],"88":[1],"89":[2,2,1,0],"90":[1],"91":[1],"92":[1],"93":[2,1],"94":[2,2,1,0],"95":[1],"96":[4,5],"97":[1],"98":[9,9],"99":[0],"100":[2,6],"101":[1],"102":[0],"103":[1,0],"104":[0,1],"105":[0],"106":[2,2],"107":[2,2],"108":[2,0],"109":[1,1],"110":[2,1],"111":[1,1],"112":[1,0],"113":[1,1],"114":[1],"115":[0],"116":[0],"117":[1,0],"118":[1],"119":[1,1],"120":[0],"121":[0],"122":[2,0],"123":[2],"124":[2],"125":[2,1],"126":[0],"127":[0,0],"128":[2,0],"129":[2],"130":[2,2],"131":[1],"132":[2,1],"133":[2],"134":[2,1],"135":[0],"136":[0],"137":[0],"138":[2,0],"139":[1],"140":[2,2,2],"141":[1],"142":[0],"143":[1,0],"144":[2,0],"145":[2,0],"146":[2],"147":[2,2],"148":[2,0],"149":[2,2],"150":[2,0],"151":[2],"152":[0],"153":[1,2],"154":[2,1]}}
,"/Users/zumikay/Documents/RealProjects/Refinded_GraduateTracer/GraduateTracer_FRONEND_V2/src/component/InactivityWarning.tsx": {"path":"/Users/zumikay/Documents/RealProjects/Refinded_GraduateTracer/GraduateTracer_FRONEND_V2/src/component/InactivityWarning.tsx","statementMap":{"0":{"start":{"line":1,"column":0},"end":{"line":1,"column":51}},"1":{"start":{"line":2,"column":0},"end":{"line":2,"column":null}},"2":{"start":{"line":14,"column":0},"end":{"line":14,"column":null}},"3":{"start":{"line":27,"column":67},"end":{"line":204,"column":1}},"4":{"start":{"line":34,"column":44},"end":{"line":34,"column":79}},"5":{"start":{"line":35,"column":44},"end":{"line":35,"column":57}},"6":{"start":{"line":37,"column":2},"end":{"line":50,"column":37}},"7":{"start":{"line":38,"column":4},"end":{"line":38,"column":49}},"8":{"start":{"line":38,"column":42},"end":{"line":38,"column":49}},"9":{"start":{"line":40,"column":21},"end":{"line":47,"column":12}},"10":{"start":{"line":41,"column":6},"end":{"line":46,"column":9}},"11":{"start":{"line":42,"column":24},"end":{"line":42,"column":48}},"12":{"start":{"line":43,"column":27},"end":{"line":43,"column":65}},"13":{"start":{"line":44,"column":8},"end":{"line":44,"column":37}},"14":{"start":{"line":45,"column":8},"end":{"line":45,"column":23}},"15":{"start":{"line":49,"column":4},"end":{"line":49,"column":41}},"16":{"start":{"line":49,"column":17},"end":{"line":49,"column":40}},"17":{"start":{"line":52,"column":2},"end":{"line":57,"column":37}},"18":{"start":{"line":53,"column":4},"end":{"line":56,"column":5}},"19":{"start":{"line":54,"column":6},"end":{"line":54,"column":45}},"20":{"start":{"line":55,"column":6},"end":{"line":55,"column":28}},"21":{"start":{"line":59,"column":30},"end":{"line":63,"column":3}},"22":{"start":{"line":60,"column":20},"end":{"line":60,"column":48}},"23":{"start":{"line":61,"column":20},"end":{"line":61,"column":57}},"24":{"start":{"line":62,"column":4},"end":{"line":62,"column":63}},"25":{"start":{"line":65,"column":27},"end":{"line":69,"column":3}},"26":{"start":{"line":66,"column":4},"end":{"line":66,"column":45}},"27":{"start":{"line":66,"column":28},"end":{"line":66,"column":45}},"28":{"start":{"line":67,"column":4},"end":{"line":67,"column":45}},"29":{"start":{"line":67,"column":28},"end":{"line":67,"column":45}},"30":{"start":{"line":68,"column":4},"end":{"line":68,"column":20}},"31":{"start":{"line":71,"column":23},"end":{"line":75,"column":3}},"32":{"start":{"line":72,"column":4},"end":{"line":72,"column":45}},"33":{"start":{"line":72,"column":28},"end":{"line":72,"column":45}},"34":{"start":{"line":73,"column":4},"end":{"line":73,"column":44}},"35":{"start":{"line":73,"column":28},"end":{"line":73,"column":44}},"36":{"start":{"line":74,"column":4},"end":{"line":74,"column":20}},"37":{"start":{"line":77,"column":2},"end":{"line":203,"column":4}},"38":{"start":{"line":111,"column":10},"end":{"line":198,"column":null}},"39":{"start":{"line":27,"column":13},"end":{"line":27,"column":67}},"40":{"start":{"line":207,"column":0},"end":{"line":207,"column":33}}},"fnMap":{"0":{"name":"(anonymous_0)","decl":{"start":{"line":27,"column":67},"end":{"line":27,"co
[...]
"column":4},"end":{"line":91,"column":5}},"loc":{"start":{"line":91,"column":11},"end":{"line":91,"column":53}}},"6":{"name":"(anonymous_6)","decl":{"start":{"line":94,"column":45},"end":{"line":94,"column":46}},"loc":{"start":{"line":94,"column":51},"end":{"line":101,"column":3}}},"7":{"name":"(anonymous_7)","decl":{"start":{"line":103,"column":45},"end":{"line":103,"column":46}},"loc":{"start":{"line":103,"column":51},"end":{"line":109,"column":3}}},"8":{"name":"(anonymous_8)","decl":{"start":{"line":119,"column":35},"end":{"line":119,"column":null}},"loc":{"start":{"line":123,"column":5},"end":{"line":123,"column":37}}},"9":{"name":"(anonymous_9)","decl":{"start":{"line":131,"column":33},"end":{"line":131,"column":null}},"loc":{"start":{"line":135,"column":21},"end":{"line":190,"column":1}}}},"branchMap":{"0":{"loc":{"start":{"line":32,"column":2},"end":{"line":32,"column":30}},"type":"if","locations":[{"start":{"line":32,"column":2},"end":{"line":32,"column":30}}]},"1":{"loc":{"start":{"line":36,"column":16},"end":{"line":36,"column":37}},"type":"binary-expr","locations":[{"start":{"line":36,"column":16},"end":{"line":36,"column":21}},{"start":{"line":36,"column":25},"end":{"line":36,"column":37}}]},"2":{"loc":{"start":{"line":37,"column":4},"end":{"line":37,"column":33}},"type":"if","locations":[{"start":{"line":37,"column":4},"end":{"line":37,"column":33}}]},"3":{"loc":{"start":{"line":41,"column":16},"end":{"line":41,"column":43}},"type":"binary-expr","locations":[{"start":{"line":41,"column":16},"end":{"line":41,"column":24}},{"start":{"line":41,"column":28},"end":{"line":41,"column":43}}]},"4":{"loc":{"start":{"line":42,"column":17},"end":{"line":42,"column":51}},"type":"cond-expr","locations":[{"start":{"line":42,"column":23},"end":{"line":42,"column":39}},{"start":{"line":42,"column":42},"end":{"line":42,"column":51}}]},"5":{"loc":{"start":{"line":44,"column":4},"end":{"line":44,"column":27}},"type":"if","locations":[{"start":{"line":44,"column":4},"end":{"line":44,"column":27}}]},"6":{"loc":{"start":{"line":47,"column":4},"end":{"line":55,"column":5}},"type":"if","locations":[{"start":{"line":47,"column":4},"end":{"line":55,"column":5}}]},"7":{"loc":{"start":{"line":48,"column":6},"end":{"line":52,"column":53}},"type":"binary-expr","locations":[{"start":{"line":48,"column":6},"end":{"line":48,"column":29}},{"start":{"line":49,"column":6},"end":{"line":49,"column":35}},{"start":{"line":50,"column":6},"end":{"line":50,"column":31}},{"start":{"line":51,"column":6},"end":{"line":51,"column":45}},{"start":{"line":52,"column":6},"end":{"line":52,"column":53}}]},"8":{"loc":{"start":{"line":58,"column":4},"end":{"line":65,"column":5}},"type":"if","locations":[{"start":{"line":58,"column":4},"end":{"line":65,"column":5}}]},"9":{"loc":{"start":{"line":59,"column":6},"end":{"line":62,"column":43}},"type":"binary-expr","locations":[{"start":{"line":59,"column":6},"end":{"line":59,"column":41}},{"start":{"line":60,"column":6},"end":{"line":60,"column":53}},{"start":{"line":61,"column":6},"end":{"line":61,"column":57}},{"start":{"line":62,"column":6},"end":{"line":62,"column":43}}]},"10":{"loc":{"start":{"line":68,"column":4},"end":{"line":71,"column":5}},"type":"if","locations":[{"start":{"line":68,"column":4},"end":{"line":71,"column":5}}]},"11":{"loc":{"start":{"line":69,"column":25},"end":{"line":69,"column":67}},"type":"binary-expr","locations":[{"start":{"line":69,"column":25},"end":{"line":69,"column":54}},{"start":{"line":69,"column":58},"end":{"line":69,"column":67}}]},"12":{"loc":{"start":{"line":70,"column":6},"end":{"line":70,"column":71}},"type":"if","locations":[{"start":{"line":70,"column":6},"end":{"line":70,"column":71}}]},"13":{"loc":{"start":{"line":81,"column":2},"end":{"line":88,"column":3}},"type":"if","locations":[{"start":{"line":81,"column":2},"end":{"line":88,"column":3}}]},"14":{"loc":{"start":{"line":81,"column":6},"end":{"line":81,"column":45}},"type":"binary-expr","locations":[{"start":{"line":81,"column":6},"end":{"line":81,"column":16}},{"start":{"line":81,"column":20},"end":{"line":81,"column":45}}]},"15":{"loc":{"start":{"line":91,"column":11},"end":{"line":91,"column":53}},"type":"binary-expr","locations":[{"start":{"line":91,"column":11},"end":{"line":91,"column":38}},{"start":{"line":91,"column":42},"end":{"line":91,"column":53}}]},"16":{"loc":{"start":{"line":96,"column":6},"end":{"line":96,"column":78}},"type":"binary-expr","locations":[{"start":{"line":96,"column":6},"end":{"line":96,"column":37}},{"start":{"line":96,"column":41},"end":{"line":96,"column":78}}]},"17":{"loc":{"start":{"line":98,"column":21},"end":{"line":98,"column":57}},"type":"binary-expr","locations":[{"start":{"line":98,"column":21},"end":{"line":98,"column":42}},{"start":{"line":98,"column":46},"end":{"line":98,"column":57}}]},"18":{"loc":{"start":{"line":100,"column":11},"end":{"line":100,"column":46}},"type":"binary-expr","locations":[{"start":{"line":100,"column":11},"end":{"line":100,"column":21}},{"start":{"line":100,"column":25},"end":{"line":100,"column":34}},{"start":{"line":100,"column":38},"end":{"line":100,"column":46}}]},"19":{"loc":{"start":{"line":104,"column":4},"end":{"line":104,"column":53}},"type":"if","locations":[{"start":{"line":104,"column":4},"end":{"line":104,"column":53}}]},"20":{"loc":{"start":{"line":106,"column":21},"end":{"line":106,"column":63}},"type":"binary-expr","locations":[{"start":{"line":106,"column":21},"end":{"line":106,"column":48}},{"start":{"line":106,"column":52},"end":{"line":106,"column":63}}]},"21":{"loc":{"start":{"line":108,"column":11},"end":{"line":108,"column":53}},"type":"binary-expr","locations":[{"start":{"line":108,"column":11},"end":{"line":108,"column":26}},{"start":{"line":108,"column":30},"end":{"line":108,"column":38}},{"start":{"line":108,"column":42},"end":{"line":108,"column":53}}]},"22":{"loc":{"start":{"line":136,"column":2},"end":{"line":149,"column":3}},"type":"if","locations":[{"start":{"line":136,"column":2},"end":{"line":149,"column":3}}]},"23":{"loc":{"start":{"line":137,"column":42},"end":{"line":137,"column":62}},"type":"binary-expr","locations":[{"start":{"line":137,"column":42},"end":{"line":137,"column":56}},{"start":{"line":137,"column":60},"end":{"line":137,"column":62}}]},"24":{"loc":{"start":{"line":140,"column":8},"end":{"line":142,"column":43}},"type":"binary-expr","locations":[{"start":{"line":140,"column":8},"end":{"line":140,"column":24}},{"start":{"line":141,"column":8},"end":{"line":141,"column":33}},{"start":{"line":142,"column":8},"end":{"line":142,"column":43}}]},"25":{"loc":{"start":{"line":151,"column":2},"end":{"line":153,"column":3}},"type":"if","locations":[{"start":{"line":151,"column":2},"end":{"line":153,"column":3}}]},"26":{"loc":{"start":{"line":151,"column":6},"end":{"line":151,"column":55}},"type":"binary-expr","locations":[{"start":{"line":151,"column":6},"end":{"line":151,"column":21}},{"start":{"line":151,"column":25},"end":{"line":151,"column":55}}]},"27":{"loc":{"start":{"line":158,"column":22},"end":{"line":163,"column":4}},"type":"binary-expr","locations":[{"start":{"line":158,"column":22},"end":{"line":158,"column":53}},{"start":{"line":158,"column":57},"end":{"line":163,"column":4}}]},"28":{"loc":{"start":{"line":188,"column":6},"end":{"line":188,"column":71}},"type":"binary-expr","locations":[{"start":{"line":188,"column":6},"end":{"line":188,"column":19}},{"start":{"line":188,"column":23},"end":{"line":188,"column":38}},{"start":{"line":188,"column":42},"end":{"line":188,"column":71}}]}},"s":{"0":1,"1":1,"2":25,"3":1,"4":1,"5":1,"6":2,"7":7,"8":2,"9":1,"10":1,"11":1,"12":6,"13":6,"14":6,"15":1,"16":5,"17":5,"18":5,"19":0,"20":5,"21":0,"22":5,"23":0,"24":5,"25":5,"26":5,"27":1,"28":4,"29":1,"30":1,"31":0,"32":0,"33":0,"34":0,"35":0,"36":0,"37":0,"38":0,"39":0,"40":0,"41":0,"42":0,"43":0,"44":0,"45":0,"46":0,"47":0,"48":1,"49":1,"50":0,"51":1,"52":1,"53":0,"54":0,"55":0,"56":0,"57":0,"58":0,"59":0,"60":0,"61":0,"62":0,"63":0,"64":0,"65":0,"66":0,"67":1},"f":{"0":25,"1":2,"2":7,"3":5,"4":0,"5":0,"6":0,"7":0,"8":0,"9":0},"b":{"0":[1],"1":[6,0],"2":[6],"3":[5,0],"4":[5,0],"5":[0],"6":[0],"7":[5,5,5,5,5],"8":[0],"9":[5,5,5,5],"10":[5],"11":[5,4],"12":[1],"13":[0],"14":[0,0],"15":[0,0],"16":[0,0],"17":[0,0],"18":[0,0,0],"19":[0],"20":[0,0],"21":[0,0,0],"22":[0],"23":[0,0],"24":[0,0,0],"25":[0],"26":[0,0],"27":[0,0],"28":[0,0,0]}}
,"/Users/zumikay/Documents/RealProjects/Refinded_GraduateTracer/GraduateTracer_FRONEND_V2/src/utils/rangeValidation.ts": {"path":"/Users/zumikay/Documents/RealProjects/Refinded_GraduateTracer/GraduateTracer_FRONEND_V2/src/utils/rangeValidation.ts","statementMap":{"0":{"start":{"line":1,"column":0},"end":{"line":1,"column":75}},"1":{"start":{"line":14,"column":38},"end":{"line":86,"column":1}},"2":{"start":{"line":17,"column":41},"end":{"line":17,"column":43}},"3":{"start":{"line":19,"column":2},"end":{"line":83,"column":5}},"4":{"start":{"line":20,"column":23},"end":{"line":20,"column":78}},"5":{"start":{"line":21,"column":26},"end":{"line":21,"column":75}},"6":{"start":{"line":23,"column":4},"end":{"line":82,"column":5}},"7":{"start":{"line":25,"column":28},"end":{"line":25,"column":48}},"8":{"start":{"line":26,"column":8},"end":{"line":47,"column":9}},"9":{"start":{"line":32,"column":24},"end":{"line":32,"column":41}},"10":{"start":{"line":33,"column":22},"end":{"line":33,"column":37}},"11":{"start":{"line":35,"column":10},"end":{"line":46,"column":11}},"12":{"start":{"line":40,"column":12},"end":{"line":45,"column":15}},"13":{"start":{"line":48,"column":8},"end":{"line":48,"column":14}},"14":{"start":{"line":52,"column":26},"end":{"line":52,"column":44}},"15":{"start":{"line":53,"column":8},"end":{"line":75,"column":9}},"16":{"start":{"line":59,"column":24},"end":{"line":59,"column":39}},"17":{"start":{"line":60,"column":22},"end":{"line":60,"column":35}},"18":{"start":{"line":62,"column":10},"end":{"line":74,"column":11}},"19":{"start":{"line":63,"column":30},"end":{"line":63,"column":45}},"20":{"start":{"line":64,"column":28},"end":{"line":64,"column":41}},"21":{"start":{"line":66,"column":12},"end":{"line":73,"column":13}},"22":{"start":{"line":67,"column":14},"end":{"line":72,"column":17}},"23":{"start":{"line":76,"column":8},"end":{"line":76,"column":14}},"24":{"start":{"line":81,"column":8},"end":{"line":81,"column":14}},"25":{"start":{"line":85,"column":2},"end":{"line":85,"column":16}},"26":{"start":{"line":14,"column":13},"end":{"line":14,"column":38}},"27":{"start":{"line":91,"column":35},"end":{"line":101,"column":1}},"28":{"start":{"line":94,"column":2},"end":{"line":94,"column":55}},"29":{"start":{"line":94,"column":43},"end":{"line":94,"column":55}},"30":{"start":{"line":95,"column":2},"end":{"line":95,"column":60}},"31":{"start":{"line":95,"column":48},"end":{"line":95,"column":60}},"32":{"start":{"line":97,"column":25},"end":{"line":97,"column":30}},"33":{"start":{"line":98,"column":2},"end":{"line":98,"column":72}},"34":{"start":{"line":98,"column":60},"end":{"line":98,"column":72}},"35":{"start":{"line":100,"column":2},"end":{"line":100,"column":22}},"36":{"start":{"line":91,"column":13},"end":{"line":91,"column":35}},"37":{"start":{"line":106,"column":33},"end":{"line":116,"column":1}},"38":{"start":{"line":109,"column":2},"end":{"line":109,"column":55}},"39":{"start":{"line":109,"column":43},"end":{"line":109,"column":55}},"40":{"start":{"line":110,"column":2},"end":{"line":110,"column":60}},"41":{"start":{"line":110,"column":48},"end":{"line":110,"column":60}},"42":{"start":{"line":112,"column":25},"end":{"line":112,"column":30}},"43":{"start":{"line":113,"column":2},"end":{"line":113,"column":50}},"44":{"start":{"line":113,"column":38},"end":{"line":113,"column":50}},"45":{"start":{"line":115,"column":2},"end":{"line":115,"column":33}},"46":{"start":{"line":106,"column":13},"end":{"line":106,"column":33}},"47":{"start":{"line":122,"column":41},"end":{"line":134,"column":1}},"48":{"start":{"line":125,"column":2},"end":{"line":125,"column":37}},"49":{"start":{"line":125,"column":27},"end":{"line":125,"column":37}},"50":{"start":{"line":127,"column":2},"end":{"line":129,"column":3}},"51":{"start":{"line":128,"column":4},"end":{"line":128,"column":67}},"52":{"start":{"line":131,"column":2},"end":{"line":133,"column":18}},"53":{"start":{"line":132,"column":20},"end":{"line":132,"column":69}},"54":{"start":{"line":122,"column":13},"end":{"line":122,"column":41}}},"fnMap":{"0":{"name":"(anonymous_0)","decl":{"start":{"line":14,"column":38},"end":{"line":14,"column":null}},"loc":{"start":{"line":16,"column":28},"end":{"line":86,"column":1}}},"1":{"name":"(anonymous_1)","decl":{"start":{"line":19,"column":20},"end":{"line":19,"column":21}},"loc":{"start":{"line":19,"column":33},"end":{"line":83,"column":3}}},"2":{"name":"(anonymous_2)","decl":{"start":{"line":91,"column":35},"end":{"line":91,"column":null}},"loc":{"start":{"line":93,"column":13},"end":{"line":101,"column":1}}},"3":{"name":"(anonymous_3)","decl":{"start":{"line":106,"column":33},"end":{"line":106,"column":null}},"loc":{"start":{"line":108,"column":13},"end":{"line":116,"column":1}}},"4":{"name":"(anonymous_4)","decl":{"start":{"line":122,"column":41},"end":{"line":122,"column":null}},"loc":{"start":{"line":124,"column":12},"end":{"line":134,"column":1}}},"5":{"name":"(anonymous_5)","decl":{"start":{"line":132,"column":9},"end":{"line":132,"column":10}},"loc":{"start":{"line":132,"column":20},"end":{"line":132,"column":69}}}},"branchMap":{"0":{"loc":{"start":{"line":20,"column":23},"end":{"line":20,"column":78}},"type":"binary-expr","locations":[{"start":{"line":20,"column":23},"end":{"line":20,"column":35}},{"start":{"line":20,"column":39},"end":{"line":20,"column":65}},{"start":{"line":20,"column":69},"end":{"line":20,"column":78}}]},"1":{"loc":{"start":{"line":21,"column":26},"end":{"line":21,"column":75}},"type":"binary-expr","locations":[{"start":{"line":21,"column":26},"end":{"line":21,"column":52}},{"start":{"line":21,"column":56},"end":{"line":21,"column":75}}]},"2":{"loc":{"start":{"line":23,"column":4},"end":{"line":82,"column":5}},"type":"switch","locations":[{"start":{"line":24,"column":6},"end":{"line":49,"column":7}},{"start":{"line":51,"column":6},"end":{"line":77,"column":7}},{"start":{"line":79,"column":6},"end":{"line":81,"column":14}}]},"3":{"loc":{"start":{"line":26,"column":8},"end":{"line":47,"column":9}},"type":"if","locations":[{"start":{"line":26,"column":8},"end":{"line":47,"column":9}}]},"4":{"loc":{"start":{"line":27,"column":10},"end":{"line":30,"column":30}},"type":"binary-expr","locations":[{"start":{"line":27,"column":10},"end":{"line":27,"column":21}},{"start":{"line":28,"column":10},"end":{"line":28,"column":41}},{"start":{"line":29,"column":10},"end":{"line":29,"column":32}},{"start":{"line":30,"column":10},"end":{"line":30,"column":30}}]},"5":{"loc":{"start":{"line":35,"column":10},"end":{"line":46,"column":11}},"type":"if","locations":[{"start":{"line":35,"column":10},"end":{"line":46,"column":11}}]},"6":{"loc":{"start":{"line":36,"column":12},"end":{"line":38,"column":23}},"type":"binary-expr","locations":[{"start":{"line":36,"column":12},"end":{"line":36,"column":37}},{"start":{"line":37,"column":12},"end":{"line":37,"column":35}},{"start":{"line":38,"column":12},"end":{"line":38,"column":23}}]},"7":{"loc":{"start":{"line":53,"column":8},"end":{"line":75,"column":9}},"type":"if","locations":[{"start":{"line":53,"column":8},"end":{"line":75,"column":9}}]},"8":{"loc":{"start":{"line":54,"column":10},"end":{"line":57,"column":28}},"type":"binary-expr","locations":[{"start":{"line":54,"column":10},"end":{"line":54,"column":19}},{"start":{"line":55,"column":10},"end":{"line":55,"column":39}},{"start":{"line":56,"column":10},"end":{"line":56,"column":30}},{"start":{"line":57,"column":10},"end":{"line":57,"column":28}}]},"9":{"loc":{"start":{"line":62,"column":10},"end":{"line":74,"column":11}},"type":"if","locations":[{"start":{"line":62,"column":10},"end":{"line":74,"column":11}}]},"10":{"loc":{"start":{"line":62,"column":14},"end":{"line":62,"column":26}},"type":"binary-expr","locations":[{"start":{"line":62,"column":14},"end":{"line":62,"column":19}},{"start":{"line":62,"column":23},"end":{"line":62,"column":26}}]},"11":{"loc":{"start":{"line":66,"column":12},"end":{"line":73,"column":13}},"type":"if","locations":[{"start":{"line":66,"column":12},"end":{"line":73,"column":13}}]},"12":{"loc":{"start":{"line":94,"column":2},"end":{"line":94,"column":55}},"type":"if","locations":[{"start":{"line":94,"column":2},"end":{"line":94,"column":55}}]},"13":{"loc":{"start":{"line":94,"column":6},"end":{"line":94,"column":41}},"type":"binary-expr","locations":[{"start":{"line":94,"column":6},"end":{"line":94,"column":12}},{"start":{"line":94,"column":16},"end":{"line":94,"column":41}}]},"14":{"loc":{"start":{"line":95,"column":2},"end":{"line":95,"column":60}},"type":"if","locations":[{"start":{"line":95,"column":2},"end":{"line":95,"column":60}}]},"15":{"loc":{"start":{"line":95,"column":6},"end":{"line":95,"column":46}},"type":"binary-expr","locations":[{"start":{"line":95,"column":6},"end":{"line":95,"column":25}},{"start":{"line":95,"column":29},"end":{"line":95,"column":46}}]},"16":{"loc":{"start":{"line":98,"column":2},"end":{"line":98,"column":72}},"type":"if","locations":[{"start":{"line":98,"column":2},"end":{"line":98,"column":72}}]},"17":{"loc":{"start":{"line":98,"column":6},"end":{"line":98,"column":58}},"type":"binary-expr","locations":[{"start":{"line":98,"column":6},"end":{"line":98,"column":31}},{"start":{"line":98,"column":35},"end":{"line":98,"column":58}}]},"18":{"loc":{"start":{"line":109,"column":2},"end":{"line":109,"column":55}},"type":"if","locations":[{"start":{"line":109,"column":2},"end":{"line":109,"column":55}}]},"19":{"loc":{"start":{"line":109,"column":6},"end":{"line":109,"column":41}},"type":"binary-expr","locations":[{"start":{"line":109,"column":6},"end":{"line":109,"column":12}},{"start":{"line":109,"column":16},"end":{"line":109,"column":41}}]},"20":{"loc":{"start":{"line":110,"column":2},"end":{"line":110,"column":60}},"type":"if","locations":[{"start":{"line":110,"column":2},"end":{"line":110,"column":60}}]},"21":{"loc":{"start":{"line":110,"column":6},"end":{"line":110,"column":46}},"type":"binary-expr","locations":[{"start":{"line":110,"column":6},"end":{"line":110,"column":25}},{"start":{"line":110,"column":29},"end":{"line":110,"column":46}}]},"22":{"loc":{"start":{"line":113,"column":2},"end":{"line":113,"column":50}},"type":"if","locations":[{"start":{"line":113,"column":2},"end":{"line":113,"column":50}}]},"23":{"loc":{"start":{"line":113,"column":6},"end":{"line":113,"column":36}},"type":"binary-expr","locations":[{"start":{"line":113,"column":6},"end":{"line":113,"column":12}},{"start":{"line":113,"column":16},"end":{"line":113,"column":20}},{"start":{"line":113,"column":24},"end":{"line":113,"column":36}}]},"24":{"loc":{"start":{"line":125,"column":2},"end":{"line":125,"column":37}},"type":"if","locations":[{"start":{"line":125,"column":2},"end":{"line":125,"column":37}}]},"25":{"loc":{"start":{"line":127,"column":2},"end":{"line":129,"column":3}},"type":"if","locations":[{"start":{"line":127,"column":2},"end":{"line":129,"column":3}}]}},"s":{"0":1,"1":1,"2":6,"3":6,"4":7,"5":7,"6":7,"7":4,"8":4,"9":4,"10":4,"11":4,"12":2,"13":4,"14":2,"15":2,"16":2,"17":2,"18":2,"19":2,"20":2,"21":2,"22":1,"23":2,"24":1,"25":6,"26":1,"27":1,"28":4,"29":1,"30":3,"31":0,"32":3,"33":3,"34":0,"35":3,"36":1,"37":1,"38":4,"39":1,"40":3,"41":0,"42":3,"43":3,"44":0,"45":3,"46":1,"47":1,"48":3,"49":1,"50":2,"51":1,"52":1,"53":2,"54":1},"f":{"0":6,"1":7,"2":4,"3":4,"4":3,"5":2},"b":{"0":[7,0,0],"1":[7,0],"2":[4,2,1],"3":[4],"4":[4,4,4,4],"5":[2],"6":[4,4,4],"7":[2],"8":[2,2,2,2],"9":[2],"10":[2,2],"11":[1],"12":[1],"13":[4,3],"14":[0],"15":[3,3],"16":[0],"17":[3,3],"18":[1],"19":[4,3],"20":[0],"21":[3,3],"22":[0],"23":[3,3,3],"24":[1],"25":[1]}}
}
