{"/Users/zumikay/Documents/RealProjects/Refinded_GraduateTracer/GraduateTracer_FRONEND_V2/src/helperFunc.ts": {"path":"/Users/zumikay/Documents/RealProjects/Refinded_GraduateTracer/GraduateTracer_FRONEND_V2/src/helperFunc.ts","statementMap":{"0":{"start":{"line":5,"column":0},"end":{"line":5,"column":16}},"1":{"start":{"line":788,"column":0},"end":{"line":788,"column":16}},"2":{"start":{"line":807,"column":0},"end":{"line":807,"column":16}},"3":{"start":{"line":3,"column":0},"end":{"line":3,"column":59}},"4":{"start":{"line":6,"column":2},"end":{"line":6,"column":43}},"5":{"start":{"line":6,"column":30},"end":{"line":6,"column":43}},"6":{"start":{"line":8,"column":2},"end":{"line":15,"column":3}},"7":{"start":{"line":14,"column":4},"end":{"line":14,"column":34}},"8":{"start":{"line":17,"column":18},"end":{"line":17,"column":40}},"9":{"start":{"line":18,"column":18},"end":{"line":18,"column":39}},"10":{"start":{"line":20,"column":2},"end":{"line":20,"column":53}},"11":{"start":{"line":20,"column":41},"end":{"line":20,"column":53}},"12":{"start":{"line":22,"column":2},"end":{"line":29,"column":3}},"13":{"start":{"line":23,"column":4},"end":{"line":28,"column":5}},"14":{"start":{"line":27,"column":6},"end":{"line":27,"column":18}},"15":{"start":{"line":31,"column":2},"end":{"line":31,"column":15}},"16":{"start":{"line":34,"column":30},"end":{"line":79,"column":1}},"17":{"start":{"line":36,"column":4},"end":{"line":36,"column":29}},"18":{"start":{"line":36,"column":17},"end":{"line":36,"column":29}},"19":{"start":{"line":38,"column":4},"end":{"line":38,"column":45}},"20":{"start":{"line":38,"column":32},"end":{"line":38,"column":45}},"21":{"start":{"line":40,"column":4},"end":{"line":40,"column":44}},"22":{"start":{"line":40,"column":31},"end":{"line":40,"column":44}},"23":{"start":{"line":42,"column":4},"end":{"line":43,"column":41}},"24":{"start":{"line":43,"column":6},"end":{"line":43,"column":41}},"25":{"start":{"line":46,"column":4},"end":{"line":49,"column":5}},"26":{"start":{"line":47,"column":6},"end":{"line":47,"column":46}},"27":{"start":{"line":47,"column":33},"end":{"line":47,"column":46}},"28":{"start":{"line":48,"column":6},"end":{"line":48,"column":65}},"29":{"start":{"line":48,"column":38},"end":{"line":48,"column":63}},"30":{"start":{"line":52,"column":4},"end":{"line":70,"column":5}},"31":{"start":{"line":53,"column":20},"end":{"line":53,"column":34}},"32":{"start":{"line":54,"column":20},"end":{"line":54,"column":34}},"33":{"start":{"line":56,"column":6},"end":{"line":56,"column":54}},"34":{"start":{"line":56,"column":41},"end":{"line":56,"column":54}},"35":{"start":{"line":57,"column":6},"end":{"line":57,"column":67}},"36":{"start":{"line":57,"column":32},"end":{"line":57,"column":51}},"37":{"start":{"line":57,"column":54},"end":{"line":57,"column":67}},"38":{"start":{"line":59,"column":6},"end":{"line":69,"column":9}},"39":{"start":{"line":60,"column":21},"end":{"line":60,"column":36}},"40":{"start":{"line":61,"column":21},"end":{"line":61,"column":36}},"41":{"start":{"line":64,"column":8},"end":{"line":66,"column":9}},"42":{"start":{"line":65,"column":10},"end":{"line":65,"column":31}},"43":{"start":{"line":68,"column":8},"end":{"line":68,"column":37}},"44":{"start":{"line":72,"column":4},"end":{"line":72,"column":17}},"45":{"start":{"line":75,"column":2},"end":{"line":75,"column":47}},"46":{"start":{"line":75,"column":35},"end":{"line":75,"column":47}},"47":{"start":{"line":78,"column":2},"end":{"line":78,"column":68}},"48":{"start":{"line":78,"column":38},"end":{"line":78,"column":66}},"49":{"start":{"line":34,"column":13},"end":{"line":34,"column":30}},"50":{"start":{"line":81,"column":26},"end":{"line":85,"column":48}},"51":{"start":{"line":82,"column":2},"end":{"line":85,"column":48}},"52":{"start":{"line":81,"column":13},"end":{"line":81,"column":26}},"53":{"start":{"line":86,"column":31},"end":{"line":89,"column":46}},"54":{"start":{"line":89,"column":13},"end":{"line":89,"column":46}},"55":{"start":{"line":86,"column":13},"end":{"line":86,"column":31}},"56":{"start":{"line":94,"column":20},"end":{"line":149,"column":1}},"57":{"start":{"line":98,"column":36},"end":{"line":138,"column":3}},"58":{"start":{"line":102,"column":23},"end":{"line":102,"column":40}},"59":{"start":{"line":104,"column":23},"end":{"line":104,"column":72}},"60":{"start":{"line":105,"column":4},"end":{"line":107,"column":5}},"61":{"start":{"line":106,"column":6},"end":{"line":106,"column":26}},"62":{"start":{"line":108,"column":4},"end":{"line":108,"column":28}},"63":{"start":{"line":110,"column":4},"end":{"line":134,"column":5}},"64":{"start":{"line":111,"column":6},"end":{"line":133,"column":9}},"65":{"start":{"line":114,"column":8},"end":{"line":123,"column":9}},"66":{"start":{"line":115,"column":10},"end":{"line":120,"column":12}},"67":{"start":{"line":117,"column":14},"end":{"line":119,"column":65}},"68":{"start":{"line":121,"column":15},"end":{"line":123,"column":9}},"69":{"start":{"line":122,"column":10},"end":{"line":122,"column":60}},"70":{"start":{"line":125,"column":8},"end":{"line":132,"column":9}},"71":{"start":{"line":127,"column":31},"end":{"line":129,"column":null}},"72":{"start":{"line":131,"column":10},"end":{"line":131,"column":62}},"73":{"start":{"line":136,"column":4},"end":{"line":136,"column":31}},"74":{"start":{"line":137,"column":4},"end":{"line":137,"column":24}},"75":{"start":{"line":140,"column":16},"end":{"line":140,"column":49}},"76":{"start":{"line":143,"column":2},"end":{"line":146,"column":3}},"77":{"start":{"line":144,"column":26},"end":{"line":144,"column":66}},"78":{"start":{"line":145,"column":4},"end":{"line":145,"column":47}},"79":{"start":{"line":148,"column":2},"end":{"line":148,"column":17}},"80":{"start":{"line":151,"column":36},"end":{"line":266,"column":1}},"81":{"start":{"line":158,"column":2},"end":{"line":160,"column":3}},"82":{"start":{"line":159,"column":4},"end":{"line":159,"column":14}},"83":{"start":{"line":162,"column":48},"end":{"line":162,"column":50}},"84":{"start":{"line":163,"column":23},"end":{"line":163,"column":40}},"85":{"start":{"line":165,"column":24},"end":{"line":165,"column":53}},"86":{"start":{"line":167,"column":19},"end":{"line":167,"column":75}},"87":{"start":{"line":167,"column":48},"end":{"line":167,"column":74}},"88":{"start":{"line":169,"column":36},"end":{"line":258,"column":3}},"89":{"start":{"line":173,"column":40},"end":{"line":173,"column":42}},"90":{"start":{"line":175,"column":4},"end":{"line":177,"column":5}},"91":{"start":{"line":176,"column":6},"end":{"line":176,"column":21}},"92":{"start":{"line":179,"column":4},"end":{"line":179,"column":22}},"93":{"start":{"line":182,"column":36},"end":{"line":192,"column":6}},"94":{"start":{"line":186,"column":65},"end":{"line":191,"column":8}},"95":{"start":{"line":194,"column":4},"end":{"line":194,"column":29}},"96":{"start":{"line":197,"column":4},"end":{"line":255,"column":7}},"97":{"start":{"line":200,"column":6},"end":{"line":209,"column":7}},"98":{"start":{"line":201,"column":8},"end":{"line":206,"column":10}},"99":{"start":{"line":203,"column":12},"end":{"line":205,"column":63}},"100":{"start":{"line":207,"column":13},"end":{"line":209,"column":7}},"101":{"start":{"line":208,"column":8},"end":{"line":208,"column":57}},"102":{"start":{"line":211,"column":6},"end":{"line":214,"column":7}},"103":{"start":{"line":212,"column":8},"end":{"line":212,"column":74}},"104":{"start":{"line":213,"column":8},"end":{"line":213,"column":15}},"105":{"start":{"line":217,"column":8},"end":{"line":217,"column":69}},"106":{"start":{"line":218,"column":23},"end":{"line":218,"column":62}},"107":{"start":{"line":220,"column":6},"end":{"line":223,"column":7}},"108":{"start":{"line":221,"column":8},"end":{"line":221,"column":74}},"109":{"start":{"line":222,"column":8},"end":{"line":222,"column":15}},"110":{"start":{"line":225,"column":6},"end":{"line":225,"column":33}},"111":{"start":{"line":228,"column":6},"end":{"line":249,"column":7}},"112":{"start":{"line":229,"column":8},"end":{"line":229,"column":21}},"113":{"start":{"line":230,"column":30},"end":{"line":233,"column":10}},"114":{"start":{"line":235,"column":8},"end":{"line":235,"column":39}},"115":{"start":{"line":237,"column":39},"end":{"line":246,"column":10}},"116":{"start":{"line":248,"column":8},"end":{"line":248,"column":32}},"117":{"start":{"line":254,"column":6},"end":{"line":254,"column":36}},"118":{"start":{"line":257,"column":4},"end":{"line":257,"column":19}},"119":{"start":{"line":261,"column":27},"end":{"line":261,"column":57}},"120":{"start":{"line":263,"column":2},"end":{"line":263,"column":46}},"121":{"start":{"line":265,"column":2},"end":{"line":265,"column":27}},"122":{"start":{"line":151,"column":13},"end":{"line":151,"column":36}},"123":{"start":{"line":271,"column":44},"end":{"line":320,"column":1}},"124":{"start":{"line":277,"column":27},"end":{"line":277,"column":29}},"125":{"start":{"line":278,"column":21},"end":{"line":278,"column":51}},"126":{"start":{"line":281,"column":2},"end":{"line":285,"column":5}},"127":{"start":{"line":282,"column":4},"end":{"line":284,"column":5}},"128":{"start":{"line":283,"column":6},"end":{"line":283,"column":48}},"129":{"start":{"line":288,"column":2},"end":{"line":314,"column":5}},"130":{"start":{"line":289,"column":4},"end":{"line":304,"column":5}},"131":{"start":{"line":290,"column":6},"end":{"line":303,"column":9}},"132":{"start":{"line":292,"column":8},"end":{"line":296,"column":9}},"133":{"start":{"line":293,"column":10},"end":{"line":295,"column":12}},"134":{"start":{"line":298,"column":8},"end":{"line":302,"column":9}},"135":{"start":{"line":299,"column":10},"end":{"line":301,"column":12}},"136":{"start":{"line":307,"column":4},"end":{"line":313,"column":5}},"137":{"start":{"line":308,"column":6},"end":{"line":312,"column":7}},"138":{"start":{"line":309,"column":8},"end":{"line":311,"column":10}},"139":{"start":{"line":316,"column":2},"end":{"line":319,"column":4}},"140":{"start":{"line":271,"column":13},"end":{"line":271,"column":44}},"141":{"start":{"line":325,"column":41},"end":{"line":363,"column":1}},"142":{"start":{"line":328,"column":40},"end":{"line":328,"column":42}},"143":{"start":{"line":329,"column":20},"end":{"line":329,"column":37}},"144":{"start":{"line":331,"column":22},"end":{"line":355,"column":3}},"145":{"start":{"line":332,"column":4},"end":{"line":332,"column":27}},"146":{"start":{"line":332,"column":20},"end":{"line":332,"column":27}},"147":{"start":{"line":334,"column":20},"end":{"line":334,"column":70}},"148":{"start":{"line":335,"column":4},"end":{"line":335,"column":39}},"149":{"start":{"line":335,"column":32},"end":{"line":335,"column":39}},"150":{"start":{"line":337,"column":4},"end":{"line":337,"column":27}},"151":{"start":{"line":338,"column":4},"end":{"line":338,"column":25}},"152":{"start":{"line":341,"column":4},"end":{"line":354,"column":5}},"153":{"start":{"line":342,"column":6},"end":{"line":353,"column":9}},"154":{"start":{"line":343,"column":29},"end":{"line":347,"column":null}},"155":{"start":{"line":345,"column":12},"end":{"line":347,"column":77}},"156":{"start":{"line":350,"column":8},"end":{"line":352,"column":9}},"157":{"start":{"line":351,"column":10},"end":{"line":351,"column":47}},"158":{"start":{"line":358,"column":2},"end":{"line":360,"column":42}},"159":{"start":{"line":359,"column":22},"end":{"line":359,"column":41}},"160":{"start":{"line":360,"column":23},"end":{"line":360,"column":40}},"161":{"start":{"line":362,"column":2},"end":{"line":362,"column":19}},"162":{"start":{"line":325,"column":13},"end":{"line":325,"column":41}},"163":{"start":{"line":365,"column":35},"end":{"line":394,"column":1}},"164":{"start":{"line":369,"column":25},"end":{"line":391,"column":3}},"165":{"start":{"line":373,"column":4},"end":{"line":373,"column":68}},"166":{"start":{"line":373,"column":48},"end":{"line":373,"column":68}},"167":{"start":{"line":375,"column":23},"end":{"line":375,"column":35}},"168":{"start":{"line":377,"column":4},"end":{"line":388,"column":7}},"169":{"start":{"line":378,"column":27},"end":{"line":381,"column":null}},"170":{"start":{"line":380,"column":10},"end":{"line":381,"column":78}},"171":{"start":{"line":384,"column":6},"end":{"line":387,"column":7}},"172":{"start":{"line":385,"column":27},"end":{"line":385,"column":73}},"173":{"start":{"line":386,"column":8},"end":{"line":386,"column":58}},"174":{"start":{"line":390,"column":4},"end":{"line":390,"column":24}},"175":{"start":{"line":393,"column":2},"end":{"line":393,"column":33}},"176":{"start":{"line":365,"column":13},"end":{"line":365,"column":35}},"177":{"start":{"line":396,"column":40},"end":{"line":400,"column":1}},"178":{"start":{"line":397,"column":15},"end":{"line":397,"column":45}},"179":{"start":{"line":398,"column":2},"end":{"line":398,"column":28}},"180":{"start":{"line":399,"column":2},"end":{"line":399,"column":28}},"181":{"start":{"line":396,"column":13},"end":{"line":396,"column":40}},"182":{"start":{"line":402,"column":29},"end":{"line":408,"column":1}},"183":{"start":{"line":403,"column":14},"end":{"line":403,"column":24}},"184":{"start":{"line":404,"column":17},"end":{"line":404,"column":46}},"185":{"start":{"line":405,"column":19},"end":{"line":405,"column":38}},"186":{"start":{"line":407,"column":2},"end":{"line":407,"column":27}},"187":{"start":{"line":402,"column":13},"end":{"line":402,"column":29}},"188":{"start":{"line":410,"column":34},"end":{"line":420,"column":1}},"189":{"start":{"line":419,"column":2},"end":{"line":419,"column":76}},"190":{"start":{"line":410,"column":13},"end":{"line":410,"column":34}},"191":{"start":{"line":422,"column":43},"end":{"line":450,"column":1}},"192":{"start":{"line":429,"column":17},"end":{"line":429,"column":33}},"193":{"start":{"line":431,"column":2},"end":{"line":433,"column":3}},"194":{"start":{"line":432,"column":4},"end":{"line":432,"column":57}},"195":{"start":{"line":435,"column":20},"end":{"line":435,"column":51}},"196":{"start":{"line":437,"column":16},"end":{"line":437,"column":36}},"197":{"start":{"line":439,"column":2},"end":{"line":441,"column":3}},"198":{"start":{"line":440,"column":4},"end":{"line":440,"column":57}},"199":{"start":{"line":443,"column":17},"end":{"line":443,"column":40}},"200":{"start":{"line":445,"column":17},"end":{"line":445,"column":25}},"201":{"start":{"line":447,"column":18},"end":{"line":447,"column":72}},"202":{"start":{"line":449,"column":2},"end":{"line":449,"column":37}},"203":{"start":{"line":422,"column":13},"end":{"line":422,"column":43}},"204":{"start":{"line":452,"column":44},"end":{"line":539,"column":1}},"205":{"start":{"line":468,"column":32},"end":{"line":468,"column":34}},"206":{"start":{"line":469,"column":29},"end":{"line":469,"column":31}},"207":{"start":{"line":470,"column":17},"end":{"line":470,"column":33}},"208":{"start":{"line":473,"column":22},"end":{"line":477,"column":10}},"209":{"start":{"line":479,"column":2},"end":{"line":538,"column":3}},"210":{"start":{"line":481,"column":20},"end":{"line":481,"column":45}},"211":{"start":{"line":484,"column":29},"end":{"line":484,"column":76}},"212":{"start":{"line":484,"column":53},"end":{"line":484,"column":75}},"213":{"start":{"line":486,"column":4},"end":{"line":522,"column":7}},"214":{"start":{"line":487,"column":25},"end":{"line":487,"column":57}},"215":{"start":{"line":490,"column":6},"end":{"line":492,"column":7}},"216":{"start":{"line":491,"column":8},"end":{"line":491,"column":15}},"217":{"start":{"line":495,"column":23},"end":{"line":495,"column":27}},"218":{"start":{"line":498,"column":29},"end":{"line":498,"column":57}},"219":{"start":{"line":501,"column":29},"end":{"line":501,"column":71}},"220":{"start":{"line":505,"column":8},"end":{"line":506,"column":77}},"221":{"start":{"line":508,"column":6},"end":{"line":512,"column":7}},"222":{"start":{"line":509,"column":8},"end":{"line":509,"column":51}},"223":{"start":{"line":511,"column":8},"end":{"line":511,"column":58}},"224":{"start":{"line":514,"column":6},"end":{"line":521,"column":7}},"225":{"start":{"line":515,"column":8},"end":{"line":515,"column":27}},"226":{"start":{"line":517,"column":8},"end":{"line":519,"column":9}},"227":{"start":{"line":518,"column":10},"end":{"line":518,"column":39}},"228":{"start":{"line":520,"column":8},"end":{"line":520,"column":30}},"229":{"start":{"line":524,"column":4},"end":{"line":529,"column":6}},"230":{"start":{"line":531,"column":4},"end":{"line":531,"column":70}},"231":{"start":{"line":532,"column":4},"end":{"line":537,"column":6}},"232":{"start":{"line":452,"column":13},"end":{"line":452,"column":44}},"233":{"start":{"line":541,"column":38},"end":{"line":591,"column":1}},"234":{"start":{"line":551,"column":32},"end":{"line":551,"column":34}},"235":{"start":{"line":552,"column":17},"end":{"line":552,"column":33}},"236":{"start":{"line":554,"column":2},"end":{"line":590,"column":3}},"237":{"start":{"line":556,"column":20},"end":{"line":556,"column":45}},"238":{"start":{"line":559,"column":29},"end":{"line":559,"column":76}},"239":{"start":{"line":559,"column":53},"end":{"line":559,"column":75}},"240":{"start":{"line":561,"column":4},"end":{"line":578,"column":7}},"241":{"start":{"line":562,"column":25},"end":{"line":562,"column":57}},"242":{"start":{"line":565,"column":6},"end":{"line":567,"column":7}},"243":{"start":{"line":566,"column":8},"end":{"line":566,"column":15}},"244":{"start":{"line":570,"column":29},"end":{"line":570,"column":57}},"245":{"start":{"line":571,"column":29},"end":{"line":571,"column":71}},"246":{"start":{"line":574,"column":6},"end":{"line":577,"column":7}},"247":{"start":{"line":575,"column":8},"end":{"line":575,"column":37}},"248":{"start":{"line":576,"column":8},"end":{"line":576,"column":30}},"249":{"start":{"line":580,"column":4},"end":{"line":583,"column":6}},"250":{"start":{"line":585,"column":4},"end":{"line":585,"column":64}},"251":{"start":{"line":586,"column":4},"end":{"line":589,"column":6}},"252":{"start":{"line":541,"column":13},"end":{"line":541,"column":38}},"253":{"start":{"line":593,"column":41},"end":{"line":608,"column":1}},"254":{"start":{"line":600,"column":19},"end":{"line":600,"column":75}},"255":{"start":{"line":601,"column":2},"end":{"line":607,"column":3}},"256":{"start":{"line":602,"column":4},"end":{"line":602,"column":38}},"257":{"start":{"line":603,"column":4},"end":{"line":603,"column":16}},"258":{"start":{"line":605,"column":4},"end":{"line":605,"column":64}},"259":{"start":{"line":606,"column":4},"end":{"line":606,"column":17}},"260":{"start":{"line":593,"column":13},"end":{"line":593,"column":41}},"261":{"start":{"line":610,"column":36},"end":{"line":677,"column":1}},"262":{"start":{"line":620,"column":17},"end":{"line":620,"column":33}},"263":{"start":{"line":621,"column":16},"end":{"line":630,"column":4}},"264":{"start":{"line":632,"column":2},"end":{"line":674,"column":3}},"265":{"start":{"line":633,"column":20},"end":{"line":633,"column":45}},"266":{"start":{"line":634,"column":4},"end":{"line":634,"column":37}},"267":{"start":{"line":636,"column":4},"end":{"line":671,"column":7}},"268":{"start":{"line":637,"column":20},"end":{"line":637,"column":51}},"269":{"start":{"line":638,"column":19},"end":{"line":638,"column":41}},"270":{"start":{"line":639,"column":6},"end":{"line":639,"column":30}},"271":{"start":{"line":641,"column":6},"end":{"line":670,"column":7}},"272":{"start":{"line":642,"column":8},"end":{"line":642,"column":33}},"273":{"start":{"line":643,"column":8},"end":{"line":643,"column":39}},"274":{"start":{"line":645,"column":27},"end":{"line":645,"column":59}},"275":{"start":{"line":646,"column":8},"end":{"line":649,"column":9}},"276":{"start":{"line":647,"column":10},"end":{"line":648,"column":59}},"277":{"start":{"line":650,"column":8},"end":{"line":653,"column":9}},"278":{"start":{"line":651,"column":10},"end":{"line":652,"column":60}},"279":{"start":{"line":656,"column":8},"end":{"line":669,"column":9}},"280":{"start":{"line":657,"column":25},"end":{"line":657,"column":42}},"281":{"start":{"line":658,"column":10},"end":{"line":666,"column":11}},"282":{"start":{"line":659,"column":23},"end":{"line":659,"column":59}},"283":{"start":{"line":660,"column":12},"end":{"line":662,"column":13}},"284":{"start":{"line":661,"column":14},"end":{"line":661,"column":41}},"285":{"start":{"line":663,"column":12},"end":{"line":665,"column":13}},"286":{"start":{"line":664,"column":14},"end":{"line":664,"column":41}},"287":{"start":{"line":673,"column":4},"end":{"line":673,"column":62}},"288":{"start":{"line":676,"column":2},"end":{"line":676,"column":15}},"289":{"start":{"line":610,"column":13},"end":{"line":610,"column":36}},"290":{"start":{"line":679,"column":38},"end":{"line":721,"column":1}},"291":{"start":{"line":685,"column":32},"end":{"line":685,"column":34}},"292":{"start":{"line":686,"column":17},"end":{"line":686,"column":33}},"293":{"start":{"line":687,"column":14},"end":{"line":687,"column":24}},"294":{"start":{"line":689,"column":2},"end":{"line":720,"column":3}},"295":{"start":{"line":690,"column":20},"end":{"line":690,"column":45}},"296":{"start":{"line":691,"column":29},"end":{"line":691,"column":76}},"297":{"start":{"line":691,"column":53},"end":{"line":691,"column":75}},"298":{"start":{"line":693,"column":4},"end":{"line":708,"column":7}},"299":{"start":{"line":694,"column":6},"end":{"line":707,"column":7}},"300":{"start":{"line":695,"column":22},"end":{"line":695,"column":47}},"301":{"start":{"line":696,"column":8},"end":{"line":696,"column":27}},"302":{"start":{"line":696,"column":20},"end":{"line":696,"column":27}},"303":{"start":{"line":698,"column":23},"end":{"line":698,"column":40}},"304":{"start":{"line":699,"column":26},"end":{"line":699,"column":62}},"305":{"start":{"line":701,"column":8},"end":{"line":704,"column":9}},"306":{"start":{"line":702,"column":10},"end":{"line":702,"column":39}},"307":{"start":{"line":703,"column":10},"end":{"line":703,"column":32}},"308":{"start":{"line":710,"column":4},"end":{"line":713,"column":6}},"309":{"start":{"line":715,"column":4},"end":{"line":715,"column":64}},"310":{"start":{"line":716,"column":4},"end":{"line":719,"column":6}},"311":{"start":{"line":679,"column":13},"end":{"line":679,"column":38}},"312":{"start":{"line":723,"column":37},"end":{"line":786,"column":1}},"313":{"start":{"line":742,"column":7},"end":{"line":742,"column":9}},"314":{"start":{"line":744,"column":2},"end":{"line":783,"column":3}},"315":{"start":{"line":745,"column":20},"end":{"line":745,"column":45}},"316":{"start":{"line":746,"column":25},"end":{"line":748,"column":15}},"317":{"start":{"line":747,"column":32},"end":{"line":747,"column":60}},"318":{"start":{"line":750,"column":16},"end":{"line":750,"column":26}},"319":{"start":{"line":752,"column":4},"end":{"line":780,"column":7}},"320":{"start":{"line":753,"column":20},"end":{"line":753,"column":51}},"321":{"start":{"line":754,"column":19},"end":{"line":754,"column":41}},"322":{"start":{"line":755,"column":25},"end":{"line":755,"column":57}},"323":{"start":{"line":757,"column":25},"end":{"line":757,"column":30}},"324":{"start":{"line":760,"column":6},"end":{"line":769,"column":7}},"325":{"start":{"line":761,"column":23},"end":{"line":761,"column":40}},"326":{"start":{"line":762,"column":26},"end":{"line":762,"column":62}},"327":{"start":{"line":763,"column":8},"end":{"line":766,"column":9}},"328":{"start":{"line":764,"column":10},"end":{"line":764,"column":30}},"329":{"start":{"line":765,"column":10},"end":{"line":765,"column":32}},"330":{"start":{"line":771,"column":6},"end":{"line":779,"column":9}},"331":{"start":{"line":782,"column":4},"end":{"line":782,"column":63}},"332":{"start":{"line":785,"column":2},"end":{"line":785,"column":15}},"333":{"start":{"line":723,"column":13},"end":{"line":723,"column":37}},"334":{"start":{"line":797,"column":19},"end":{"line":797,"column":51}},"335":{"start":{"line":799,"column":2},"end":{"line":804,"column":4}},"336":{"start":{"line":812,"column":2},"end":{"line":812,"column":50}},"337":{"start":{"line":815,"column":39},"end":{"line":823,"column":60}},"338":{"start":{"line":823,"column":6},"end":{"line":823,"column":60}},"339":{"start":{"line":815,"column":13},"end":{"line":815,"column":39}}},"fnMap":{"0":{"name":"hasObjectChanged","decl":{"start":{"line":5,"column":16},"end":{"line":5,"column":32}},"loc":{"start":{"line":5,"column":61},"end":{"line":32,"column":1}}},"1":{"name":"(anonymous_1)","decl":{"start":{"line":34,"column":30},"end":{"line":34,"column":31}},"loc":{"start":{"line":34,"column":75},"end":{"line":79,"column":1}}},"2":{"name":"deepEqual","decl":{"start":{"line":35,"column":11},"end":{"line":35,"column":20}},"loc":{"start":{"line":35,"column":34},"end":{"line":73,"column":3}}},"3":{"name":"(anonymous_3)","decl":{"start":{"line":48,"column":21},"end":{"line":48,"column":22}},"loc":{"start":{"line":48,"column":38},"end":{"line":48,"column":63}}},"4":{"name":"(anonymous_4)","decl":{"start":{"line":57,"column":23},"end":{"line":57,"column":24}},"loc":{"start":{"line":57,"column":32},"end":{"line":57,"column":51}}},"5":{"name":"(anonymous_5)","decl":{"start":{"line":59,"column":25},"end":{"line":59,"column":26}},"loc":{"start":{"line":59,"column":33},"end":{"line":69,"column":7}}},"6":{"name":"(anonymous_6)","decl":{"start":{"line":78,"column":21},"end":{"line":78,"column":22}},"loc":{"start":{"line":78,"column":38},"end":{"line":78,"column":66}}},"7":{"name":"(anonymous_7)","decl":{"start":{"line":81,"column":26},"end":{"line":81,"column":27}},"loc":{"start":{"line":82,"column":2},"end":{"line":85,"column":48}}},"8":{"name":"(anonymous_8)","decl":{"start":{"line":86,"column":31},"end":{"line":86,"column":null}},"loc":{"start":{"line":89,"column":13},"end":{"line":89,"column":46}}},"9":{"name":"(anonymous_9)","decl":{"start":{"line":94,"column":20},"end":{"line":94,"column":null}},"loc":{"start":{"line":97,"column":12},"end":{"line":149,"column":1}}},"10":{"name":"(anonymous_10)","decl":{"start":{"line":98,"column":36},"end":{"line":98,"column":null}},"loc":{"start":{"line":101,"column":14},"end":{"line":138,"column":3}}},"11":{"name":"(anonymous_11)","decl":{"start":{"line":111,"column":34},"end":{"line":111,"column":35}},"loc":{"start":{"line":111,"column":48},"end":{"line":133,"column":7}}},"12":{"name":"(anonymous_12)","decl":{"start":{"line":116,"column":12},"end":{"line":116,"column":13}},"loc":{"start":{"line":117,"column":14},"end":{"line":119,"column":65}}},"13":{"name":"(anonymous_13)","decl":{"start":{"line":151,"column":36},"end":{"line":151,"column":37}},"loc":{"start":{"line":157,"column":30},"end":{"line":266,"column":1}}},"14":{"name":"(anonymous_14)","decl":{"start":{"line":167,"column":41},"end":{"line":167,"column":42}},"loc":{"start":{"line":167,"column":48},"end":{"line":167,"column":74}}},"15":{"name":"(anonymous_15)","decl":{"start":{"line":169,"column":36},"end":{"line":169,"column":null}},"loc":{"start":{"line":172,"column":26},"end":{"line":258,"column":3}}},"16":{"name":"(anonymous_16)","decl":{"start":{"line":186,"column":49},"end":{"line":186,"column":50}},"loc":{"start":{"line":186,"column":65},"end":{"line":191,"column":8}}},"17":{"name":"(anonymous_17)","decl":{"start":{"line":197,"column":38},"end":{"line":197,"column":39}},"loc":{"start":{"line":197,"column":68},"end":{"line":255,"column":5}}},"18":{"name":"(anonymous_18)","decl":{"start":{"line":202,"column":10},"end":{"line":202,"column":11}},"loc":{"start":{"line":203,"column":12},"end":{"line":205,"column":63}}},"19":{"name":"(anonymous_19)","decl":{"start":{"line":271,"column":44},"end":{"line":271,"column":null}},"loc":{"start":{"line":276,"column":4},"end":{"line":320,"column":1}}},"20":{"name":"(anonymous_20)","decl":{"start":{"line":281,"column":18},"end":{"line":281,"column":19}},"loc":{"start":{"line":281,"column":27},"end":{"line":285,"column":3}}},"21":{"name":"(anonymous_21)","decl":{"start":{"line":288,"column":18},"end":{"line":288,"column":19}},"loc":{"start":{"line":288,"column":34},"end":{"line":314,"column":3}}},"22":{"name":"(anonymous_22)","decl":{"start":{"line":290,"column":31},"end":{"line":290,"column":32}},"loc":{"start":{"line":290,"column":51},"end":{"line":303,"column":7}}},"23":{"name":"(anonymous_23)","decl":{"start":{"line":325,"column":41},"end":{"line":325,"column":null}},"loc":{"start":{"line":327,"column":24},"end":{"line":363,"column":1}}},"24":{"name":"(anonymous_24)","decl":{"start":{"line":331,"column":22},"end":{"line":331,"column":23}},"loc":{"start":{"line":331,"column":63},"end":{"line":355,"column":3}}},"25":{"name":"(anonymous_25)","decl":{"start":{"line":342,"column":31},"end":{"line":342,"column":32}},"loc":{"start":{"line":342,"column":40},"end":{"line":353,"column":7}}},"26":{"name":"(anonymous_26)","decl":{"start":{"line":344,"column":10},"end":{"line":344,"column":11}},"loc":{"start":{"line":345,"column":12},"end":{"line":347,"column":77}}},"27":{"name":"(anonymous_27)","decl":{"start":{"line":359,"column":12},"end":{"line":359,"column":13}},"loc":{"start":{"line":359,"column":22},"end":{"line":359,"column":41}}},"28":{"name":"(anonymous_28)","decl":{"start":{"line":360,"column":13},"end":{"line":360,"column":14}},"loc":{"start":{"line":360,"column":23},"end":{"line":360,"column":40}}},"29":{"name":"(anonymous_29)","decl":{"start":{"line":365,"column":35},"end":{"line":365,"column":null}},"loc":{"start":{"line":368,"column":12},"end":{"line":394,"column":1}}},"30":{"name":"(anonymous_30)","decl":{"start":{"line":369,"column":25},"end":{"line":369,"column":null}},"loc":{"start":{"line":372,"column":14},"end":{"line":391,"column":3}}},"31":{"name":"(anonymous_31)","decl":{"start":{"line":377,"column":29},"end":{"line":377,"column":30}},"loc":{"start":{"line":377,"column":38},"end":{"line":388,"column":5}}},"32":{"name":"(anonymous_32)","decl":{"start":{"line":379,"column":8},"end":{"line":379,"column":9}},"loc":{"start":{"line":380,"column":10},"end":{"line":381,"column":78}}},"33":{"name":"(anonymous_33)","decl":{"start":{"line":396,"column":40},"end":{"line":396,"column":41}},"loc":{"start":{"line":396,"column":59},"end":{"line":400,"column":1}}},"34":{"name":"(anonymous_34)","decl":{"start":{"line":402,"column":29},"end":{"line":402,"column":30}},"loc":{"start":{"line":402,"column":52},"end":{"line":408,"column":1}}},"35":{"name":"(anonymous_35)","decl":{"start":{"line":410,"column":34},"end":{"line":410,"column":35}},"loc":{"start":{"line":418,"column":5},"end":{"line":420,"column":1}}},"36":{"name":"(anonymous_36)","decl":{"start":{"line":422,"column":43},"end":{"line":422,"column":null}},"loc":{"start":{"line":428,"column":4},"end":{"line":450,"column":1}}},"37":{"name":"(anonymous_37)","decl":{"start":{"line":452,"column":44},"end":{"line":452,"column":45}},"loc":{"start":{"line":467,"column":4},"end":{"line":539,"column":1}}},"38":{"name":"(anonymous_38)","decl":{"start":{"line":484,"column":44},"end":{"line":484,"column":45}},"loc":{"start":{"line":484,"column":53},"end":{"line":484,"column":75}}},"39":{"name":"(anonymous_39)","decl":{"start":{"line":486,"column":29},"end":{"line":486,"column":30}},"loc":{"start":{"line":486,"column":37},"end":{"line":522,"column":5}}},"40":{"name":"(anonymous_40)","decl":{"start":{"line":541,"column":38},"end":{"line":541,"column":39}},"loc":{"start":{"line":550,"column":4},"end":{"line":591,"column":1}}},"41":{"name":"(anonymous_41)","decl":{"start":{"line":559,"column":44},"end":{"line":559,"column":45}},"loc":{"start":{"line":559,"column":53},"end":{"line":559,"column":75}}},"42":{"name":"(anonymous_42)","decl":{"start":{"line":561,"column":29},"end":{"line":561,"column":30}},"loc":{"start":{"line":561,"column":37},"end":{"line":578,"column":5}}},"43":{"name":"(anonymous_43)","decl":{"start":{"line":593,"column":41},"end":{"line":593,"column":42}},"loc":{"start":{"line":599,"column":5},"end":{"line":608,"column":1}}},"44":{"name":"(anonymous_44)","decl":{"start":{"line":610,"column":36},"end":{"line":610,"column":null}},"loc":{"start":{"line":619,"column":4},"end":{"line":677,"column":1}}},"45":{"name":"(anonymous_45)","decl":{"start":{"line":636,"column":20},"end":{"line":636,"column":21}},"loc":{"start":{"line":636,"column":28},"end":{"line":671,"column":5}}},"46":{"name":"(anonymous_46)","decl":{"start":{"line":679,"column":38},"end":{"line":679,"column":null}},"loc":{"start":{"line":684,"column":4},"end":{"line":721,"column":1}}},"47":{"name":"(anonymous_47)","decl":{"start":{"line":691,"column":44},"end":{"line":691,"column":45}},"loc":{"start":{"line":691,"column":53},"end":{"line":691,"column":75}}},"48":{"name":"(anonymous_48)","decl":{"start":{"line":693,"column":29},"end":{"line":693,"column":30}},"loc":{"start":{"line":693,"column":37},"end":{"line":708,"column":5}}},"49":{"name":"(anonymous_49)","decl":{"start":{"line":723,"column":37},"end":{"line":723,"column":null}},"loc":{"start":{"line":733,"column":5},"end":{"line":786,"column":1}}},"50":{"name":"(anonymous_50)","decl":{"start":{"line":747,"column":23},"end":{"line":747,"column":24}},"loc":{"start":{"line":747,"column":32},"end":{"line":747,"column":60}}},"51":{"name":"(anonymous_51)","decl":{"start":{"line":752,"column":25},"end":{"line":752,"column":26}},"loc":{"start":{"line":752,"column":33},"end":{"line":780,"column":5}}},"52":{"name":"saveFormStateToLocalStorage","decl":{"start":{"line":788,"column":16},"end":{"line":788,"column":43}},"loc":{"start":{"line":796,"column":1},"end":{"line":805,"column":1}}},"53":{"name":"calculateFinalTotal","decl":{"start":{"line":807,"column":16},"end":{"line":807,"column":35}},"loc":{"start":{"line":810,"column":22},"end":{"line":813,"column":1}}},"54":{"name":"(anonymous_54)","decl":{"start":{"line":815,"column":39},"end":{"line":815,"column":40}},"loc":{"start":{"line":823,"column":6},"end":{"line":823,"column":60}}}},"branchMap":{"0":{"loc":{"start":{"line":6,"column":2},"end":{"line":6,"column":43}},"type":"if","locations":[{"start":{"line":6,"column":2},"end":{"line":6,"column":43}}]},"1":{"loc":{"start":{"line":8,"column":2},"end":{"line":15,"column":3}},"type":"if","locations":[{"start":{"line":8,"column":2},"end":{"line":15,"column":3}}]},"2":{"loc":{"start":{"line":9,"column":4},"end":{"line":12,"column":21}},"type":"binary-expr","locations":[{"start":{"line":9,"column":4},"end":{"line":9,"column":33}},{"start":{"line":10,"column":4},"end":{"line":10,"column":22}},{"start":{"line":11,"column":4},"end":{"line":11,"column":32}},{"start":{"line":12,"column":4},"end":{"line":12,"column":21}}]},"3":{"loc":{"start":{"line":20,"column":2},"end":{"line":20,"column":53}},"type":"if","locations":[{"start":{"line":20,"column":2},"end":{"line":20,"column":53}}]},"4":{"loc":{"start":{"line":23,"column":4},"end":{"line":28,"column":5}},"type":"if","locations":[{"start":{"line":23,"column":4},"end":{"line":28,"column":5}}]},"5":{"loc":{"start":{"line":24,"column":6},"end":{"line":25,"column":71}},"type":"binary-expr","locations":[{"start":{"line":24,"column":6},"end":{"line":24,"column":28}},{"start":{"line":25,"column":6},"end":{"line":25,"column":71}}]},"6":{"loc":{"start":{"line":36,"column":4},"end":{"line":36,"column":29}},"type":"if","locations":[{"start":{"line":36,"column":4},"end":{"line":36,"column":29}}]},"7":{"loc":{"start":{"line":38,"column":4},"end":{"line":38,"column":45}},"type":"if","locations":[{"start":{"line":38,"column":4},"end":{"line":38,"column":45}}]},"8":{"loc":{"start":{"line":38,"column":8},"end":{"line":38,"column":30}},"type":"binary-expr","locations":[{"start":{"line":38,"column":8},"end":{"line":38,"column":17}},{"start":{"line":38,"column":21},"end":{"line":38,"column":30}}]},"9":{"loc":{"start":{"line":40,"column":4},"end":{"line":40,"column":44}},"type":"if","locations":[{"start":{"line":40,"column":4},"end":{"line":40,"column":44}}]},"10":{"loc":{"start":{"line":42,"column":4},"end":{"line":43,"column":41}},"type":"if","locations":[{"start":{"line":42,"column":4},"end":{"line":43,"column":41}}]},"11":{"loc":{"start":{"line":42,"column":8},"end":{"line":42,"column":46}},"type":"binary-expr","locations":[{"start":{"line":42,"column":8},"end":{"line":42,"column":25}},{"start":{"line":42,"column":29},"end":{"line":42,"column":46}}]},"12":{"loc":{"start":{"line":46,"column":4},"end":{"line":49,"column":5}},"type":"if","locations":[{"start":{"line":46,"column":4},"end":{"line":49,"column":5}}]},"13":{"loc":{"start":{"line":46,"column":8},"end":{"line":46,"column":44}},"type":"binary-expr","locations":[{"start":{"line":46,"column":8},"end":{"line":46,"column":24}},{"start":{"line":46,"column":28},"end":{"line":46,"column":44}}]},"14":{"loc":{"start":{"line":47,"column":6},"end":{"line":47,"column":46}},"type":"if","locations":[{"start":{"line":47,"column":6},"end":{"line":47,"column":46}}]},"15":{"loc":{"start":{"line":52,"column":4},"end":{"line":70,"column":5}},"type":"if","locations":[{"start":{"line":52,"column":4},"end":{"line":70,"column":5}}]},"16":{"loc":{"start":{"line":56,"column":6},"end":{"line":56,"column":54}},"type":"if","locations":[{"start":{"line":56,"column":6},"end":{"line":56,"column":54}}]},"17":{"loc":{"start":{"line":57,"column":6},"end":{"line":57,"column":67}},"type":"if","locations":[{"start":{"line":57,"column":6},"end":{"line":57,"column":67}}]},"18":{"loc":{"start":{"line":64,"column":8},"end":{"line":66,"column":9}},"type":"if","locations":[{"start":{"line":64,"column":8},"end":{"line":66,"column":9}}]},"19":{"loc":{"start":{"line":64,"column":12},"end":{"line":64,"column":64}},"type":"binary-expr","locations":[{"start":{"line":64,"column":12},"end":{"line":64,"column":36}},{"start":{"line":64,"column":40},"end":{"line":64,"column":64}}]},"20":{"loc":{"start":{"line":75,"column":2},"end":{"line":75,"column":47}},"type":"if","locations":[{"start":{"line":75,"column":2},"end":{"line":75,"column":47}}]},"21":{"loc":{"start":{"line":100,"column":4},"end":{"line":100,"column":36}},"type":"default-arg","locations":[{"start":{"line":100,"column":27},"end":{"line":100,"column":36}}]},"22":{"loc":{"start":{"line":102,"column":23},"end":{"line":102,"column":40}},"type":"binary-expr","locations":[{"start":{"line":102,"column":23},"end":{"line":102,"column":35}},{"start":{"line":102,"column":39},"end":{"line":102,"column":40}}]},"23":{"loc":{"start":{"line":104,"column":23},"end":{"line":104,"column":72}},"type":"binary-expr","locations":[{"start":{"line":104,"column":23},"end":{"line":104,"column":46}},{"start":{"line":104,"column":50},"end":{"line":104,"column":72}}]},"24":{"loc":{"start":{"line":105,"column":4},"end":{"line":107,"column":5}},"type":"if","locations":[{"start":{"line":105,"column":4},"end":{"line":107,"column":5}}]},"25":{"loc":{"start":{"line":110,"column":4},"end":{"line":134,"column":5}},"type":"if","locations":[{"start":{"line":110,"column":4},"end":{"line":134,"column":5}}]},"26":{"loc":{"start":{"line":110,"column":8},"end":{"line":110,"column":61}},"type":"binary-expr","locations":[{"start":{"line":110,"column":8},"end":{"line":110,"column":27}},{"start":{"line":110,"column":31},"end":{"line":110,"column":61}}]},"27":{"loc":{"start":{"line":114,"column":8},"end":{"line":123,"column":9}},"type":"if","locations":[{"start":{"line":114,"column":8},"end":{"line":123,"column":9}},{"start":{"line":121,"column":15},"end":{"line":123,"column":9}}]},"28":{"loc":{"start":{"line":117,"column":14},"end":{"line":119,"column":65}},"type":"binary-expr","locations":[{"start":{"line":117,"column":14},"end":{"line":117,"column":19}},{"start":{"line":118,"column":14},"end":{"line":118,"column":33}},{"start":{"line":119,"column":14},"end":{"line":119,"column":65}}]},"29":{"loc":{"start":{"line":121,"column":15},"end":{"line":123,"column":9}},"type":"if","locations":[{"start":{"line":121,"column":15},"end":{"line":123,"column":9}}]},"30":{"loc":{"start":{"line":125,"column":8},"end":{"line":132,"column":9}},"type":"if","locations":[{"start":{"line":125,"column":8},"end":{"line":132,"column":9}}]},"31":{"loc":{"start":{"line":140,"column":25},"end":{"line":140,"column":48}},"type":"binary-expr","locations":[{"start":{"line":140,"column":25},"end":{"line":140,"column":43}},{"start":{"line":140,"column":47},"end":{"line":140,"column":48}}]},"32":{"loc":{"start":{"line":143,"column":2},"end":{"line":146,"column":3}},"type":"if","locations":[{"start":{"line":143,"column":2},"end":{"line":146,"column":3}}]},"33":{"loc":{"start":{"line":143,"column":6},"end":{"line":143,"column":71}},"type":"binary-expr","locations":[{"start":{"line":143,"column":6},"end":{"line":143,"column":31}},{"start":{"line":143,"column":35},"end":{"line":143,"column":71}}]},"34":{"loc":{"start":{"line":158,"column":2},"end":{"line":160,"column":3}},"type":"if","locations":[{"start":{"line":158,"column":2},"end":{"line":160,"column":3}}]},"35":{"loc":{"start":{"line":158,"column":6},"end":{"line":158,"column":54}},"type":"binary-expr","locations":[{"start":{"line":158,"column":6},"end":{"line":158,"column":22}},{"start":{"line":158,"column":26},"end":{"line":158,"column":54}}]},"36":{"loc":{"start":{"line":171,"column":4},"end":{"line":171,"column":30}},"type":"default-arg","locations":[{"start":{"line":171,"column":28},"end":{"line":171,"column":30}}]},"37":{"loc":{"start":{"line":175,"column":4},"end":{"line":177,"column":5}},"type":"if","locations":[{"start":{"line":175,"column":4},"end":{"line":177,"column":5}}]},"38":{"loc":{"start":{"line":175,"column":8},"end":{"line":175,"column":76}},"type":"binary-expr","locations":[{"start":{"line":175,"column":8},"end":{"line":175,"column":34}},{"start":{"line":175,"column":38},"end":{"line":175,"column":76}}]},"39":{"loc":{"start":{"line":190,"column":31},"end":{"line":190,"column":46}},"type":"binary-expr","locations":[{"start":{"line":190,"column":31},"end":{"line":190,"column":41}},{"start":{"line":190,"column":45},"end":{"line":190,"column":46}}]},"40":{"loc":{"start":{"line":200,"column":6},"end":{"line":209,"column":7}},"type":"if","locations":[{"start":{"line":200,"column":6},"end":{"line":209,"column":7}},{"start":{"line":207,"column":13},"end":{"line":209,"column":7}}]},"41":{"loc":{"start":{"line":203,"column":12},"end":{"line":205,"column":63}},"type":"binary-expr","locations":[{"start":{"line":203,"column":12},"end":{"line":203,"column":17}},{"start":{"line":204,"column":12},"end":{"line":204,"column":31}},{"start":{"line":205,"column":12},"end":{"line":205,"column":63}}]},"42":{"loc":{"start":{"line":207,"column":13},"end":{"line":209,"column":7}},"type":"if","locations":[{"start":{"line":207,"column":13},"end":{"line":209,"column":7}}]},"43":{"loc":{"start":{"line":211,"column":6},"end":{"line":214,"column":7}},"type":"if","locations":[{"start":{"line":211,"column":6},"end":{"line":214,"column":7}}]},"44":{"loc":{"start":{"line":217,"column":8},"end":{"line":217,"column":69}},"type":"binary-expr","locations":[{"start":{"line":217,"column":8},"end":{"line":217,"column":36}},{"start":{"line":217,"column":40},"end":{"line":217,"column":69}}]},"45":{"loc":{"start":{"line":220,"column":6},"end":{"line":223,"column":7}},"type":"if","locations":[{"start":{"line":220,"column":6},"end":{"line":223,"column":7}}]},"46":{"loc":{"start":{"line":228,"column":6},"end":{"line":249,"column":7}},"type":"if","locations":[{"start":{"line":228,"column":6},"end":{"line":249,"column":7}},{"start":{"line":236,"column":13},"end":{"line":249,"column":7}}]},"47":{"loc":{"start":{"line":228,"column":10},"end":{"line":228,"column":73}},"type":"binary-expr","locations":[{"start":{"line":228,"column":10},"end":{"line":228,"column":34}},{"start":{"line":228,"column":38},"end":{"line":228,"column":73}}]},"48":{"loc":{"start":{"line":243,"column":18},"end":{"line":243,"column":50}},"type":"binary-expr","locations":[{"start":{"line":243,"column":18},"end":{"line":243,"column":41}},{"start":{"line":243,"column":45},"end":{"line":243,"column":50}}]},"49":{"loc":{"start":{"line":244,"column":20},"end":{"line":244,"column":59}},"type":"binary-expr","locations":[{"start":{"line":244,"column":20},"end":{"line":244,"column":54}},{"start":{"line":244,"column":58},"end":{"line":244,"column":59}}]},"50":{"loc":{"start":{"line":282,"column":4},"end":{"line":284,"column":5}},"type":"if","locations":[{"start":{"line":282,"column":4},"end":{"line":284,"column":5}}]},"51":{"loc":{"start":{"line":289,"column":4},"end":{"line":304,"column":5}},"type":"if","locations":[{"start":{"line":289,"column":4},"end":{"line":304,"column":5}}]},"52":{"loc":{"start":{"line":292,"column":8},"end":{"line":296,"column":9}},"type":"if","locations":[{"start":{"line":292,"column":8},"end":{"line":296,"column":9}}]},"53":{"loc":{"start":{"line":292,"column":12},"end":{"line":292,"column":72}},"type":"binary-expr","locations":[{"start":{"line":292,"column":12},"end":{"line":292,"column":26}},{"start":{"line":292,"column":30},"end":{"line":292,"column":72}}]},"54":{"loc":{"start":{"line":298,"column":8},"end":{"line":302,"column":9}},"type":"if","locations":[{"start":{"line":298,"column":8},"end":{"line":302,"column":9}}]},"55":{"loc":{"start":{"line":298,"column":12},"end":{"line":298,"column":70}},"type":"binary-expr","locations":[{"start":{"line":298,"column":12},"end":{"line":298,"column":41}},{"start":{"line":298,"column":45},"end":{"line":298,"column":70}}]},"56":{"loc":{"start":{"line":307,"column":4},"end":{"line":313,"column":5}},"type":"if","locations":[{"start":{"line":307,"column":4},"end":{"line":313,"column":5}}]},"57":{"loc":{"start":{"line":308,"column":6},"end":{"line":312,"column":7}},"type":"if","locations":[{"start":{"line":308,"column":6},"end":{"line":312,"column":7}}]},"58":{"loc":{"start":{"line":308,"column":10},"end":{"line":308,"column":75}},"type":"binary-expr","locations":[{"start":{"line":308,"column":10},"end":{"line":308,"column":32}},{"start":{"line":308,"column":36},"end":{"line":308,"column":75}}]},"59":{"loc":{"start":{"line":331,"column":42},"end":{"line":331,"column":59}},"type":"default-arg","locations":[{"start":{"line":331,"column":58},"end":{"line":331,"column":59}}]},"60":{"loc":{"start":{"line":332,"column":4},"end":{"line":332,"column":27}},"type":"if","locations":[{"start":{"line":332,"column":4},"end":{"line":332,"column":27}}]},"61":{"loc":{"start":{"line":334,"column":20},"end":{"line":334,"column":70}},"type":"binary-expr","locations":[{"start":{"line":334,"column":20},"end":{"line":334,"column":40}},{"start":{"line":334,"column":44},"end":{"line":334,"column":70}}]},"62":{"loc":{"start":{"line":335,"column":4},"end":{"line":335,"column":39}},"type":"if","locations":[{"start":{"line":335,"column":4},"end":{"line":335,"column":39}}]},"63":{"loc":{"start":{"line":341,"column":4},"end":{"line":354,"column":5}},"type":"if","locations":[{"start":{"line":341,"column":4},"end":{"line":354,"column":5}}]},"64":{"loc":{"start":{"line":345,"column":12},"end":{"line":347,"column":77}},"type":"binary-expr","locations":[{"start":{"line":345,"column":13},"end":{"line":345,"column":27}},{"start":{"line":346,"column":14},"end":{"line":346,"column":61}},{"start":{"line":347,"column":13},"end":{"line":347,"column":42}},{"start":{"line":347,"column":46},"end":{"line":347,"column":76}}]},"65":{"loc":{"start":{"line":350,"column":8},"end":{"line":352,"column":9}},"type":"if","locations":[{"start":{"line":350,"column":8},"end":{"line":352,"column":9}}]},"66":{"loc":{"start":{"line":371,"column":4},"end":{"line":371,"column":28}},"type":"default-arg","locations":[{"start":{"line":371,"column":27},"end":{"line":371,"column":28}}]},"67":{"loc":{"start":{"line":373,"column":4},"end":{"line":373,"column":68}},"type":"if","locations":[{"start":{"line":373,"column":4},"end":{"line":373,"column":68}}]},"68":{"loc":{"start":{"line":373,"column":8},"end":{"line":373,"column":46}},"type":"binary-expr","locations":[{"start":{"line":373,"column":8},"end":{"line":373,"column":25}},{"start":{"line":373,"column":29},"end":{"line":373,"column":46}}]},"69":{"loc":{"start":{"line":380,"column":10},"end":{"line":381,"column":78}},"type":"binary-expr","locations":[{"start":{"line":380,"column":11},"end":{"line":380,"column":25}},{"start":{"line":380,"column":29},"end":{"line":380,"column":76}},{"start":{"line":381,"column":11},"end":{"line":381,"column":40}},{"start":{"line":381,"column":44},"end":{"line":381,"column":77}}]},"70":{"loc":{"start":{"line":384,"column":6},"end":{"line":387,"column":7}},"type":"if","locations":[{"start":{"line":384,"column":6},"end":{"line":387,"column":7}}]},"71":{"loc":{"start":{"line":419,"column":35},"end":{"line":419,"column":63}},"type":"cond-expr","locations":[{"start":{"line":419,"column":45},"end":{"line":419,"column":58}},{"start":{"line":419,"column":61},"end":{"line":419,"column":63}}]},"72":{"loc":{"start":{"line":431,"column":2},"end":{"line":433,"column":3}},"type":"if","locations":[{"start":{"line":431,"column":2},"end":{"line":433,"column":3}}]},"73":{"loc":{"start":{"line":439,"column":2},"end":{"line":441,"column":3}},"type":"if","locations":[{"start":{"line":439,"column":2},"end":{"line":441,"column":3}}]},"74":{"loc":{"start":{"line":447,"column":18},"end":{"line":447,"column":72}},"type":"cond-expr","locations":[{"start":{"line":447,"column":37},"end":{"line":447,"column":65}},{"start":{"line":447,"column":68},"end":{"line":447,"column":72}}]},"75":{"loc":{"start":{"line":456,"column":2},"end":{"line":456,"column":16}},"type":"default-arg","locations":[{"start":{"line":456,"column":11},"end":{"line":456,"column":16}}]},"76":{"loc":{"start":{"line":473,"column":22},"end":{"line":477,"column":10}},"type":"cond-expr","locations":[{"start":{"line":474,"column":6},"end":{"line":476,"column":16}},{"start":{"line":477,"column":6},"end":{"line":477,"column":10}}]},"77":{"loc":{"start":{"line":474,"column":6},"end":{"line":476,"column":16}},"type":"cond-expr","locations":[{"start":{"line":475,"column":8},"end":{"line":475,"column":14}},{"start":{"line":476,"column":8},"end":{"line":476,"column":16}}]},"78":{"loc":{"start":{"line":490,"column":6},"end":{"line":492,"column":7}},"type":"if","locations":[{"start":{"line":490,"column":6},"end":{"line":492,"column":7}}]},"79":{"loc":{"start":{"line":501,"column":29},"end":{"line":501,"column":71}},"type":"binary-expr","locations":[{"start":{"line":501,"column":29},"end":{"line":501,"column":37}},{"start":{"line":501,"column":41},"end":{"line":501,"column":71}}]},"80":{"loc":{"start":{"line":505,"column":8},"end":{"line":506,"column":77}},"type":"binary-expr","locations":[{"start":{"line":505,"column":8},"end":{"line":505,"column":20}},{"start":{"line":506,"column":9},"end":{"line":506,"column":76}}]},"81":{"loc":{"start":{"line":506,"column":9},"end":{"line":506,"column":76}},"type":"cond-expr","locations":[{"start":{"line":506,"column":29},"end":{"line":506,"column":68}},{"start":{"line":506,"column":71},"end":{"line":506,"column":76}}]},"82":{"loc":{"start":{"line":508,"column":6},"end":{"line":512,"column":7}},"type":"if","locations":[{"start":{"line":508,"column":6},"end":{"line":512,"column":7}},{"start":{"line":510,"column":13},"end":{"line":512,"column":7}}]},"83":{"loc":{"start":{"line":508,"column":10},"end":{"line":508,"column":42}},"type":"binary-expr","locations":[{"start":{"line":508,"column":10},"end":{"line":508,"column":24}},{"start":{"line":508,"column":28},"end":{"line":508,"column":42}}]},"84":{"loc":{"start":{"line":509,"column":21},"end":{"line":509,"column":50}},"type":"binary-expr","locations":[{"start":{"line":509,"column":21},"end":{"line":509,"column":33}},{"start":{"line":509,"column":37},"end":{"line":509,"column":50}}]},"85":{"loc":{"start":{"line":511,"column":21},"end":{"line":511,"column":57}},"type":"cond-expr","locations":[{"start":{"line":511,"column":35},"end":{"line":511,"column":49}},{"start":{"line":511,"column":52},"end":{"line":511,"column":57}}]},"86":{"loc":{"start":{"line":514,"column":6},"end":{"line":521,"column":7}},"type":"if","locations":[{"start":{"line":514,"column":6},"end":{"line":521,"column":7}},{"start":{"line":516,"column":13},"end":{"line":521,"column":7}}]},"87":{"loc":{"start":{"line":517,"column":8},"end":{"line":519,"column":9}},"type":"if","locations":[{"start":{"line":517,"column":8},"end":{"line":519,"column":9}}]},"88":{"loc":{"start":{"line":565,"column":6},"end":{"line":567,"column":7}},"type":"if","locations":[{"start":{"line":565,"column":6},"end":{"line":567,"column":7}}]},"89":{"loc":{"start":{"line":571,"column":29},"end":{"line":571,"column":71}},"type":"binary-expr","locations":[{"start":{"line":571,"column":29},"end":{"line":571,"column":37}},{"start":{"line":571,"column":41},"end":{"line":571,"column":71}}]},"90":{"loc":{"start":{"line":574,"column":6},"end":{"line":577,"column":7}},"type":"if","locations":[{"start":{"line":574,"column":6},"end":{"line":577,"column":7}}]},"91":{"loc":{"start":{"line":574,"column":10},"end":{"line":574,"column":42}},"type":"binary-expr","locations":[{"start":{"line":574,"column":10},"end":{"line":574,"column":24}},{"start":{"line":574,"column":28},"end":{"line":574,"column":42}}]},"92":{"loc":{"start":{"line":637,"column":20},"end":{"line":637,"column":51}},"type":"binary-expr","locations":[{"start":{"line":637,"column":20},"end":{"line":637,"column":45}},{"start":{"line":637,"column":49},"end":{"line":637,"column":51}}]},"93":{"loc":{"start":{"line":641,"column":6},"end":{"line":670,"column":7}},"type":"if","locations":[{"start":{"line":641,"column":6},"end":{"line":670,"column":7}}]},"94":{"loc":{"start":{"line":646,"column":8},"end":{"line":649,"column":9}},"type":"if","locations":[{"start":{"line":646,"column":8},"end":{"line":649,"column":9}}]},"95":{"loc":{"start":{"line":648,"column":13},"end":{"line":648,"column":53}},"type":"binary-expr","locations":[{"start":{"line":648,"column":13},"end":{"line":648,"column":48}},{"start":{"line":648,"column":52},"end":{"line":648,"column":53}}]},"96":{"loc":{"start":{"line":650,"column":8},"end":{"line":653,"column":9}},"type":"if","locations":[{"start":{"line":650,"column":8},"end":{"line":653,"column":9}}]},"97":{"loc":{"start":{"line":652,"column":13},"end":{"line":652,"column":54}},"type":"binary-expr","locations":[{"start":{"line":652,"column":13},"end":{"line":652,"column":49}},{"start":{"line":652,"column":53},"end":{"line":652,"column":54}}]},"98":{"loc":{"start":{"line":658,"column":10},"end":{"line":666,"column":11}},"type":"if","locations":[{"start":{"line":658,"column":10},"end":{"line":666,"column":11}}]},"99":{"loc":{"start":{"line":658,"column":14},"end":{"line":658,"column":50}},"type":"binary-expr","locations":[{"start":{"line":658,"column":14},"end":{"line":658,"column":30}},{"start":{"line":658,"column":34},"end":{"line":658,"column":50}}]},"100":{"loc":{"start":{"line":659,"column":23},"end":{"line":659,"column":59}},"type":"binary-expr","locations":[{"start":{"line":659,"column":23},"end":{"line":659,"column":39}},{"start":{"line":659,"column":43},"end":{"line":659,"column":59}}]},"101":{"loc":{"start":{"line":660,"column":12},"end":{"line":662,"column":13}},"type":"if","locations":[{"start":{"line":660,"column":12},"end":{"line":662,"column":13}}]},"102":{"loc":{"start":{"line":660,"column":16},"end":{"line":660,"column":68}},"type":"binary-expr","locations":[{"start":{"line":660,"column":16},"end":{"line":660,"column":38}},{"start":{"line":660,"column":42},"end":{"line":660,"column":68}}]},"103":{"loc":{"start":{"line":663,"column":12},"end":{"line":665,"column":13}},"type":"if","locations":[{"start":{"line":663,"column":12},"end":{"line":665,"column":13}}]},"104":{"loc":{"start":{"line":663,"column":16},"end":{"line":663,"column":68}},"type":"binary-expr","locations":[{"start":{"line":663,"column":16},"end":{"line":663,"column":38}},{"start":{"line":663,"column":42},"end":{"line":663,"column":68}}]},"105":{"loc":{"start":{"line":680,"column":2},"end":{"line":680,"column":44}},"type":"default-arg","locations":[{"start":{"line":680,"column":21},"end":{"line":680,"column":44}}]},"106":{"loc":{"start":{"line":696,"column":8},"end":{"line":696,"column":27}},"type":"if","locations":[{"start":{"line":696,"column":8},"end":{"line":696,"column":27}}]},"107":{"loc":{"start":{"line":699,"column":26},"end":{"line":699,"column":62}},"type":"binary-expr","locations":[{"start":{"line":699,"column":26},"end":{"line":699,"column":42}},{"start":{"line":699,"column":46},"end":{"line":699,"column":62}}]},"108":{"loc":{"start":{"line":701,"column":8},"end":{"line":704,"column":9}},"type":"if","locations":[{"start":{"line":701,"column":8},"end":{"line":704,"column":9}}]},"109":{"loc":{"start":{"line":701,"column":12},"end":{"line":701,"column":51}},"type":"binary-expr","locations":[{"start":{"line":701,"column":12},"end":{"line":701,"column":21}},{"start":{"line":701,"column":25},"end":{"line":701,"column":51}}]},"110":{"loc":{"start":{"line":724,"column":2},"end":{"line":724,"column":41}},"type":"default-arg","locations":[{"start":{"line":724,"column":25},"end":{"line":724,"column":41}}]},"111":{"loc":{"start":{"line":746,"column":25},"end":{"line":748,"column":15}},"type":"cond-expr","locations":[{"start":{"line":747,"column":8},"end":{"line":747,"column":61}},{"start":{"line":748,"column":8},"end":{"line":748,"column":15}}]},"112":{"loc":{"start":{"line":753,"column":20},"end":{"line":753,"column":51}},"type":"binary-expr","locations":[{"start":{"line":753,"column":20},"end":{"line":753,"column":45}},{"start":{"line":753,"column":49},"end":{"line":753,"column":51}}]},"113":{"loc":{"start":{"line":762,"column":26},"end":{"line":762,"column":62}},"type":"binary-expr","locations":[{"start":{"line":762,"column":26},"end":{"line":762,"column":42}},{"start":{"line":762,"column":46},"end":{"line":762,"column":62}}]},"114":{"loc":{"start":{"line":763,"column":8},"end":{"line":766,"column":9}},"type":"if","locations":[{"start":{"line":763,"column":8},"end":{"line":766,"column":9}}]},"115":{"loc":{"start":{"line":774,"column":16},"end":{"line":774,"column":46}},"type":"binary-expr","locations":[{"start":{"line":774,"column":16},"end":{"line":774,"column":33}},{"start":{"line":774,"column":37},"end":{"line":774,"column":46}}]},"116":{"loc":{"start":{"line":775,"column":17},"end":{"line":775,"column":48}},"type":"binary-expr","locations":[{"start":{"line":775,"column":17},"end":{"line":775,"column":35}},{"start":{"line":775,"column":39},"end":{"line":775,"column":48}}]},"117":{"loc":{"start":{"line":776,"column":16},"end":{"line":776,"column":46}},"type":"binary-expr","locations":[{"start":{"line":776,"column":16},"end":{"line":776,"column":33}},{"start":{"line":776,"column":37},"end":{"line":776,"column":46}}]},"118":{"loc":{"start":{"line":802,"column":6},"end":{"line":802,"column":77}},"type":"cond-expr","locations":[{"start":{"line":802,"column":16},"end":{"line":802,"column":20}},{"start":{"line":802,"column":23},"end":{"line":802,"column":77}}]},"119":{"loc":{"start":{"line":802,"column":29},"end":{"line":802,"column":68}},"type":"binary-expr","locations":[{"start":{"line":802,"column":29},"end":{"line":802,"column":37}},{"start":{"line":802,"column":41},"end":{"line":802,"column":68}}]}},"s":{"0":3,"1":3,"2":3,"3":3,"4":0,"5":0,"6":0,"7":0,"8":0,"9":0,"10":0,"11":0,"12":0,"13":0,"14":0,"15":0,"16":3,"17":15,"18":6,"19":9,"20":0,"21":9,"22":0,"23":9,"24":0,"25":9,"26":0,"27":0,"28":0,"29":0,"30":9,"31":9,"32":9,"33":9,"34":1,"35":8,"36":16,"37":0,"38":8,"39":16,"40":16,"41":16,"42":7,"43":9,"44":0,"45":5,"46":1,"47":4,"48":6,"49":3,"50":3,"51":0,"52":3,"53":3,"54":0,"55":3,"56":3,"57":2,"58":9,"59":9,"60":9,"61":0,"62":9,"63":9,"64":6,"65":7,"66":0,"67":0,"68":7,"69":7,"70":7,"71":7,"72":7,"73":9,"74":9,"75":2,"76":2,"77":2,"78":2,"79":2,"80":3,"81":2,"82":0,"83":2,"84":2,"85":2,"86":2,"87":9,"88":2,"89":6,"90":6,"91":0,"92":6,"93":6,"94":7,"95":6,"96":6,"97":7,"98":0,"99":0,"100":7,"101":7,"102":7,"103":0,"104":0,"105":7,"106":7,"107":7,"108":0,"109":0,"110":7,"111":7,"112":4,"113":4,"114":4,"115":3,"116":3,"117":7,"118":6,"119":2,"120":2,"121":2,"122":3,"123":3,"124":0,"125":0,"126":0,"127":0,"128":0,"129":0,"130":0,"131":0,"132":0,"133":0,"134":0,"135":0,"136":0,"137":0,"138":0,"139":0,"140":3,"141":3,"142":0,"143":0,"144":0,"145":0,"146":0,"147":0,"148":0,"149":0,"150":0,"151":0,"152":0,"153":0,"154":0,"155":0,"156":0,"157":0,"158":0,"159":0,"160":0,"161":0,"162":3,"163":3,"164":0,"165":0,"166":0,"167":0,"168":0,"169":0,"170":0,"171":0,"172":0,"173":0,"174":0,"175":0,"176":3,"177":3,"178":0,"179":0,"180":0,"181":3,"182":3,"183":0,"184":0,"185":0,"186":0,"187":3,"188":3,"189":0,"190":3,"191":3,"192":0,"193":0,"194":0,"195":0,"196":0,"197":0,"198":0,"199":0,"200":0,"201":0,"202":0,"203":3,"204":3,"205":0,"206":0,"207":0,"208":0,"209":0,"210":0,"211":0,"212":0,"213":0,"214":0,"215":0,"216":0,"217":0,"218":0,"219":0,"220":0,"221":0,"222":0,"223":0,"224":0,"225":0,"226":0,"227":0,"228":0,"229":0,"230":0,"231":0,"232":3,"233":3,"234":0,"235":0,"236":0,"237":0,"238":0,"239":0,"240":0,"241":0,"242":0,"243":0,"244":0,"245":0,"246":0,"247":0,"248":0,"249":0,"250":0,"251":0,"252":3,"253":3,"254":0,"255":0,"256":0,"257":0,"258":0,"259":0,"260":3,"261":3,"262":0,"263":0,"264":0,"265":0,"266":0,"267":0,"268":0,"269":0,"270":0,"271":0,"272":0,"273":0,"274":0,"275":0,"276":0,"277":0,"278":0,"279":0,"280":0,"281":0,"282":0,"283":0,"284":0,"285":0,"286":0,"287":0,"288":0,"289":3,"290":3,"291":0,"292":0,"293":0,"294":0,"295":0,"296":0,"297":0,"298":0,"299":0,"300":0,"301":0,"302":0,"303":0,"304":0,"305":0,"306":0,"307":0,"308":0,"309":0,"310":0,"311":3,"312":3,"313":0,"314":0,"315":0,"316":0,"317":0,"318":0,"319":0,"320":0,"321":0,"322":0,"323":0,"324":0,"325":0,"326":0,"327":0,"328":0,"329":0,"330":0,"331":0,"332":0,"333":3,"334":0,"335":0,"336":0,"337":3,"338":0,"339":3},"f":{"0":0,"1":5,"2":15,"3":0,"4":16,"5":16,"6":6,"7":0,"8":0,"9":2,"10":9,"11":7,"12":0,"13":2,"14":9,"15":6,"16":7,"17":7,"18":0,"19":0,"20":0,"21":0,"22":0,"23":0,"24":0,"25":0,"26":0,"27":0,"28":0,"29":0,"30":0,"31":0,"32":0,"33":0,"34":0,"35":0,"36":0,"37":0,"38":0,"39":0,"40":0,"41":0,"42":0,"43":0,"44":0,"45":0,"46":0,"47":0,"48":0,"49":0,"50":0,"51":0,"52":0,"53":0,"54":0},"b":{"0":[0],"1":[0],"2":[0,0,0,0],"3":[0],"4":[0],"5":[0,0],"6":[6],"7":[0],"8":[9,9],"9":[0],"10":[0],"11":[9,0],"12":[0],"13":[9,0],"14":[0],"15":[9],"16":[1],"17":[0],"18":[7],"19":[16,7],"20":[1],"21":[2],"22":[9,0],"23":[9,0],"24":[0],"25":[6],"26":[9,6],"27":[0,7],"28":[0,0,0],"29":[7],"30":[7],"31":[2,0],"32":[2],"33":[2,2],"34":[0],"35":[2,2],"36":[2],"37":[0],"38":[6,6],"39":[7,0],"40":[0,7],"41":[0,0,0],"42":[7],"43":[0],"44":[7,0],"45":[0],"46":[4,3],"47":[7,4],"48":[3,0],"49":[3,0],"50":[0],"51":[0],"52":[0],"53":[0,0],"54":[0],"55":[0,0],"56":[0],"57":[0],"58":[0,0],"59":[0],"60":[0],"61":[0,0],"62":[0],"63":[0],"64":[0,0,0,0],"65":[0],"66":[0],"67":[0],"68":[0,0],"69":[0,0,0,0],"70":[0],"71":[0,0],"72":[0],"73":[0],"74":[0,0],"75":[0],"76":[0,0],"77":[0,0],"78":[0],"79":[0,0],"80":[0,0],"81":[0,0],"82":[0,0],"83":[0,0],"84":[0,0],"85":[0,0],"86":[0,0],"87":[0],"88":[0],"89":[0,0],"90":[0],"91":[0,0],"92":[0,0],"93":[0],"94":[0],"95":[0,0],"96":[0],"97":[0,0],"98":[0],"99":[0,0],"100":[0,0],"101":[0],"102":[0,0],"103":[0],"104":[0,0],"105":[0],"106":[0],"107":[0,0],"108":[0],"109":[0,0],"110":[0],"111":[0,0],"112":[0,0],"113":[0,0],"114":[0],"115":[0,0],"116":[0,0],"117":[0,0],"118":[0,0],"119":[0,0]}}
,"/Users/zumikay/Documents/RealProjects/Refinded_GraduateTracer/GraduateTracer_FRONEND_V2/src/component/InactivityWarning.tsx": {"path":"/Users/zumikay/Documents/RealProjects/Refinded_GraduateTracer/GraduateTracer_FRONEND_V2/src/component/InactivityWarning.tsx","statementMap":{"0":{"start":{"line":1,"column":0},"end":{"line":1,"column":51}},"1":{"start":{"line":2,"column":0},"end":{"line":2,"column":null}},"2":{"start":{"line":14,"column":0},"end":{"line":14,"column":null}},"3":{"start":{"line":27,"column":67},"end":{"line":204,"column":1}},"4":{"start":{"line":34,"column":44},"end":{"line":34,"column":79}},"5":{"start":{"line":35,"column":44},"end":{"line":35,"column":57}},"6":{"start":{"line":37,"column":2},"end":{"line":50,"column":37}},"7":{"start":{"line":38,"column":4},"end":{"line":38,"column":49}},"8":{"start":{"line":38,"column":42},"end":{"line":38,"column":49}},"9":{"start":{"line":40,"column":21},"end":{"line":47,"column":12}},"10":{"start":{"line":41,"column":6},"end":{"line":46,"column":9}},"11":{"start":{"line":42,"column":24},"end":{"line":42,"column":48}},"12":{"start":{"line":43,"column":27},"end":{"line":43,"column":65}},"13":{"start":{"line":44,"column":8},"end":{"line":44,"column":37}},"14":{"start":{"line":45,"column":8},"end":{"line":45,"column":23}},"15":{"start":{"line":49,"column":4},"end":{"line":49,"column":41}},"16":{"start":{"line":49,"column":17},"end":{"line":49,"column":40}},"17":{"start":{"line":52,"column":2},"end":{"line":57,"column":37}},"18":{"start":{"line":53,"column":4},"end":{"line":56,"column":5}},"19":{"start":{"line":54,"column":6},"end":{"line":54,"column":45}},"20":{"start":{"line":55,"column":6},"end":{"line":55,"column":28}},"21":{"start":{"line":59,"column":30},"end":{"line":63,"column":3}},"22":{"start":{"line":60,"column":20},"end":{"line":60,"column":48}},"23":{"start":{"line":61,"column":20},"end":{"line":61,"column":57}},"24":{"start":{"line":62,"column":4},"end":{"line":62,"column":63}},"25":{"start":{"line":65,"column":27},"end":{"line":69,"column":3}},"26":{"start":{"line":66,"column":4},"end":{"line":66,"column":45}},"27":{"start":{"line":66,"column":28},"end":{"line":66,"column":45}},"28":{"start":{"line":67,"column":4},"end":{"line":67,"column":45}},"29":{"start":{"line":67,"column":28},"end":{"line":67,"column":45}},"30":{"start":{"line":68,"column":4},"end":{"line":68,"column":20}},"31":{"start":{"line":71,"column":23},"end":{"line":75,"column":3}},"32":{"start":{"line":72,"column":4},"end":{"line":72,"column":45}},"33":{"start":{"line":72,"column":28},"end":{"line":72,"column":45}},"34":{"start":{"line":73,"column":4},"end":{"line":73,"column":44}},"35":{"start":{"line":73,"column":28},"end":{"line":73,"column":44}},"36":{"start":{"line":74,"column":4},"end":{"line":74,"column":20}},"37":{"start":{"line":77,"column":2},"end":{"line":203,"column":4}},"38":{"start":{"line":111,"column":10},"end":{"line":198,"column":null}},"39":{"start":{"line":27,"column":13},"end":{"line":27,"column":67}},"40":{"start":{"line":207,"column":0},"end":{"line":207,"column":33}}},"fnMap":{"0":{"name":"(anonymous_0)","decl":{"start":{"line":27,"column":67},"end":{"line":27,"column":68}},"loc":{"start":{"line":33,"column":5},"end":{"line":204,"column":1}}},"1":{"name":"(anonymous_1)","decl":{"start":{"line":37,"column":12},"end":{"line":37,"column":15}},"loc":{"start":{"line":37,"column":17},"end":{"line":50,"column":3}}},"2":{"name":"(anonymous_2)","decl":{"start":{"line":40,"column":33},"end":{"line":40,"column":36}},"loc":{"start":{"line":40,"column":38},"end":{"line":47,"column":5}}},"3":{"name":"(anonymous_3)","decl":{"start":{"line":41,"column":23},"end":{"line":41,"column":24}},"loc":{"start":{"line":41,"column":32},"end":{"line":46,"column":7}}},"4":{"name":"(anonymous_4)","decl":{"start":{"line":49,"column":11},"end":{"line":49,"column":14}},"loc":{"start":{"line":49,"column":17},"end":{"line":49,"column":40}}},"5":{"name":"(anonymous_5)","decl":{"start":{"line":52,"column":12},"end":{"line":52,"column":15}},"loc":{"start":{"line":52,"column":17},"end":{"line":57,"column":3}}},"6":{"name":"(anonymous_6)","decl":{"start":{"line":59,"column":30},"end":{"line":59,"column":31}},"loc":{"start":{"line":59,"column":45},"end":{"line":63,"column":3}}},"7":{"name":"(anonymous_7)","decl":{"start":{"line":65,"column":27},"end":{"line":65,"column":30}},"loc":{"start":{"line":65,"column":32},"end":{"line":69,"column":3}}},"8":{"name":"(anonymous_8)","decl":{"start":{"line":71,"column":23},"end":{"line":71,"column":26}},"loc":{"start":{"line":71,"column":28},"end":{"line":75,"column":3}}},"9":{"name":"(anonymous_9)","decl":{"start":{"line":80,"column":15},"end":{"line":80,"column":18}},"loc":{"start":{"line":80,"column":20},"end":{"line":80,"column":23}}},"10":{"name":"(anonymous_10)","decl":{"start":{"line":110,"column":9},"end":{"line":110,"column":12}},"loc":{"start":{"line":111,"column":10},"end":{"line":198,"column":null}}}},"branchMap":{"0":{"loc":{"start":{"line":32,"column":2},"end":{"line":32,"column":16}},"type":"default-arg","locations":[{"start":{"line":32,"column":14},"end":{"line":32,"column":16}}]},"1":{"loc":{"start":{"line":34,"column":53},"end":{"line":34,"column":78}},"type":"binary-expr","locations":[{"start":{"line":34,"column":53},"end":{"line":34,"column":73}},{"start":{"line":34,"column":77},"end":{"line":34,"column":78}}]},"2":{"loc":{"start":{"line":38,"column":4},"end":{"line":38,"column":49}},"type":"if","locations":[{"start":{"line":38,"column":4},"end":{"line":38,"column":49}}]},"3":{"loc":{"start":{"line":38,"column":8},"end":{"line":38,"column":40}},"type":"binary-expr","locations":[{"start":{"line":38,"column":8},"end":{"line":38,"column":15}},{"start":{"line":38,"column":19},"end":{"line":38,"column":40}}]},"4":{"loc":{"start":{"line":53,"column":4},"end":{"line":56,"column":5}},"type":"if","locations":[{"start":{"line":53,"column":4},"end":{"line":56,"column":5}}]},"5":{"loc":{"start":{"line":53,"column":8},"end":{"line":53,"column":38}},"type":"binary-expr","locations":[{"start":{"line":53,"column":8},"end":{"line":53,"column":14}},{"start":{"line":53,"column":18},"end":{"line":53,"column":38}}]},"6":{"loc":{"start":{"line":66,"column":4},"end":{"line":66,"column":45}},"type":"if","locations":[{"start":{"line":66,"column":4},"end":{"line":66,"column":45}}]},"7":{"loc":{"start":{"line":67,"column":4},"end":{"line":67,"column":45}},"type":"if","locations":[{"start":{"line":67,"column":4},"end":{"line":67,"column":45}}]},"8":{"loc":{"start":{"line":72,"column":4},"end":{"line":72,"column":45}},"type":"if","locations":[{"start":{"line":72,"column":4},"end":{"line":72,"column":45}}]},"9":{"loc":{"start":{"line":73,"column":4},"end":{"line":73,"column":44}},"type":"if","locations":[{"start":{"line":73,"column":4},"end":{"line":73,"column":44}}]},"10":{"loc":{"start":{"line":136,"column":25},"end":{"line":137,"column":132}},"type":"binary-expr","locations":[{"start":{"line":136,"column":25},"end":{"line":136,"column":39}},{"start":{"line":137,"column":26},"end":{"line":137,"column":132}}]}},"s":{"0":1,"1":1,"2":1,"3":1,"4":67,"5":67,"6":67,"7":25,"8":5,"9":20,"10":152,"11":152,"12":152,"13":152,"14":152,"15":20,"16":20,"17":67,"18":25,"19":20,"20":20,"21":67,"22":49,"23":49,"24":49,"25":67,"26":49,"27":42,"28":7,"29":4,"30":3,"31":67,"32":49,"33":42,"34":7,"35":4,"36":3,"37":67,"38":49,"39":1,"40":1},"f":{"0":67,"1":25,"2":152,"3":152,"4":20,"5":25,"6":49,"7":49,"8":49,"9":0,"10":49},"b":{"0":[67],"1":[67,2],"2":[5],"3":[25,22],"4":[20],"5":[25,22],"6":[42],"7":[4],"8":[42],"9":[4],"10":[49,47]}}
,"/Users/zumikay/Documents/RealProjects/Refinded_GraduateTracer/GraduateTracer_FRONEND_V2/src/component/Response/hooks/useFormResponses.ts": {"path":"/Users/zumikay/Documents/RealProjects/Refinded_GraduateTracer/GraduateTracer_FRONEND_V2/src/component/Response/hooks/useFormResponses.ts","statementMap":{"0":{"start":{"line":1,"column":0},"end":{"line":1,"column":55}},"1":{"start":{"line":2,"column":0},"end":{"line":2,"column":70}},"2":{"start":{"line":3,"column":0},"end":{"line":3,"column":57}},"3":{"start":{"line":33,"column":32},"end":{"line":346,"column":1}},"4":{"start":{"line":38,"column":36},"end":{"line":38,"column":64}},"5":{"start":{"line":40,"column":23},"end":{"line":46,"column":17}},"6":{"start":{"line":41,"column":16},"end":{"line":41,"column":46}},"7":{"start":{"line":42,"column":4},"end":{"line":44,"column":7}},"8":{"start":{"line":43,"column":6},"end":{"line":43,"column":35}},"9":{"start":{"line":43,"column":17},"end":{"line":43,"column":35}},"10":{"start":{"line":45,"column":4},"end":{"line":45,"column":15}},"11":{"start":{"line":48,"column":26},"end":{"line":64,"column":null}},"12":{"start":{"line":50,"column":6},"end":{"line":52,"column":7}},"13":{"start":{"line":51,"column":8},"end":{"line":51,"column":20}},"14":{"start":{"line":53,"column":6},"end":{"line":55,"column":7}},"15":{"start":{"line":54,"column":8},"end":{"line":54,"column":37}},"16":{"start":{"line":57,"column":6},"end":{"line":61,"column":7}},"17":{"start":{"line":58,"column":21},"end":{"line":58,"column":64}},"18":{"start":{"line":59,"column":8},"end":{"line":59,"column":56}},"19":{"start":{"line":59,"column":32},"end":{"line":59,"column":56}},"20":{"start":{"line":60,"column":8},"end":{"line":60,"column":49}},"21":{"start":{"line":62,"column":6},"end":{"line":62,"column":19}},"22":{"start":{"line":67,"column":36},"end":{"line":167,"column":null}},"23":{"start":{"line":73,"column":6},"end":{"line":75,"column":7}},"24":{"start":{"line":74,"column":8},"end":{"line":74,"column":20}},"25":{"start":{"line":77,"column":29},"end":{"line":78,"column":null}},"26":{"start":{"line":81,"column":6},"end":{"line":83,"column":7}},"27":{"start":{"line":82,"column":8},"end":{"line":82,"column":21}},"28":{"start":{"line":88,"column":6},"end":{"line":95,"column":7}},"29":{"start":{"line":89,"column":8},"end":{"line":89,"column":68}},"30":{"start":{"line":91,"column":22},"end":{"line":92,"column":null}},"31":{"start":{"line":92,"column":17},"end":{"line":92,"column":50}},"32":{"start":{"line":94,"column":8},"end":{"line":94,"column":41}},"33":{"start":{"line":97,"column":6},"end":{"line":99,"column":7}},"34":{"start":{"line":98,"column":8},"end":{"line":98,"column":21}},"35":{"start":{"line":101,"column":29},"end":{"line":101,"column":59}},"36":{"start":{"line":103,"column":6},"end":{"line":122,"column":7}},"37":{"start":{"line":107,"column":34},"end":{"line":107,"column":56}},"38":{"start":{"line":109,"column":8},"end":{"line":115,"column":9}},"39":{"start":{"line":110,"column":10},"end":{"line":114,"column":12}},"40":{"start":{"line":111,"column":12},"end":{"line":113,"column":47}},"41":{"start":{"line":117,"column":8},"end":{"line":119,"column":9}},"42":{"start":{"line":118,"column":10},"end":{"line":118,"column":54}},"43":{"start":{"line":121,"column":8},"end":{"line":121,"column":21}},"44":{"start":{"line":124,"column":6},"end":{"line":163,"column":7}},"45":{"start":{"line":125,"column":40},"end":{"line":125,"column":42}},"46":{"start":{"line":128,"column":10},"end":{"line":128,"column":24}},"47":{"start":{"line":129,"column":8},"end":{"line":138,"column":9}},"48":{"start":{"line":136,"column":23},"end":{"line":136,"column":72}},"49":{"start":{"line":137,"column":10},"end":{"line":137,"column":64}},"50":{"start":{"line":140,"column":8},"end":{"line":157,"column":9}},"51":{"start":{"line":142,"column":10},"end":{"line":144,"column":24}},"52":{"start":{"line":143,"column":21},"end":{"line":143,"column":44}},"53":{"start":{"line":146,"column":10},"end":{"line":151,"column":11}},"54":{"start":{"line":148,"column":14},"end":{"line":149,"column":66}},"55":{"start":{"line":149,"column":30},"end":{"line":149,"column":53}},"56":{"start":{"line":150,"column":12},"end":{"line":150,"column":65}},"57":{"start":{"line":152,"column":15},"end":{"line":157,"column":9}},"58":{"start":{"line":153,"column":10},"end":{"line":153,"column":49}},"59":{"start":{"line":156,"column":10},"end":{"line":156,"column":23}},"60":{"start":{"line":159,"column":34},"end":{"line":159,"column":56}},"61":{"start":{"line":162,"column":8},"end":{"line":162,"column":59}},"62":{"start":{"line":165,"column":6},"end":{"line":165,"column":47}},"63":{"start":{"line":171,"column":30},"end":{"line":194,"column":null}},"64":{"start":{"line":173,"column":25},"end":{"line":177,"column":8}},"65":{"start":{"line":179,"column":23},"end":{"line":179,"column":55}},"66":{"start":{"line":181,"column":6},"end":{"line":192,"column":7}},"67":{"start":{"line":182,"column":27},"end":{"line":182,"column":67}},"68":{"start":{"line":184,"column":8},"end":{"line":189,"column":10}},"69":{"start":{"line":187,"column":19},"end":{"line":187,"column":42}},"70":{"start":{"line":191,"column":8},"end":{"line":191,"column":71}},"71":{"start":{"line":197,"column":25},"end":{"line":333,"column":null}},"72":{"start":{"line":204,"column":6},"end":{"line":331,"column":9}},"73":{"start":{"line":207,"column":10},"end":{"line":219,"column":23}},"74":{"start":{"line":210,"column":18},"end":{"line":210,"column":75}},"75":{"start":{"line":210,"column":62},"end":{"line":210,"column":75}},"76":{"start":{"line":211,"column":18},"end":{"line":213,"column":52}},"77":{"start":{"line":212,"column":54},"end":{"line":212,"column":74}},"78":{"start":{"line":215,"column":29},"end":{"line":218,"column":18}},"79":{"start":{"line":222,"column":8},"end":{"line":288,"column":9}},"80":{"start":{"line":223,"column":10},"end":{"line":256,"column":13}},"81":{"start":{"line":225,"column":31},"end":{"line":225,"column":57}},"82":{"start":{"line":228,"column":12},"end":{"line":228,"column":36}},"83":{"start":{"line":228,"column":29},"end":{"line":228,"column":36}},"84":{"start":{"line":230,"column":34},"end":{"line":231,"column":null}},"85":{"start":{"line":231,"column":21},"end":{"line":231,"column":44}},"86":{"start":{"line":234,"column":12},"end":{"line":255,"column":13}},"87":{"start":{"line":237,"column":14},"end":{"line":249,"column":18}},"88":{"start":{"line":242,"column":16},"end":{"line":242,"column":49}},"89":{"start":{"line":244,"column":16},"end":{"line":244,"column":46}},"90":{"start":{"line":246,"column":16},"end":{"line":249,"column":18}},"91":{"start":{"line":252,"column":14},"end":{"line":254,"column":15}},"92":{"start":{"line":253,"column":16},"end":{"line":253,"column":76}},"93":{"start":{"line":258,"column":29},"end":{"line":258,"column":48}},"94":{"start":{"line":260,"column":29},"end":{"line":260,"column":57}},"95":{"start":{"line":263,"column":10},"end":{"line":263,"column":62}},"96":{"start":{"line":263,"column":50},"end":{"line":263,"column":62}},"97":{"start":{"line":265,"column":32},"end":{"line":266,"column":null}},"98":{"start":{"line":266,"column":19},"end":{"line":266,"column":44}},"99":{"start":{"line":269,"column":10},"end":{"line":287,"column":11}},"100":{"start":{"line":271,"column":12},"end":{"line":281,"column":13}},"101":{"start":{"line":272,"column":14},"end":{"line":272,"column":47}},"102":{"start":{"line":275,"column":14},"end":{"line":275,"column":46}},"103":{"start":{"line":277,"column":14},"end":{"line":280,"column":16}},"104":{"start":{"line":284,"column":12},"end":{"line":286,"column":13}},"105":{"start":{"line":285,"column":14},"end":{"line":285,"column":70}},"106":{"start":{"line":290,"column":41},"end":{"line":328,"column":9}},"107":{"start":{"line":293,"column":27},"end":{"line":293,"column":32}},"108":{"start":{"line":294,"column":51},"end":{"line":294,"column":53}},"109":{"start":{"line":297,"column":30},"end":{"line":297,"column":69}},"110":{"start":{"line":298,"column":10},"end":{"line":301,"column":11}},"111":{"start":{"line":298,"column":23},"end":{"line":298,"column":24}},"112":{"start":{"line":299,"column":25},"end":{"line":299,"column":37}},"113":{"start":{"line":300,"column":12},"end":{"line":300,"column":58}},"114":{"start":{"line":303,"column":10},"end":{"line":321,"column":11}},"115":{"start":{"line":303,"column":23},"end":{"line":303,"column":24}},"116":{"start":{"line":304,"column":29},"end":{"line":304,"column":41}},"117":{"start":{"line":305,"column":29},"end":{"line":305,"column":64}},"118":{"start":{"line":307,"column":12},"end":{"line":310,"column":13}},"119":{"start":{"line":308,"column":14},"end":{"line":308,"column":46}},"120":{"start":{"line":309,"column":14},"end":{"line":309,"column":23}},"121":{"start":{"line":313,"column":31},"end":{"line":313,"column":79}},"122":{"start":{"line":315,"column":12},"end":{"line":320,"column":13}},"123":{"start":{"line":316,"column":14},"end":{"line":316,"co
[...]
"column":4},"end":{"line":91,"column":5}},"loc":{"start":{"line":91,"column":11},"end":{"line":91,"column":53}}},"6":{"name":"(anonymous_6)","decl":{"start":{"line":94,"column":45},"end":{"line":94,"column":46}},"loc":{"start":{"line":94,"column":51},"end":{"line":101,"column":3}}},"7":{"name":"(anonymous_7)","decl":{"start":{"line":103,"column":45},"end":{"line":103,"column":46}},"loc":{"start":{"line":103,"column":51},"end":{"line":109,"column":3}}},"8":{"name":"(anonymous_8)","decl":{"start":{"line":119,"column":35},"end":{"line":119,"column":null}},"loc":{"start":{"line":123,"column":5},"end":{"line":123,"column":37}}},"9":{"name":"(anonymous_9)","decl":{"start":{"line":131,"column":33},"end":{"line":131,"column":null}},"loc":{"start":{"line":135,"column":21},"end":{"line":190,"column":1}}}},"branchMap":{"0":{"loc":{"start":{"line":32,"column":2},"end":{"line":32,"column":30}},"type":"if","locations":[{"start":{"line":32,"column":2},"end":{"line":32,"column":30}}]},"1":{"loc":{"start":{"line":36,"column":16},"end":{"line":36,"column":37}},"type":"binary-expr","locations":[{"start":{"line":36,"column":16},"end":{"line":36,"column":21}},{"start":{"line":36,"column":25},"end":{"line":36,"column":37}}]},"2":{"loc":{"start":{"line":37,"column":4},"end":{"line":37,"column":33}},"type":"if","locations":[{"start":{"line":37,"column":4},"end":{"line":37,"column":33}}]},"3":{"loc":{"start":{"line":41,"column":16},"end":{"line":41,"column":43}},"type":"binary-expr","locations":[{"start":{"line":41,"column":16},"end":{"line":41,"column":24}},{"start":{"line":41,"column":28},"end":{"line":41,"column":43}}]},"4":{"loc":{"start":{"line":42,"column":17},"end":{"line":42,"column":51}},"type":"cond-expr","locations":[{"start":{"line":42,"column":23},"end":{"line":42,"column":39}},{"start":{"line":42,"column":42},"end":{"line":42,"column":51}}]},"5":{"loc":{"start":{"line":44,"column":4},"end":{"line":44,"column":27}},"type":"if","locations":[{"start":{"line":44,"column":4},"end":{"line":44,"column":27}}]},"6":{"loc":{"start":{"line":47,"column":4},"end":{"line":55,"column":5}},"type":"if","locations":[{"start":{"line":47,"column":4},"end":{"line":55,"column":5}}]},"7":{"loc":{"start":{"line":48,"column":6},"end":{"line":52,"column":53}},"type":"binary-expr","locations":[{"start":{"line":48,"column":6},"end":{"line":48,"column":29}},{"start":{"line":49,"column":6},"end":{"line":49,"column":35}},{"start":{"line":50,"column":6},"end":{"line":50,"column":31}},{"start":{"line":51,"column":6},"end":{"line":51,"column":45}},{"start":{"line":52,"column":6},"end":{"line":52,"column":53}}]},"8":{"loc":{"start":{"line":58,"column":4},"end":{"line":65,"column":5}},"type":"if","locations":[{"start":{"line":58,"column":4},"end":{"line":65,"column":5}}]},"9":{"loc":{"start":{"line":59,"column":6},"end":{"line":62,"column":43}},"type":"binary-expr","locations":[{"start":{"line":59,"column":6},"end":{"line":59,"column":41}},{"start":{"line":60,"column":6},"end":{"line":60,"column":53}},{"start":{"line":61,"column":6},"end":{"line":61,"column":57}},{"start":{"line":62,"column":6},"end":{"line":62,"column":43}}]},"10":{"loc":{"start":{"line":68,"column":4},"end":{"line":71,"column":5}},"type":"if","locations":[{"start":{"line":68,"column":4},"end":{"line":71,"column":5}}]},"11":{"loc":{"start":{"line":69,"column":25},"end":{"line":69,"column":67}},"type":"binary-expr","locations":[{"start":{"line":69,"column":25},"end":{"line":69,"column":54}},{"start":{"line":69,"column":58},"end":{"line":69,"column":67}}]},"12":{"loc":{"start":{"line":70,"column":6},"end":{"line":70,"column":71}},"type":"if","locations":[{"start":{"line":70,"column":6},"end":{"line":70,"column":71}}]},"13":{"loc":{"start":{"line":81,"column":2},"end":{"line":88,"column":3}},"type":"if","locations":[{"start":{"line":81,"column":2},"end":{"line":88,"column":3}}]},"14":{"loc":{"start":{"line":81,"column":6},"end":{"line":81,"column":45}},"type":"binary-expr","locations":[{"start":{"line":81,"column":6},"end":{"line":81,"column":16}},{"start":{"line":81,"column":20},"end":{"line":81,"column":45}}]},"15":{"loc":{"start":{"line":91,"column":11},"end":{"line":91,"column":53}},"type":"binary-expr","locations":[{"start":{"line":91,"column":11},"end":{"line":91,"column":38}},{"start":{"line":91,"column":42},"end":{"line":91,"column":53}}]},"16":{"loc":{"start":{"line":96,"column":6},"end":{"line":96,"column":78}},"type":"binary-expr","locations":[{"start":{"line":96,"column":6},"end":{"line":96,"column":37}},{"start":{"line":96,"column":41},"end":{"line":96,"column":78}}]},"17":{"loc":{"start":{"line":98,"column":21},"end":{"line":98,"column":57}},"type":"binary-expr","locations":[{"start":{"line":98,"column":21},"end":{"line":98,"column":42}},{"start":{"line":98,"column":46},"end":{"line":98,"column":57}}]},"18":{"loc":{"start":{"line":100,"column":11},"end":{"line":100,"column":46}},"type":"binary-expr","locations":[{"start":{"line":100,"column":11},"end":{"line":100,"column":21}},{"start":{"line":100,"column":25},"end":{"line":100,"column":34}},{"start":{"line":100,"column":38},"end":{"line":100,"column":46}}]},"19":{"loc":{"start":{"line":104,"column":4},"end":{"line":104,"column":53}},"type":"if","locations":[{"start":{"line":104,"column":4},"end":{"line":104,"column":53}}]},"20":{"loc":{"start":{"line":106,"column":21},"end":{"line":106,"column":63}},"type":"binary-expr","locations":[{"start":{"line":106,"column":21},"end":{"line":106,"column":48}},{"start":{"line":106,"column":52},"end":{"line":106,"column":63}}]},"21":{"loc":{"start":{"line":108,"column":11},"end":{"line":108,"column":53}},"type":"binary-expr","locations":[{"start":{"line":108,"column":11},"end":{"line":108,"column":26}},{"start":{"line":108,"column":30},"end":{"line":108,"column":38}},{"start":{"line":108,"column":42},"end":{"line":108,"column":53}}]},"22":{"loc":{"start":{"line":136,"column":2},"end":{"line":149,"column":3}},"type":"if","locations":[{"start":{"line":136,"column":2},"end":{"line":149,"column":3}}]},"23":{"loc":{"start":{"line":137,"column":42},"end":{"line":137,"column":62}},"type":"binary-expr","locations":[{"start":{"line":137,"column":42},"end":{"line":137,"column":56}},{"start":{"line":137,"column":60},"end":{"line":137,"column":62}}]},"24":{"loc":{"start":{"line":140,"column":8},"end":{"line":142,"column":43}},"type":"binary-expr","locations":[{"start":{"line":140,"column":8},"end":{"line":140,"column":24}},{"start":{"line":141,"column":8},"end":{"line":141,"column":33}},{"start":{"line":142,"column":8},"end":{"line":142,"column":43}}]},"25":{"loc":{"start":{"line":151,"column":2},"end":{"line":153,"column":3}},"type":"if","locations":[{"start":{"line":151,"column":2},"end":{"line":153,"column":3}}]},"26":{"loc":{"start":{"line":151,"column":6},"end":{"line":151,"column":55}},"type":"binary-expr","locations":[{"start":{"line":151,"column":6},"end":{"line":151,"column":21}},{"start":{"line":151,"column":25},"end":{"line":151,"column":55}}]},"27":{"loc":{"start":{"line":158,"column":22},"end":{"line":163,"column":4}},"type":"binary-expr","locations":[{"start":{"line":158,"column":22},"end":{"line":158,"column":53}},{"start":{"line":158,"column":57},"end":{"line":163,"column":4}}]},"28":{"loc":{"start":{"line":188,"column":6},"end":{"line":188,"column":71}},"type":"binary-expr","locations":[{"start":{"line":188,"column":6},"end":{"line":188,"column":19}},{"start":{"line":188,"column":23},"end":{"line":188,"column":38}},{"start":{"line":188,"column":42},"end":{"line":188,"column":71}}]}},"s":{"0":1,"1":1,"2":25,"3":1,"4":1,"5":1,"6":2,"7":7,"8":2,"9":1,"10":1,"11":1,"12":6,"13":6,"14":6,"15":1,"16":5,"17":5,"18":5,"19":0,"20":5,"21":0,"22":5,"23":0,"24":5,"25":5,"26":5,"27":1,"28":4,"29":1,"30":1,"31":0,"32":0,"33":0,"34":0,"35":0,"36":0,"37":0,"38":0,"39":0,"40":0,"41":0,"42":0,"43":0,"44":0,"45":0,"46":0,"47":0,"48":1,"49":1,"50":0,"51":1,"52":1,"53":0,"54":0,"55":0,"56":0,"57":0,"58":0,"59":0,"60":0,"61":0,"62":0,"63":0,"64":0,"65":0,"66":0,"67":1},"f":{"0":25,"1":2,"2":7,"3":5,"4":0,"5":0,"6":0,"7":0,"8":0,"9":0},"b":{"0":[1],"1":[6,0],"2":[6],"3":[5,0],"4":[5,0],"5":[0],"6":[0],"7":[5,5,5,5,5],"8":[0],"9":[5,5,5,5],"10":[5],"11":[5,4],"12":[1],"13":[0],"14":[0,0],"15":[0,0],"16":[0,0],"17":[0,0],"18":[0,0,0],"19":[0],"20":[0,0],"21":[0,0,0],"22":[0],"23":[0,0],"24":[0,0,0],"25":[0],"26":[0,0],"27":[0,0],"28":[0,0,0]}}
,"/Users/zumikay/Documents/RealProjects/Refinded_GraduateTracer/GraduateTracer_FRONEND_V2/src/utils/rangeValidation.ts": {"path":"/Users/zumikay/Documents/RealProjects/Refinded_GraduateTracer/GraduateTracer_FRONEND_V2/src/utils/rangeValidation.ts","statementMap":{"0":{"start":{"line":1,"column":0},"end":{"line":1,"column":75}},"1":{"start":{"line":14,"column":38},"end":{"line":86,"column":1}},"2":{"start":{"line":17,"column":41},"end":{"line":17,"column":43}},"3":{"start":{"line":19,"column":2},"end":{"line":83,"column":5}},"4":{"start":{"line":20,"column":23},"end":{"line":20,"column":78}},"5":{"start":{"line":21,"column":26},"end":{"line":21,"column":75}},"6":{"start":{"line":23,"column":4},"end":{"line":82,"column":5}},"7":{"start":{"line":25,"column":28},"end":{"line":25,"column":48}},"8":{"start":{"line":26,"column":8},"end":{"line":47,"column":9}},"9":{"start":{"line":32,"column":24},"end":{"line":32,"column":41}},"10":{"start":{"line":33,"column":22},"end":{"line":33,"column":37}},"11":{"start":{"line":35,"column":10},"end":{"line":46,"column":11}},"12":{"start":{"line":40,"column":12},"end":{"line":45,"column":15}},"13":{"start":{"line":48,"column":8},"end":{"line":48,"column":14}},"14":{"start":{"line":52,"column":26},"end":{"line":52,"column":44}},"15":{"start":{"line":53,"column":8},"end":{"line":75,"column":9}},"16":{"start":{"line":59,"column":24},"end":{"line":59,"column":39}},"17":{"start":{"line":60,"column":22},"end":{"line":60,"column":35}},"18":{"start":{"line":62,"column":10},"end":{"line":74,"column":11}},"19":{"start":{"line":63,"column":30},"end":{"line":63,"column":45}},"20":{"start":{"line":64,"column":28},"end":{"line":64,"column":41}},"21":{"start":{"line":66,"column":12},"end":{"line":73,"column":13}},"22":{"start":{"line":67,"column":14},"end":{"line":72,"column":17}},"23":{"start":{"line":76,"column":8},"end":{"line":76,"column":14}},"24":{"start":{"line":81,"column":8},"end":{"line":81,"column":14}},"25":{"start":{"line":85,"column":2},"end":{"line":85,"column":16}},"26":{"start":{"line":14,"column":13},"end":{"line":14,"column":38}},"27":{"start":{"line":91,"column":35},"end":{"line":101,"column":1}},"28":{"start":{"line":94,"column":2},"end":{"line":94,"column":55}},"29":{"start":{"line":94,"column":43},"end":{"line":94,"column":55}},"30":{"start":{"line":95,"column":2},"end":{"line":95,"column":60}},"31":{"start":{"line":95,"column":48},"end":{"line":95,"column":60}},"32":{"start":{"line":97,"column":25},"end":{"line":97,"column":30}},"33":{"start":{"line":98,"column":2},"end":{"line":98,"column":72}},"34":{"start":{"line":98,"column":60},"end":{"line":98,"column":72}},"35":{"start":{"line":100,"column":2},"end":{"line":100,"column":22}},"36":{"start":{"line":91,"column":13},"end":{"line":91,"column":35}},"37":{"start":{"line":106,"column":33},"end":{"line":116,"column":1}},"38":{"start":{"line":109,"column":2},"end":{"line":109,"column":55}},"39":{"start":{"line":109,"column":43},"end":{"line":109,"column":55}},"40":{"start":{"line":110,"column":2},"end":{"line":110,"column":60}},"41":{"start":{"line":110,"column":48},"end":{"line":110,"column":60}},"42":{"start":{"line":112,"column":25},"end":{"line":112,"column":30}},"43":{"start":{"line":113,"column":2},"end":{"line":113,"column":50}},"44":{"start":{"line":113,"column":38},"end":{"line":113,"column":50}},"45":{"start":{"line":115,"column":2},"end":{"line":115,"column":33}},"46":{"start":{"line":106,"column":13},"end":{"line":106,"column":33}},"47":{"start":{"line":122,"column":41},"end":{"line":134,"column":1}},"48":{"start":{"line":125,"column":2},"end":{"line":125,"column":37}},"49":{"start":{"line":125,"column":27},"end":{"line":125,"column":37}},"50":{"start":{"line":127,"column":2},"end":{"line":129,"column":3}},"51":{"start":{"line":128,"column":4},"end":{"line":128,"column":67}},"52":{"start":{"line":131,"column":2},"end":{"line":133,"column":18}},"53":{"start":{"line":132,"column":20},"end":{"line":132,"column":69}},"54":{"start":{"line":122,"column":13},"end":{"line":122,"column":41}}},"fnMap":{"0":{"name":"(anonymous_0)","decl":{"start":{"line":14,"column":38},"end":{"line":14,"column":null}},"loc":{"start":{"line":16,"column":28},"end":{"line":86,"column":1}}},"1":{"name":"(anonymous_1)","decl":{"start":{"line":19,"column":20},"end":{"line":19,"column":21}},"loc":{"start":{"line":19,"column":33},"end":{"line":83,"column":3}}},"2":{"name":"(anonymous_2)","decl":{"start":{"line":91,"column":35},"end":{"line":91,"column":null}},"loc":{"start":{"line":93,"column":13},"end":{"line":101,"column":1}}},"3":{"name":"(anonymous_3)","decl":{"start":{"line":106,"column":33},"end":{"line":106,"column":null}},"loc":{"start":{"line":108,"column":13},"end":{"line":116,"column":1}}},"4":{"name":"(anonymous_4)","decl":{"start":{"line":122,"column":41},"end":{"line":122,"column":null}},"loc":{"start":{"line":124,"column":12},"end":{"line":134,"column":1}}},"5":{"name":"(anonymous_5)","decl":{"start":{"line":132,"column":9},"end":{"line":132,"column":10}},"loc":{"start":{"line":132,"column":20},"end":{"line":132,"column":69}}}},"branchMap":{"0":{"loc":{"start":{"line":20,"column":23},"end":{"line":20,"column":78}},"type":"binary-expr","locations":[{"start":{"line":20,"column":23},"end":{"line":20,"column":35}},{"start":{"line":20,"column":39},"end":{"line":20,"column":65}},{"start":{"line":20,"column":69},"end":{"line":20,"column":78}}]},"1":{"loc":{"start":{"line":21,"column":26},"end":{"line":21,"column":75}},"type":"binary-expr","locations":[{"start":{"line":21,"column":26},"end":{"line":21,"column":52}},{"start":{"line":21,"column":56},"end":{"line":21,"column":75}}]},"2":{"loc":{"start":{"line":23,"column":4},"end":{"line":82,"column":5}},"type":"switch","locations":[{"start":{"line":24,"column":6},"end":{"line":49,"column":7}},{"start":{"line":51,"column":6},"end":{"line":77,"column":7}},{"start":{"line":79,"column":6},"end":{"line":81,"column":14}}]},"3":{"loc":{"start":{"line":26,"column":8},"end":{"line":47,"column":9}},"type":"if","locations":[{"start":{"line":26,"column":8},"end":{"line":47,"column":9}}]},"4":{"loc":{"start":{"line":27,"column":10},"end":{"line":30,"column":30}},"type":"binary-expr","locations":[{"start":{"line":27,"column":10},"end":{"line":27,"column":21}},{"start":{"line":28,"column":10},"end":{"line":28,"column":41}},{"start":{"line":29,"column":10},"end":{"line":29,"column":32}},{"start":{"line":30,"column":10},"end":{"line":30,"column":30}}]},"5":{"loc":{"start":{"line":35,"column":10},"end":{"line":46,"column":11}},"type":"if","locations":[{"start":{"line":35,"column":10},"end":{"line":46,"column":11}}]},"6":{"loc":{"start":{"line":36,"column":12},"end":{"line":38,"column":23}},"type":"binary-expr","locations":[{"start":{"line":36,"column":12},"end":{"line":36,"column":37}},{"start":{"line":37,"column":12},"end":{"line":37,"column":35}},{"start":{"line":38,"column":12},"end":{"line":38,"column":23}}]},"7":{"loc":{"start":{"line":53,"column":8},"end":{"line":75,"column":9}},"type":"if","locations":[{"start":{"line":53,"column":8},"end":{"line":75,"column":9}}]},"8":{"loc":{"start":{"line":54,"column":10},"end":{"line":57,"column":28}},"type":"binary-expr","locations":[{"start":{"line":54,"column":10},"end":{"line":54,"column":19}},{"start":{"line":55,"column":10},"end":{"line":55,"column":39}},{"start":{"line":56,"column":10},"end":{"line":56,"column":30}},{"start":{"line":57,"column":10},"end":{"line":57,"column":28}}]},"9":{"loc":{"start":{"line":62,"column":10},"end":{"line":74,"column":11}},"type":"if","locations":[{"start":{"line":62,"column":10},"end":{"line":74,"column":11}}]},"10":{"loc":{"start":{"line":62,"column":14},"end":{"line":62,"column":26}},"type":"binary-expr","locations":[{"start":{"line":62,"column":14},"end":{"line":62,"column":19}},{"start":{"line":62,"column":23},"end":{"line":62,"column":26}}]},"11":{"loc":{"start":{"line":66,"column":12},"end":{"line":73,"column":13}},"type":"if","locations":[{"start":{"line":66,"column":12},"end":{"line":73,"column":13}}]},"12":{"loc":{"start":{"line":94,"column":2},"end":{"line":94,"column":55}},"type":"if","locations":[{"start":{"line":94,"column":2},"end":{"line":94,"column":55}}]},"13":{"loc":{"start":{"line":94,"column":6},"end":{"line":94,"column":41}},"type":"binary-expr","locations":[{"start":{"line":94,"column":6},"end":{"line":94,"column":12}},{"start":{"line":94,"column":16},"end":{"line":94,"column":41}}]},"14":{"loc":{"start":{"line":95,"column":2},"end":{"line":95,"column":60}},"type":"if","locations":[{"start":{"line":95,"column":2},"end":{"line":95,"column":60}}]},"15":{"loc":{"start":{"line":95,"column":6},"end":{"line":95,"column":46}},"type":"binary-expr","locations":[{"start":{"line":95,"column":6},"end":{"line":95,"column":25}},{"start":{"line":95,"column":29},"end":{"line":95,"column":46}}]},"16":{"loc":{"start":{"line":98,"column":2},"end":{"line":98,"column":72}},"type":"if","locations":[{"start":{"line":98,"column":2},"end":{"line":98,"column":72}}]},"17":{"loc":{"start":{"line":98,"column":6},"end":{"line":98,"column":58}},"type":"binary-expr","locations":[{"start":{"line":98,"column":6},"end":{"line":98,"column":31}},{"start":{"line":98,"column":35},"end":{"line":98,"column":58}}]},"18":{"loc":{"start":{"line":109,"column":2},"end":{"line":109,"column":55}},"type":"if","locations":[{"start":{"line":109,"column":2},"end":{"line":109,"column":55}}]},"19":{"loc":{"start":{"line":109,"column":6},"end":{"line":109,"column":41}},"type":"binary-expr","locations":[{"start":{"line":109,"column":6},"end":{"line":109,"column":12}},{"start":{"line":109,"column":16},"end":{"line":109,"column":41}}]},"20":{"loc":{"start":{"line":110,"column":2},"end":{"line":110,"column":60}},"type":"if","locations":[{"start":{"line":110,"column":2},"end":{"line":110,"column":60}}]},"21":{"loc":{"start":{"line":110,"column":6},"end":{"line":110,"column":46}},"type":"binary-expr","locations":[{"start":{"line":110,"column":6},"end":{"line":110,"column":25}},{"start":{"line":110,"column":29},"end":{"line":110,"column":46}}]},"22":{"loc":{"start":{"line":113,"column":2},"end":{"line":113,"column":50}},"type":"if","locations":[{"start":{"line":113,"column":2},"end":{"line":113,"column":50}}]},"23":{"loc":{"start":{"line":113,"column":6},"end":{"line":113,"column":36}},"type":"binary-expr","locations":[{"start":{"line":113,"column":6},"end":{"line":113,"column":12}},{"start":{"line":113,"column":16},"end":{"line":113,"column":20}},{"start":{"line":113,"column":24},"end":{"line":113,"column":36}}]},"24":{"loc":{"start":{"line":125,"column":2},"end":{"line":125,"column":37}},"type":"if","locations":[{"start":{"line":125,"column":2},"end":{"line":125,"column":37}}]},"25":{"loc":{"start":{"line":127,"column":2},"end":{"line":129,"column":3}},"type":"if","locations":[{"start":{"line":127,"column":2},"end":{"line":129,"column":3}}]}},"s":{"0":1,"1":1,"2":6,"3":6,"4":7,"5":7,"6":7,"7":4,"8":4,"9":4,"10":4,"11":4,"12":2,"13":4,"14":2,"15":2,"16":2,"17":2,"18":2,"19":2,"20":2,"21":2,"22":1,"23":2,"24":1,"25":6,"26":1,"27":1,"28":4,"29":1,"30":3,"31":0,"32":3,"33":3,"34":0,"35":3,"36":1,"37":1,"38":4,"39":1,"40":3,"41":0,"42":3,"43":3,"44":0,"45":3,"46":1,"47":1,"48":3,"49":1,"50":2,"51":1,"52":1,"53":2,"54":1},"f":{"0":6,"1":7,"2":4,"3":4,"4":3,"5":2},"b":{"0":[7,0,0],"1":[7,0],"2":[4,2,1],"3":[4],"4":[4,4,4,4],"5":[2],"6":[4,4,4],"7":[2],"8":[2,2,2,2],"9":[2],"10":[2,2],"11":[1],"12":[1],"13":[4,3],"14":[0],"15":[3,3],"16":[0],"17":[3,3],"18":[1],"19":[4,3],"20":[0],"21":[3,3],"22":[0],"23":[3,3,3],"24":[1],"25":[1]}}
}
