TN:
SF:src/helperFunc.ts
FN:5,hasObjectChanged
FN:34,(anonymous_1)
FN:35,deepEqual
FN:48,(anonymous_3)
FN:57,(anonymous_4)
FN:59,(anonymous_5)
FN:78,(anonymous_6)
FN:81,(anonymous_7)
FN:86,(anonymous_8)
FN:94,(anonymous_9)
FN:98,(anonymous_10)
FN:111,(anonymous_11)
FN:116,(anonymous_12)
FN:151,(anonymous_13)
FN:167,(anonymous_14)
FN:169,(anonymous_15)
FN:186,(anonymous_16)
FN:197,(anonymous_17)
FN:202,(anonymous_18)
FN:271,(anonymous_19)
FN:281,(anonymous_20)
FN:288,(anonymous_21)
FN:290,(anonymous_22)
FN:325,(anonymous_23)
FN:331,(anonymous_24)
FN:342,(anonymous_25)
FN:344,(anonymous_26)
FN:359,(anonymous_27)
FN:360,(anonymous_28)
FN:365,(anonymous_29)
FN:369,(anonymous_30)
FN:377,(anonymous_31)
FN:379,(anonymous_32)
FN:396,(anonymous_33)
FN:402,(anonymous_34)
FN:410,(anonymous_35)
FN:422,(anonymous_36)
FN:452,(anonymous_37)
FN:484,(anonymous_38)
FN:486,(anonymous_39)
FN:541,(anonymous_40)
FN:559,(anonymous_41)
FN:561,(anonymous_42)
FN:593,(anonymous_43)
FN:610,(anonymous_44)
FN:636,(anonymous_45)
FN:679,(anonymous_46)
FN:691,(anonymous_47)
FN:693,(anonymous_48)
FN:723,(anonymous_49)
FN:747,(anonymous_50)
FN:752,(anonymous_51)
FN:788,saveFormStateToLocalStorage
FNF:53
FNH:13
FNDA:0,hasObjectChanged
FNDA:5,(anonymous_1)
FNDA:15,deepEqual
FNDA:0,(anonymous_3)
FNDA:16,(anonymous_4)
FNDA:16,(anonymous_5)
FNDA:6,(anonymous_6)
FNDA:0,(anonymous_7)
FNDA:0,(anonymous_8)
FNDA:2,(anonymous_9)
FNDA:9,(anonymous_10)
FNDA:7,(anonymous_11)
FNDA:0,(anonymous_12)
FNDA:2,(anonymous_13)
FNDA:9,(anonymous_14)
FNDA:6,(anonymous_15)
FNDA:7,(anonymous_16)
FNDA:7,(anonymous_17)
FNDA:0,(anonymous_18)
FNDA:0,(anonymous_19)
FNDA:0,(anonymous_20)
FNDA:0,(anonymous_21)
FNDA:0,(anonymous_22)
FNDA:0,(anonymous_23)
FNDA:0,(anonymous_24)
FNDA:0,(anonymous_25)
FNDA:0,(anonymous_26)
FNDA:0,(anonymous_27)
FNDA:0,(anonymous_28)
FNDA:0,(anonymous_29)
FNDA:0,(anonymous_30)
FNDA:0,(anonymous_31)
FNDA:0,(anonymous_32)
FNDA:0,(anonymous_33)
FNDA:0,(anonymous_34)
FNDA:0,(anonymous_35)
FNDA:0,(anonymous_36)
FNDA:0,(anonymous_37)
FNDA:0,(anonymous_38)
FNDA:0,(anonymous_39)
FNDA:0,(anonymous_40)
FNDA:0,(anonymous_41)
FNDA:0,(anonymous_42)
FNDA:0,(anonymous_43)
FNDA:0,(anonymous_44)
FNDA:0,(anonymous_45)
FNDA:0,(anonymous_46)
FNDA:0,(anonymous_47)
FNDA:0,(anonymous_48)
FNDA:0,(anonymous_49)
FNDA:0,(anonymous_50)
FNDA:0,(anonymous_51)
FNDA:0,saveFormStateToLocalStorage
DA:3,3
DA:5,3
DA:6,0
DA:8,0
DA:14,0
DA:17,0
DA:18,0
DA:20,0
DA:22,0
DA:23,0
DA:27,0
DA:31,0
DA:34,3
DA:36,15
DA:38,9
DA:40,9
DA:42,9
DA:43,0
DA:46,9
DA:47,0
DA:48,0
DA:52,9
DA:53,9
DA:54,9
DA:56,9
DA:57,16
DA:59,8
DA:60,16
DA:61,16
DA:64,16
DA:65,7
DA:68,9
DA:72,0
DA:75,5
DA:78,6
DA:81,3
DA:82,0
DA:86,3
DA:89,0
DA:94,3
DA:98,2
DA:102,9
DA:104,9
DA:105,9
DA:106,0
DA:108,9
DA:110,9
DA:111,6
DA:114,7
DA:115,0
DA:117,0
DA:121,7
DA:122,7
DA:125,7
DA:127,7
DA:131,7
DA:136,9
DA:137,9
DA:140,2
DA:143,2
DA:144,2
DA:145,2
DA:148,2
DA:151,3
DA:158,2
DA:159,0
DA:162,2
DA:163,2
DA:165,2
DA:167,9
DA:169,2
DA:173,6
DA:175,6
DA:176,0
DA:179,6
DA:182,6
DA:186,7
DA:194,6
DA:197,6
DA:200,7
DA:201,0
DA:203,0
DA:207,7
DA:208,7
DA:211,7
DA:212,0
DA:213,0
DA:217,7
DA:218,7
DA:220,7
DA:221,0
DA:222,0
DA:225,7
DA:228,7
DA:229,4
DA:230,4
DA:235,4
DA:237,3
DA:248,3
DA:254,7
DA:257,6
DA:261,2
DA:263,2
DA:265,2
DA:271,3
DA:277,0
DA:278,0
DA:281,0
DA:282,0
DA:283,0
DA:288,0
DA:289,0
DA:290,0
DA:292,0
DA:293,0
DA:298,0
DA:299,0
DA:307,0
DA:308,0
DA:309,0
DA:316,0
DA:325,3
DA:328,0
DA:329,0
DA:331,0
DA:332,0
DA:334,0
DA:335,0
DA:337,0
DA:338,0
DA:341,0
DA:342,0
DA:343,0
DA:345,0
DA:350,0
DA:351,0
DA:358,0
DA:359,0
DA:360,0
DA:362,0
DA:365,3
DA:369,0
DA:373,0
DA:375,0
DA:377,0
DA:378,0
DA:380,0
DA:384,0
DA:385,0
DA:386,0
DA:390,0
DA:393,0
DA:396,3
DA:397,0
DA:398,0
DA:399,0
DA:402,3
DA:403,0
DA:404,0
DA:405,0
DA:407,0
DA:410,3
DA:419,0
DA:422,3
DA:429,0
DA:431,0
DA:432,0
DA:435,0
DA:437,0
DA:439,0
DA:440,0
DA:443,0
DA:445,0
DA:447,0
DA:449,0
DA:452,3
DA:468,0
DA:469,0
DA:470,0
DA:473,0
DA:479,0
DA:481,0
DA:484,0
DA:486,0
DA:487,0
DA:490,0
DA:491,0
DA:495,0
DA:498,0
DA:501,0
DA:505,0
DA:508,0
DA:509,0
DA:511,0
DA:514,0
DA:515,0
DA:517,0
DA:518,0
DA:520,0
DA:524,0
DA:531,0
DA:532,0
DA:541,3
DA:551,0
DA:552,0
DA:554,0
DA:556,0
DA:559,0
DA:561,0
DA:562,0
DA:565,0
DA:566,0
DA:570,0
DA:571,0
DA:574,0
DA:575,0
DA:576,0
DA:580,0
DA:585,0
DA:586,0
DA:593,3
DA:600,0
DA:601,0
DA:602,0
DA:603,0
DA:605,0
DA:606,0
DA:610,3
DA:620,0
DA:621,0
DA:632,0
DA:633,0
DA:634,0
DA:636,0
DA:637,0
DA:638,0
DA:639,0
DA:641,0
DA:642,0
DA:643,0
DA:645,0
DA:646,0
DA:647,0
DA:650,0
DA:651,0
DA:656,0
DA:657,0
DA:658,0
DA:659,0
DA:660,0
DA:661,0
DA:663,0
DA:664,0
DA:673,0
DA:676,0
DA:679,3
DA:685,0
DA:686,0
DA:687,0
DA:689,0
DA:690,0
DA:691,0
DA:693,0
DA:694,0
DA:695,0
DA:696,0
DA:698,0
DA:699,0
DA:701,0
DA:702,0
DA:703,0
DA:710,0
DA:715,0
DA:716,0
DA:723,3
DA:742,0
DA:744,0
DA:745,0
DA:746,0
DA:747,0
DA:750,0
DA:752,0
DA:753,0
DA:754,0
DA:755,0
DA:757,0
DA:760,0
DA:761,0
DA:762,0
DA:763,0
DA:764,0
DA:765,0
DA:771,0
DA:782,0
DA:785,0
DA:788,3
DA:797,0
DA:799,0
LF:298
LH:91
BRDA:6,0,0,0
BRDA:8,1,0,0
BRDA:9,2,0,0
BRDA:9,2,1,0
BRDA:9,2,2,0
BRDA:9,2,3,0
BRDA:20,3,0,0
BRDA:23,4,0,0
BRDA:24,5,0,0
BRDA:24,5,1,0
BRDA:36,6,0,6
BRDA:38,7,0,0
BRDA:38,8,0,9
BRDA:38,8,1,9
BRDA:40,9,0,0
BRDA:42,10,0,0
BRDA:42,11,0,9
BRDA:42,11,1,0
BRDA:46,12,0,0
BRDA:46,13,0,9
BRDA:46,13,1,0
BRDA:47,14,0,0
BRDA:52,15,0,9
BRDA:56,16,0,1
BRDA:57,17,0,0
BRDA:64,18,0,7
BRDA:64,19,0,16
BRDA:64,19,1,7
BRDA:75,20,0,1
BRDA:100,21,0,2
BRDA:102,22,0,9
BRDA:102,22,1,0
BRDA:104,23,0,9
BRDA:104,23,1,0
BRDA:105,24,0,0
BRDA:110,25,0,6
BRDA:110,26,0,9
BRDA:110,26,1,6
BRDA:114,27,0,0
BRDA:114,27,1,7
BRDA:117,28,0,0
BRDA:117,28,1,0
BRDA:117,28,2,0
BRDA:121,29,0,7
BRDA:125,30,0,7
BRDA:140,31,0,2
BRDA:140,31,1,0
BRDA:143,32,0,2
BRDA:143,33,0,2
BRDA:143,33,1,2
BRDA:158,34,0,0
BRDA:158,35,0,2
BRDA:158,35,1,2
BRDA:171,36,0,2
BRDA:175,37,0,0
BRDA:175,38,0,6
BRDA:175,38,1,6
BRDA:190,39,0,7
BRDA:190,39,1,0
BRDA:200,40,0,0
BRDA:200,40,1,7
BRDA:203,41,0,0
BRDA:203,41,1,0
BRDA:203,41,2,0
BRDA:207,42,0,7
BRDA:211,43,0,0
BRDA:217,44,0,7
BRDA:217,44,1,0
BRDA:220,45,0,0
BRDA:228,46,0,4
BRDA:228,46,1,3
BRDA:228,47,0,7
BRDA:228,47,1,4
BRDA:243,48,0,3
BRDA:243,48,1,0
BRDA:244,49,0,3
BRDA:244,49,1,0
BRDA:282,50,0,0
BRDA:289,51,0,0
BRDA:292,52,0,0
BRDA:292,53,0,0
BRDA:292,53,1,0
BRDA:298,54,0,0
BRDA:298,55,0,0
BRDA:298,55,1,0
BRDA:307,56,0,0
BRDA:308,57,0,0
BRDA:308,58,0,0
BRDA:308,58,1,0
BRDA:331,59,0,0
BRDA:332,60,0,0
BRDA:334,61,0,0
BRDA:334,61,1,0
BRDA:335,62,0,0
BRDA:341,63,0,0
BRDA:345,64,0,0
BRDA:345,64,1,0
BRDA:345,64,2,0
BRDA:345,64,3,0
BRDA:350,65,0,0
BRDA:371,66,0,0
BRDA:373,67,0,0
BRDA:373,68,0,0
BRDA:373,68,1,0
BRDA:380,69,0,0
BRDA:380,69,1,0
BRDA:380,69,2,0
BRDA:380,69,3,0
BRDA:384,70,0,0
BRDA:419,71,0,0
BRDA:419,71,1,0
BRDA:431,72,0,0
BRDA:439,73,0,0
BRDA:447,74,0,0
BRDA:447,74,1,0
BRDA:456,75,0,0
BRDA:473,76,0,0
BRDA:473,76,1,0
BRDA:474,77,0,0
BRDA:474,77,1,0
BRDA:490,78,0,0
BRDA:501,79,0,0
BRDA:501,79,1,0
BRDA:505,80,0,0
BRDA:505,80,1,0
BRDA:506,81,0,0
BRDA:506,81,1,0
BRDA:508,82,0,0
BRDA:508,82,1,0
BRDA:508,83,0,0
BRDA:508,83,1,0
BRDA:509,84,0,0
BRDA:509,84,1,0
BRDA:511,85,0,0
BRDA:511,85,1,0
BRDA:514,86,0,0
BRDA:514,86,1,0
BRDA:517,87,0,0
BRDA:565,88,0,0
BRDA:571,89,0,0
BRDA:571,89,1,0
BRDA:574,90,0,0
BRDA:574,91,0,0
BRDA:574,91,1,0
BRDA:637,92,0,0
BRDA:637,92,1,0
BRDA:641,93,0,0
BRDA:646,94,0,0
BRDA:648,95,0,0
BRDA:648,95,1,0
BRDA:650,96,0,0
BRDA:652,97,0,0
BRDA:652,97,1,0
BRDA:658,98,0,0
BRDA:658,99,0,0
BRDA:658,99,1,0
BRDA:659,100,0,0
BRDA:659,100,1,0
BRDA:660,101,0,0
BRDA:660,102,0,0
BRDA:660,102,1,0
BRDA:663,103,0,0
BRDA:663,104,0,0
BRDA:663,104,1,0
BRDA:680,105,0,0
BRDA:696,106,0,0
BRDA:699,107,0,0
BRDA:699,107,1,0
BRDA:701,108,0,0
BRDA:701,109,0,0
BRDA:701,109,1,0
BRDA:724,110,0,0
BRDA:746,111,0,0
BRDA:746,111,1,0
BRDA:753,112,0,0
BRDA:753,112,1,0
BRDA:762,113,0,0
BRDA:762,113,1,0
BRDA:763,114,0,0
BRDA:774,115,0,0
BRDA:774,115,1,0
BRDA:775,116,0,0
BRDA:775,116,1,0
BRDA:776,117,0,0
BRDA:776,117,1,0
BRDA:802,118,0,0
BRDA:802,118,1,0
BRDA:802,119,0,0
BRDA:802,119,1,0
BRF:189
BRH:39
end_of_record
TN:
SF:src/component/InactivityWarning.tsx
FN:27,(anonymous_0)
FN:38,(anonymous_1)
FN:41,(anonymous_2)
FN:42,(anonymous_3)
FN:50,(anonymous_4)
FN:54,(anonymous_5)
FN:62,(anonymous_6)
FN:69,(anonymous_7)
FN:75,(anonymous_8)
FN:84,(anonymous_9)
FN:113,(anonymous_10)
FNF:11
FNH:10
FNDA:67,(anonymous_0)
FNDA:25,(anonymous_1)
FNDA:152,(anonymous_2)
FNDA:152,(anonymous_3)
FNDA:20,(anonymous_4)
FNDA:25,(anonymous_5)
FNDA:49,(anonymous_6)
FNDA:49,(anonymous_7)
FNDA:49,(anonymous_8)
FNDA:0,(anonymous_9)
FNDA:49,(anonymous_10)
DA:1,1
DA:2,1
DA:14,1
DA:27,1
DA:34,67
DA:35,67
DA:38,67
DA:39,25
DA:41,20
DA:42,152
DA:43,152
DA:44,152
DA:45,152
DA:46,152
DA:50,20
DA:54,67
DA:55,25
DA:56,20
DA:57,20
DA:62,67
DA:63,49
DA:64,49
DA:65,49
DA:69,67
DA:70,49
DA:71,7
DA:72,3
DA:75,67
DA:76,49
DA:77,7
DA:78,3
DA:81,67
DA:114,49
DA:210,1
LF:34
LH:34
BRDA:32,0,0,67
BRDA:34,1,0,67
BRDA:34,1,1,2
BRDA:39,2,0,5
BRDA:39,3,0,25
BRDA:39,3,1,22
BRDA:55,4,0,20
BRDA:55,5,0,25
BRDA:55,5,1,22
BRDA:70,6,0,42
BRDA:71,7,0,4
BRDA:76,8,0,42
BRDA:77,9,0,4
BRDA:139,10,0,49
BRDA:139,10,1,47
BRF:15
BRH:15
end_of_record
TN:
SF:src/component/Response/hooks/useFormResponses.ts
FN:33,(anonymous_0)
FN:40,(anonymous_1)
FN:42,(anonymous_2)
FN:50,(anonymous_3)
FN:62,(anonymous_4)
FN:86,(anonymous_5)
FN:120,(anonymous_6)
FN:126,(anonymous_7)
FN:150,(anonymous_8)
FN:165,(anonymous_9)
FN:176,(anonymous_10)
FN:182,(anonymous_11)
FN:187,(anonymous_12)
FN:190,(anonymous_13)
FN:193,(anonymous_14)
FN:201,(anonymous_15)
FN:209,(anonymous_16)
FN:244,(anonymous_17)
FN:268,(anonymous_18)
FN:314,(anonymous_19)
FNF:20
FNH:14
FNDA:6,(anonymous_0)
FNDA:3,(anonymous_1)
FNDA:7,(anonymous_2)
FNDA:5,(anonymous_3)
FNDA:5,(anonymous_4)
FNDA:4,(anonymous_5)
FNDA:5,(anonymous_6)
FNDA:1,(anonymous_7)
FNDA:0,(anonymous_8)
FNDA:0,(anonymous_9)
FNDA:3,(anonymous_10)
FNDA:3,(anonymous_11)
FNDA:7,(anonymous_12)
FNDA:0,(anonymous_13)
FNDA:3,(anonymous_14)
FNDA:0,(anonymous_15)
FNDA:0,(anonymous_16)
FNDA:3,(anonymous_17)
FNDA:3,(anonymous_18)
FNDA:0,(anonymous_19)
DA:1,1
DA:2,1
DA:3,1
DA:33,1
DA:38,6
DA:40,6
DA:41,3
DA:42,3
DA:43,7
DA:45,3
DA:49,6
DA:51,5
DA:61,6
DA:67,5
DA:68,0
DA:71,5
DA:75,5
DA:76,0
DA:82,5
DA:83,0
DA:85,5
DA:86,4
DA:88,5
DA:91,5
DA:92,1
DA:95,4
DA:97,4
DA:102,1
DA:103,0
DA:107,1
DA:113,3
DA:115,3
DA:117,3
DA:119,3
DA:120,5
DA:124,3
DA:125,1
DA:126,1
DA:128,1
DA:130,0
DA:131,0
DA:134,0
DA:137,2
DA:140,2
DA:143,0
DA:149,6
DA:151,0
DA:157,0
DA:159,0
DA:160,0
DA:162,0
DA:165,0
DA:169,0
DA:175,6
DA:182,3
DA:185,3
DA:188,7
DA:189,3
DA:190,0
DA:193,3
DA:200,3
DA:201,0
DA:203,0
DA:206,0
DA:208,0
DA:209,0
DA:212,0
DA:215,0
DA:220,0
DA:222,0
DA:224,0
DA:230,0
DA:231,0
DA:236,3
DA:238,3
DA:241,3
DA:243,3
DA:244,3
DA:247,3
DA:249,3
DA:250,0
DA:253,0
DA:255,3
DA:262,0
DA:263,0
DA:268,3
DA:271,3
DA:272,3
DA:275,3
DA:276,3
DA:277,3
DA:278,3
DA:281,3
DA:282,3
DA:283,3
DA:285,3
DA:286,3
DA:287,3
DA:291,0
DA:293,0
DA:294,0
DA:295,0
DA:297,0
DA:301,3
DA:302,0
DA:305,3
DA:308,3
DA:314,6
DA:315,0
DA:318,6
LF:110
LH:71
BRDA:43,0,0,7
BRDA:52,1,0,5
BRDA:52,1,1,5
BRDA:52,1,2,4
BRDA:52,1,3,4
BRDA:52,1,4,3
BRDA:67,2,0,0
BRDA:72,3,0,5
BRDA:72,3,1,0
BRDA:75,4,0,0
BRDA:82,5,0,0
BRDA:82,5,1,5
BRDA:83,6,0,0
BRDA:83,6,1,0
BRDA:91,7,0,1
BRDA:97,8,0,1
BRDA:98,9,0,4
BRDA:98,9,1,3
BRDA:102,10,0,0
BRDA:108,11,0,1
BRDA:108,11,1,0
BRDA:113,12,0,3
BRDA:117,13,0,3
BRDA:117,13,1,0
BRDA:124,14,0,1
BRDA:130,15,0,0
BRDA:130,15,1,0
BRDA:159,16,0,0
BRDA:185,17,0,3
BRDA:185,17,1,0
BRDA:188,18,0,4
BRDA:188,19,0,7
BRDA:188,19,1,3
BRDA:189,20,0,0
BRDA:189,20,1,3
BRDA:194,21,0,3
BRDA:194,21,1,0
BRDA:200,22,0,0
BRDA:200,22,1,3
BRDA:206,23,0,0
BRDA:212,24,0,0
BRDA:212,24,1,0
BRDA:215,25,0,0
BRDA:215,25,1,0
BRDA:216,26,0,0
BRDA:216,26,1,0
BRDA:216,26,2,0
BRDA:230,27,0,0
BRDA:230,28,0,0
BRDA:230,28,1,0
BRDA:241,29,0,0
BRDA:241,30,0,3
BRDA:241,30,1,3
BRDA:247,31,0,3
BRDA:247,31,1,0
BRDA:249,32,0,0
BRDA:249,32,1,3
BRDA:249,33,0,3
BRDA:249,33,1,3
BRDA:262,34,0,0
BRDA:262,35,0,0
BRDA:262,35,1,0
BRDA:285,36,0,3
BRDA:285,37,0,3
BRDA:285,37,1,3
BRDA:293,38,0,0
BRDA:293,38,1,0
BRDA:293,39,0,0
BRDA:293,39,1,0
BRDA:301,40,0,0
BRF:70
BRH:32
end_of_record
TN:
SF:src/component/Response/hooks/useFormValidation.ts
FN:10,(anonymous_0)
FN:17,(anonymous_1)
FN:92,(anonymous_2)
FN:93,(anonymous_3)
FN:106,(anonymous_4)
FN:115,(anonymous_5)
FN:117,(anonymous_6)
FN:132,(anonymous_7)
FN:133,(anonymous_8)
FN:142,(anonymous_9)
FN:152,(anonymous_10)
FNF:11
FNH:11
FNDA:4,(anonymous_0)
FNDA:9,(anonymous_1)
FNDA:2,(anonymous_2)
FNDA:5,(anonymous_3)
FNDA:6,(anonymous_4)
FNDA:2,(anonymous_5)
FNDA:6,(anonymous_6)
FNDA:5,(anonymous_7)
FNDA:8,(anonymous_8)
FNDA:1,(anonymous_9)
FNDA:1,(anonymous_10)
DA:1,1
DA:2,1
DA:10,1
DA:16,4
DA:22,9
DA:24,7
DA:26,7
DA:29,7
DA:31,0
DA:35,4
DA:40,3
DA:43,0
DA:44,0
DA:45,0
DA:47,0
DA:50,0
DA:51,0
DA:52,0
DA:54,0
DA:59,0
DA:60,0
DA:62,0
DA:64,0
DA:65,0
DA:66,0
DA:67,0
DA:69,0
DA:73,0
DA:74,0
DA:78,0
DA:80,0
DA:85,0
DA:91,4
DA:93,2
DA:95,5
DA:99,1
DA:102,4
DA:103,0
DA:106,6
DA:108,4
DA:114,4
DA:117,2
DA:118,6
DA:121,6
DA:125,1
DA:128,5
DA:132,2
DA:133,8
DA:136,5
DA:140,2
DA:141,1
DA:144,1
DA:146,1
DA:147,1
DA:150,0
DA:152,1
DA:155,1
DA:158,1
DA:163,4
LF:59
LH:35
BRDA:22,0,0,2
BRDA:26,1,0,0
BRDA:26,2,0,7
BRDA:26,2,1,7
BRDA:29,3,0,0
BRDA:29,3,1,4
BRDA:29,3,2,4
BRDA:29,3,3,3
BRDA:29,3,4,3
BRDA:29,3,5,3
BRDA:29,3,6,0
BRDA:29,3,7,0
BRDA:29,3,8,0
BRDA:29,3,9,0
BRDA:29,3,10,0
BRDA:31,4,0,0
BRDA:31,4,1,0
BRDA:35,5,0,4
BRDA:35,5,1,4
BRDA:40,6,0,3
BRDA:40,6,1,3
BRDA:43,7,0,0
BRDA:44,8,0,0
BRDA:45,9,0,0
BRDA:45,9,1,0
BRDA:50,10,0,0
BRDA:59,11,0,0
BRDA:59,12,0,0
BRDA:59,12,1,0
BRDA:62,13,0,0
BRDA:62,14,0,0
BRDA:62,14,1,0
BRDA:64,15,0,0
BRDA:64,16,0,0
BRDA:64,16,1,0
BRDA:66,17,0,0
BRDA:66,18,0,0
BRDA:66,18,1,0
BRDA:69,19,0,0
BRDA:70,20,0,0
BRDA:70,20,1,0
BRDA:74,21,0,0
BRDA:75,22,0,0
BRDA:75,22,1,0
BRDA:95,23,0,1
BRDA:96,24,0,5
BRDA:96,24,1,5
BRDA:102,25,0,0
BRDA:118,26,0,0
BRDA:121,27,0,1
BRDA:122,28,0,6
BRDA:122,28,1,6
BRDA:140,29,0,1
BRDA:144,30,0,1
BRDA:144,31,0,1
BRDA:144,31,1,1
BRDA:147,32,0,1
BRDA:147,32,1,0
BRF:58
BRH:23
end_of_record
TN:
SF:src/hooks/useImprovedAutoSave.ts
FN:30,(anonymous_0)
FN:41,(anonymous_1)
FN:65,(anonymous_2)
FN:69,(anonymous_3)
FN:73,(anonymous_4)
FN:75,(anonymous_5)
FN:79,(anonymous_6)
FN:88,(anonymous_7)
FN:97,(anonymous_8)
FN:103,(anonymous_9)
FN:121,(anonymous_10)
FN:142,(anonymous_11)
FN:153,(anonymous_12)
FN:216,(anonymous_13)
FN:223,(anonymous_14)
FN:262,(anonymous_15)
FN:263,(anonymous_16)
FN:265,(anonymous_17)
FN:268,(anonymous_18)
FN:270,(anonymous_19)
FN:276,(anonymous_20)
FN:283,(anonymous_21)
FN:285,(anonymous_22)
FN:303,(anonymous_23)
FN:310,(anonymous_24)
FN:317,(anonymous_25)
FN:350,(anonymous_26)
FN:369,(anonymous_27)
FN:391,(anonymous_28)
FN:413,(anonymous_29)
FN:428,(anonymous_30)
FN:431,(anonymous_31)
FN:450,(anonymous_32)
FN:451,(anonymous_33)
FN:464,(anonymous_34)
FNF:35
FNH:24
FNDA:9,(anonymous_0)
FNDA:9,(anonymous_1)
FNDA:9,(anonymous_2)
FNDA:8,(anonymous_3)
FNDA:2,(anonymous_4)
FNDA:1,(anonymous_5)
FNDA:0,(anonymous_6)
FNDA:0,(anonymous_7)
FNDA:0,(anonymous_8)
FNDA:0,(anonymous_9)
FNDA:0,(anonymous_10)
FNDA:3,(anonymous_11)
FNDA:2,(anonymous_12)
FNDA:1,(anonymous_13)
FNDA:1,(anonymous_14)
FNDA:3,(anonymous_15)
FNDA:1,(anonymous_16)
FNDA:1,(anonymous_17)
FNDA:0,(anonymous_18)
FNDA:0,(anonymous_19)
FNDA:3,(anonymous_20)
FNDA:6,(anonymous_21)
FNDA:1,(anonymous_22)
FNDA:2,(anonymous_23)
FNDA:2,(anonymous_24)
FNDA:1,(anonymous_25)
FNDA:0,(anonymous_26)
FNDA:0,(anonymous_27)
FNDA:0,(anonymous_28)
FNDA:3,(anonymous_29)
FNDA:3,(anonymous_30)
FNDA:3,(anonymous_31)
FNDA:3,(anonymous_32)
FNDA:0,(anonymous_33)
FNDA:3,(anonymous_34)
DA:1,1
DA:2,1
DA:5,1
DA:6,1
DA:7,1
DA:12,1
DA:30,1
DA:37,9
DA:39,9
DA:41,9
DA:43,9
DA:50,9
DA:51,9
DA:52,9
DA:53,9
DA:54,9
DA:55,9
DA:56,9
DA:57,9
DA:58,9
DA:59,9
DA:60,9
DA:62,9
DA:65,9
DA:66,9
DA:69,9
DA:70,8
DA:73,9
DA:74,2
DA:75,1
DA:79,0
DA:87,9
DA:89,0
DA:90,0
DA:96,9
DA:99,0
DA:101,0
DA:103,0
DA:104,0
DA:109,0
DA:112,0
DA:113,0
DA:121,9
DA:122,0
DA:124,0
DA:125,0
DA:128,0
DA:129,0
DA:130,0
DA:132,0
DA:137,0
DA:141,9
DA:147,3
DA:148,0
DA:150,3
DA:151,3
DA:153,3
DA:160,3
DA:162,3
DA:164,3
DA:171,3
DA:172,3
DA:174,3
DA:180,3
DA:183,3
DA:185,3
DA:186,2
DA:187,2
DA:190,1
DA:193,0
DA:194,0
DA:195,0
DA:197,0
DA:203,2
DA:205,0
DA:209,1
DA:211,1
DA:213,1
DA:215,1
DA:216,1
DA:223,1
DA:224,1
DA:225,1
DA:228,1
DA:230,0
DA:237,0
DA:243,0
DA:262,9
DA:263,3
DA:264,1
DA:265,1
DA:268,3
DA:269,0
DA:270,0
DA:273,3
DA:274,3
DA:276,3
DA:277,3
DA:278,3
DA:283,9
DA:284,6
DA:285,1
DA:286,1
DA:287,1
DA:288,1
DA:289,1
DA:291,0
DA:295,1
DA:302,9
DA:306,2
DA:307,0
DA:310,2
DA:312,2
DA:314,2
DA:316,2
DA:317,1
DA:318,1
DA:319,1
DA:321,1
DA:325,1
DA:329,1
DA:330,1
DA:332,1
DA:340,1
DA:341,1
DA:342,1
DA:349,9
DA:355,0
DA:356,0
DA:357,0
DA:360,0
DA:361,0
DA:362,0
DA:365,0
DA:366,0
DA:369,0
DA:376,0
DA:382,0
DA:383,0
DA:384,0
DA:387,0
DA:390,0
DA:391,0
DA:398,0
DA:404,0
DA:406,0
DA:413,9
DA:414,3
DA:419,3
DA:420,2
DA:421,2
DA:428,9
DA:429,3
DA:431,3
DA:432,3
DA:434,3
DA:435,0
DA:436,0
DA:438,3
DA:439,1
DA:440,1
DA:442,3
DA:443,0
DA:444,0
DA:450,9
DA:451,3
DA:453,0
DA:454,0
DA:455,0
DA:456,0
DA:458,0
DA:459,0
DA:463,3
DA:464,3
DA:467,9
DA:476,1
LF:176
LH:116
BRDA:30,0,0,1
BRDA:32,1,0,1
BRDA:33,2,0,9
BRDA:34,3,0,9
BRDA:35,4,0,9
BRDA:36,5,0,9
BRDA:101,6,0,0
BRDA:103,7,0,0
BRDA:122,8,0,0
BRDA:122,9,0,0
BRDA:122,9,1,0
BRDA:144,10,0,1
BRDA:147,11,0,0
BRDA:147,12,0,3
BRDA:147,12,1,3
BRDA:147,12,2,3
BRDA:151,13,0,0
BRDA:160,14,0,0
BRDA:171,15,0,3
BRDA:171,15,1,0
BRDA:172,16,0,0
BRDA:183,17,0,3
BRDA:185,18,0,2
BRDA:185,18,1,1
BRDA:185,19,0,3
BRDA:185,19,1,2
BRDA:205,20,0,0
BRDA:205,20,1,0
BRDA:209,21,0,1
BRDA:209,21,1,0
BRDA:213,22,0,0
BRDA:215,23,0,1
BRDA:215,23,1,0
BRDA:224,24,0,0
BRDA:284,25,0,1
BRDA:284,26,0,6
BRDA:284,26,1,4
BRDA:306,27,0,0
BRDA:314,28,0,0
BRDA:316,29,0,1
BRDA:340,30,0,1
BRDA:355,31,0,0
BRDA:360,32,0,0
BRDA:377,33,0,0
BRDA:377,33,1,0
BRDA:382,34,0,0
BRDA:390,35,0,0
BRDA:390,35,1,0
BRDA:419,36,0,2
BRDA:419,37,0,3
BRDA:419,37,1,3
BRDA:419,37,2,2
BRDA:434,38,0,0
BRDA:438,39,0,1
BRDA:442,40,0,0
BRDA:458,41,0,0
BRDA:458,42,0,0
BRDA:458,42,1,0
BRF:58
BRH:28
end_of_record
TN:
SF:src/redux/formstore.ts
FN:13,(anonymous_7)
FN:73,(anonymous_8)
FN:76,(anonymous_9)
FN:79,(anonymous_10)
FN:82,(anonymous_11)
FN:96,(anonymous_12)
FN:100,(anonymous_13)
FN:119,(anonymous_14)
FN:127,(anonymous_15)
FN:152,(anonymous_16)
FN:155,(anonymous_17)
FN:158,(anonymous_18)
FN:161,(anonymous_19)
FN:164,(anonymous_20)
FN:167,(anonymous_21)
FN:173,(anonymous_22)
FN:176,(anonymous_23)
FN:183,(anonymous_24)
FN:184,(anonymous_25)
FN:187,(anonymous_26)
FN:190,(anonymous_27)
FNF:21
FNH:0
FNDA:0,(anonymous_7)
FNDA:0,(anonymous_8)
FNDA:0,(anonymous_9)
FNDA:0,(anonymous_10)
FNDA:0,(anonymous_11)
FNDA:0,(anonymous_12)
FNDA:0,(anonymous_13)
FNDA:0,(anonymous_14)
FNDA:0,(anonymous_15)
FNDA:0,(anonymous_16)
FNDA:0,(anonymous_17)
FNDA:0,(anonymous_18)
FNDA:0,(anonymous_19)
FNDA:0,(anonymous_20)
FNDA:0,(anonymous_21)
FNDA:0,(anonymous_22)
FNDA:0,(anonymous_23)
FNDA:0,(anonymous_24)
FNDA:0,(anonymous_25)
FNDA:0,(anonymous_26)
FNDA:0,(anonymous_27)
DA:1,1
DA:2,1
DA:7,1
DA:8,1
DA:11,1
DA:24,0
DA:25,0
DA:26,0
DA:33,0
DA:34,0
DA:39,0
DA:41,0
DA:42,0
DA:43,0
DA:45,0
DA:46,0
DA:51,1
DA:52,1
DA:54,1
DA:74,0
DA:77,0
DA:80,0
DA:88,0
DA:89,0
DA:91,0
DA:93,0
DA:97,0
DA:106,0
DA:107,0
DA:109,0
DA:111,0
DA:112,0
DA:116,0
DA:119,0
DA:121,0
DA:122,0
DA:126,0
DA:128,0
DA:131,0
DA:132,0
DA:134,0
DA:140,0
DA:144,0
DA:145,0
DA:146,0
DA:149,0
DA:153,0
DA:156,0
DA:159,0
DA:162,0
DA:165,0
DA:171,0
DA:174,0
DA:180,0
DA:184,0
DA:185,0
DA:187,0
DA:188,0
DA:190,0
DA:191,0
DA:195,1
DA:210,1
LF:62
LH:10
BRDA:24,0,0,0
BRDA:24,0,1,0
BRDA:33,1,0,0
BRDA:41,2,0,0
BRDA:42,3,0,0
BRDA:52,4,0,1
BRDA:52,4,1,1
BRDA:88,5,0,0
BRDA:88,5,1,0
BRDA:109,6,0,0
BRDA:109,7,0,0
BRDA:109,7,1,0
BRDA:121,8,0,0
BRDA:128,9,0,0
BRDA:128,9,1,0
BRDA:128,9,2,0
BRDA:131,10,0,0
BRDA:144,11,0,0
BRDA:144,11,1,0
BRF:19
BRH:2
end_of_record
TN:
SF:src/types/Form.types.ts
FN:13,(anonymous_0)
FN:17,(anonymous_1)
FN:25,(anonymous_2)
FN:31,(anonymous_3)
FN:39,(anonymous_4)
FN:43,(anonymous_5)
FN:97,(anonymous_6)
FN:269,(anonymous_7)
FNF:8
FNH:8
FNDA:5,(anonymous_0)
FNDA:5,(anonymous_1)
FNDA:5,(anonymous_2)
FNDA:5,(anonymous_3)
FNDA:5,(anonymous_4)
FNDA:5,(anonymous_5)
FNDA:5,(anonymous_6)
FNDA:5,(anonymous_7)
DA:11,5
DA:13,5
DA:14,5
DA:15,5
DA:17,5
DA:18,5
DA:19,5
DA:20,5
DA:21,5
DA:22,5
DA:25,5
DA:26,5
DA:27,5
DA:28,5
DA:31,5
DA:32,5
DA:33,5
DA:39,5
DA:40,5
DA:41,5
DA:43,5
DA:44,5
DA:45,5
DA:97,5
DA:98,5
DA:99,5
DA:100,5
DA:101,5
DA:102,5
DA:103,5
DA:104,5
DA:105,5
DA:106,5
DA:107,5
DA:175,5
DA:246,5
DA:255,5
DA:269,5
DA:270,5
DA:272,5
DA:273,0
DA:276,5
DA:279,5
LF:43
LH:42
BRDA:13,0,0,5
BRDA:13,0,1,5
BRDA:17,1,0,5
BRDA:17,1,1,5
BRDA:25,2,0,5
BRDA:25,2,1,5
BRDA:31,3,0,5
BRDA:31,3,1,5
BRDA:39,4,0,5
BRDA:39,4,1,5
BRDA:43,5,0,5
BRDA:43,5,1,5
BRDA:97,6,0,5
BRDA:97,6,1,5
BRDA:272,7,0,0
BRF:15
BRH:14
end_of_record
TN:
SF:src/utils/rangeValidation.ts
FN:14,(anonymous_0)
FN:19,(anonymous_1)
FN:91,(anonymous_2)
FN:106,(anonymous_3)
FN:121,(anonymous_4)
FN:129,(anonymous_5)
FN:139,(anonymous_6)
FNF:7
FNH:6
FNDA:6,(anonymous_0)
FNDA:7,(anonymous_1)
FNDA:4,(anonymous_2)
FNDA:4,(anonymous_3)
FNDA:0,(anonymous_4)
FNDA:3,(anonymous_5)
FNDA:2,(anonymous_6)
DA:1,1
DA:14,1
DA:17,6
DA:19,6
DA:20,7
DA:21,7
DA:23,7
DA:25,4
DA:26,4
DA:32,4
DA:33,4
DA:35,4
DA:40,2
DA:48,4
DA:52,2
DA:53,2
DA:59,2
DA:60,2
DA:62,2
DA:63,2
DA:64,2
DA:66,2
DA:67,1
DA:76,2
DA:81,1
DA:85,6
DA:91,1
DA:94,4
DA:95,3
DA:97,3
DA:98,3
DA:100,3
DA:106,1
DA:109,4
DA:110,3
DA:112,3
DA:113,3
DA:115,3
DA:121,1
DA:122,0
DA:123,0
DA:129,1
DA:132,3
DA:134,2
DA:135,1
DA:138,1
DA:139,2
LF:47
LH:45
BRDA:20,0,0,7
BRDA:20,0,1,0
BRDA:20,0,2,0
BRDA:21,1,0,7
BRDA:21,1,1,0
BRDA:23,2,0,4
BRDA:23,2,1,2
BRDA:23,2,2,1
BRDA:26,3,0,4
BRDA:27,4,0,4
BRDA:27,4,1,4
BRDA:27,4,2,4
BRDA:27,4,3,4
BRDA:35,5,0,2
BRDA:36,6,0,4
BRDA:36,6,1,4
BRDA:36,6,2,4
BRDA:53,7,0,2
BRDA:54,8,0,2
BRDA:54,8,1,2
BRDA:54,8,2,2
BRDA:54,8,3,2
BRDA:62,9,0,2
BRDA:62,10,0,2
BRDA:62,10,1,2
BRDA:66,11,0,1
BRDA:94,12,0,1
BRDA:94,13,0,4
BRDA:94,13,1,3
BRDA:95,14,0,0
BRDA:95,15,0,3
BRDA:95,15,1,3
BRDA:98,16,0,0
BRDA:98,17,0,3
BRDA:98,17,1,3
BRDA:109,18,0,1
BRDA:109,19,0,4
BRDA:109,19,1,3
BRDA:110,20,0,0
BRDA:110,21,0,3
BRDA:110,21,1,3
BRDA:113,22,0,0
BRDA:113,23,0,3
BRDA:113,23,1,3
BRDA:113,23,2,3
BRDA:132,24,0,1
BRDA:134,25,0,1
BRF:47
BRH:40
end_of_record
