TN:
SF:src/helperFunc.ts
FN:55,(anonymous_0)
FN:69,(anonymous_1)
FN:83,deepEqual
FN:95,(anonymous_3)
FN:106,(anonymous_4)
FN:109,(anonymous_5)
FN:131,hasObjectChanged
FN:166,(anonymous_7)
FN:173,(anonymous_8)
FN:183,(anonymous_9)
FN:194,(anonymous_10)
FN:203,(anonymous_11)
FN:216,(anonymous_12)
FN:224,calculateFinalTotal
FN:235,(anonymous_14)
FN:253,(anonymous_15)
FN:257,(anonymous_16)
FN:270,(anonymous_17)
FN:275,(anonymous_18)
FN:286,(anonymous_19)
FN:317,(anonymous_20)
FN:332,(anonymous_21)
FN:335,(anonymous_22)
FN:351,(anonymous_23)
FN:361,(anonymous_24)
FN:366,(anonymous_25)
FN:377,(anonymous_26)
FN:434,(anonymous_27)
FN:443,(anonymous_28)
FN:449,(anonymous_29)
FN:451,(anonymous_30)
FN:461,(anonymous_31)
FN:479,(anonymous_32)
FN:497,(anonymous_33)
FN:503,(anonymous_34)
FN:513,(anonymous_35)
FN:515,(anonymous_36)
FN:529,(anonymous_37)
FN:530,(anonymous_38)
FN:538,(anonymous_39)
FN:542,(anonymous_40)
FN:552,(anonymous_41)
FN:554,(anonymous_42)
FN:578,(anonymous_43)
FN:593,(anonymous_44)
FN:617,(anonymous_45)
FN:644,(anonymous_46)
FN:648,(anonymous_47)
FN:690,(anonymous_48)
FN:709,(anonymous_49)
FN:713,(anonymous_50)
FN:739,(anonymous_51)
FN:762,(anonymous_52)
FN:781,(anonymous_53)
FN:825,(anonymous_54)
FN:842,(anonymous_55)
FN:846,(anonymous_56)
FN:878,(anonymous_57)
FN:889,(anonymous_58)
FN:894,(anonymous_59)
FN:931,saveFormStateToLocalStorage
FNF:61
FNH:53
FNDA:9,(anonymous_0)
FNDA:8,(anonymous_1)
FNDA:15,deepEqual
FNDA:0,(anonymous_3)
FNDA:16,(anonymous_4)
FNDA:16,(anonymous_5)
FNDA:14,hasObjectChanged
FNDA:5,(anonymous_7)
FNDA:6,(anonymous_8)
FNDA:2,(anonymous_9)
FNDA:0,(anonymous_10)
FNDA:2,(anonymous_11)
FNDA:2,(anonymous_12)
FNDA:1,calculateFinalTotal
FNDA:2,(anonymous_14)
FNDA:2,(anonymous_15)
FNDA:9,(anonymous_16)
FNDA:7,(anonymous_17)
FNDA:0,(anonymous_18)
FNDA:0,(anonymous_19)
FNDA:2,(anonymous_20)
FNDA:9,(anonymous_21)
FNDA:6,(anonymous_22)
FNDA:7,(anonymous_23)
FNDA:7,(anonymous_24)
FNDA:0,(anonymous_25)
FNDA:0,(anonymous_26)
FNDA:2,(anonymous_27)
FNDA:3,(anonymous_28)
FNDA:3,(anonymous_29)
FNDA:2,(anonymous_30)
FNDA:0,(anonymous_31)
FNDA:0,(anonymous_32)
FNDA:1,(anonymous_33)
FNDA:2,(anonymous_34)
FNDA:1,(anonymous_35)
FNDA:2,(anonymous_36)
FNDA:2,(anonymous_37)
FNDA:1,(anonymous_38)
FNDA:1,(anonymous_39)
FNDA:2,(anonymous_40)
FNDA:1,(anonymous_41)
FNDA:2,(anonymous_42)
FNDA:9,(anonymous_43)
FNDA:9,(anonymous_44)
FNDA:1,(anonymous_45)
FNDA:2,(anonymous_46)
FNDA:2,(anonymous_47)
FNDA:1,(anonymous_48)
FNDA:1,(anonymous_49)
FNDA:1,(anonymous_50)
FNDA:1,(anonymous_51)
FNDA:1,(anonymous_52)
FNDA:2,(anonymous_53)
FNDA:1,(anonymous_54)
FNDA:2,(anonymous_55)
FNDA:2,(anonymous_56)
FNDA:1,(anonymous_57)
FNDA:2,(anonymous_58)
FNDA:2,(anonymous_59)
FNDA:3,saveFormStateToLocalStorage
DA:3,6
DA:9,6
DA:10,6
DA:11,6
DA:12,6
DA:55,6
DA:56,9
DA:57,9
DA:58,9
DA:63,0
DA:69,6
DA:72,8
DA:73,7
DA:74,7
DA:76,0
DA:84,15
DA:85,9
DA:86,9
DA:88,9
DA:89,0
DA:93,9
DA:94,0
DA:95,0
DA:99,9
DA:100,9
DA:101,9
DA:102,9
DA:103,9
DA:105,9
DA:106,16
DA:107,0
DA:109,8
DA:110,16
DA:111,16
DA:113,16
DA:114,7
DA:117,9
DA:121,0
DA:131,6
DA:132,14
DA:134,7
DA:140,1
DA:143,6
DA:144,6
DA:146,6
DA:147,6
DA:149,6
DA:151,4
DA:152,7
DA:156,1
DA:160,3
DA:166,6
DA:170,5
DA:171,5
DA:173,6
DA:183,6
DA:184,2
DA:185,1
DA:186,1
DA:187,1
DA:188,1
DA:194,6
DA:195,0
DA:196,0
DA:197,0
DA:203,6
DA:204,2
DA:205,2
DA:206,2
DA:216,6
DA:219,2
DA:224,6
DA:229,1
DA:235,6
DA:244,2
DA:253,6
DA:257,2
DA:261,9
DA:263,9
DA:264,9
DA:265,0
DA:267,9
DA:269,9
DA:270,6
DA:273,7
DA:274,0
DA:276,0
DA:280,7
DA:281,7
DA:286,0
DA:290,7
DA:291,7
DA:295,7
DA:300,9
DA:301,9
DA:304,2
DA:306,2
DA:307,2
DA:308,2
DA:311,2
DA:317,6
DA:324,2
DA:325,0
DA:328,2
DA:329,2
DA:331,2
DA:332,9
DA:333,2
DA:335,2
DA:339,6
DA:341,6
DA:342,0
DA:345,6
DA:347,6
DA:351,7
DA:359,6
DA:361,6
DA:364,7
DA:365,0
DA:367,0
DA:371,7
DA:372,7
DA:377,0
DA:381,7
DA:382,0
DA:383,0
DA:387,7
DA:388,7
DA:390,7
DA:391,0
DA:392,0
DA:395,7
DA:397,7
DA:398,4
DA:399,4
DA:403,4
DA:405,3
DA:416,3
DA:419,7
DA:422,6
DA:425,2
DA:426,2
DA:428,2
DA:434,6
DA:440,2
DA:441,2
DA:443,2
DA:444,3
DA:445,3
DA:449,2
DA:450,3
DA:451,2
DA:452,2
DA:453,1
DA:458,2
DA:461,0
DA:463,0
DA:470,3
DA:471,1
DA:472,0
DA:476,1
DA:479,0
DA:481,0
DA:488,2
DA:497,6
DA:500,1
DA:501,1
DA:503,1
DA:504,2
DA:506,2
DA:507,2
DA:509,2
DA:510,2
DA:512,2
DA:513,1
DA:514,1
DA:516,2
DA:521,1
DA:522,1
DA:528,1
DA:529,2
DA:530,1
DA:532,1
DA:538,6
DA:542,1
DA:546,2
DA:547,1
DA:550,1
DA:552,1
DA:553,1
DA:555,2
DA:559,1
DA:560,1
DA:561,1
DA:565,1
DA:568,1
DA:578,6
DA:587,9
DA:593,6
DA:596,9
DA:597,1
DA:600,8
DA:601,8
DA:603,8
DA:604,0
DA:607,8
DA:608,8
DA:609,8
DA:611,8
DA:617,6
DA:628,1
DA:629,1
DA:630,1
DA:632,1
DA:633,0
DA:636,1
DA:642,1
DA:643,1
DA:644,1
DA:645,2
DA:648,1
DA:649,2
DA:650,2
DA:652,2
DA:653,2
DA:655,2
DA:659,2
DA:660,1
DA:662,1
DA:665,2
DA:666,1
DA:668,1
DA:669,1
DA:671,1
DA:675,1
DA:682,0
DA:683,0
DA:690,6
DA:700,1
DA:701,1
DA:703,1
DA:704,0
DA:707,1
DA:708,1
DA:709,1
DA:710,1
DA:713,1
DA:714,1
DA:715,1
DA:717,1
DA:718,1
DA:720,1
DA:721,1
DA:722,1
DA:726,1
DA:731,0
DA:732,0
DA:739,6
DA:746,1
DA:747,1
DA:749,1
DA:750,1
DA:751,1
DA:752,1
DA:754,0
DA:755,0
DA:762,6
DA:763,1
DA:774,1
DA:775,1
DA:777,1
DA:778,1
DA:779,1
DA:781,1
DA:782,2
DA:783,2
DA:784,2
DA:786,2
DA:787,2
DA:788,2
DA:790,2
DA:791,2
DA:792,2
DA:795,2
DA:796,0
DA:800,2
DA:804,2
DA:805,2
DA:806,2
DA:807,1
DA:809,2
DA:810,2
DA:816,0
DA:819,1
DA:825,6
DA:831,1
DA:832,1
DA:834,1
DA:835,0
DA:838,1
DA:840,1
DA:841,1
DA:842,1
DA:843,2
DA:846,1
DA:847,2
DA:848,2
DA:850,2
DA:853,2
DA:855,2
DA:860,1
DA:861,1
DA:865,1
DA:870,0
DA:871,0
DA:878,6
DA:881,1
DA:882,1
DA:884,1
DA:886,1
DA:887,1
DA:888,1
DA:889,2
DA:892,1
DA:894,1
DA:895,2
DA:896,2
DA:897,2
DA:899,2
DA:902,2
DA:905,2
DA:906,2
DA:907,2
DA:908,2
DA:911,2
DA:922,0
DA:925,1
DA:931,6
DA:942,3
DA:943,3
DA:945,3
DA:948,3
DA:949,1
DA:951,2
DA:952,2
DA:953,2
DA:956,3
DA:958,0
LF:348
LH:304
BRDA:57,0,0,9
BRDA:57,1,0,9
BRDA:57,1,1,9
BRDA:72,2,0,1
BRDA:84,3,0,6
BRDA:85,4,0,0
BRDA:85,5,0,9
BRDA:85,5,1,9
BRDA:86,6,0,0
BRDA:88,7,0,0
BRDA:88,8,0,9
BRDA:88,8,1,0
BRDA:93,9,0,0
BRDA:93,10,0,9
BRDA:93,10,1,0
BRDA:94,11,0,0
BRDA:99,12,0,9
BRDA:105,13,0,1
BRDA:106,14,0,0
BRDA:113,15,0,7
BRDA:113,16,0,16
BRDA:113,16,1,7
BRDA:132,17,0,7
BRDA:134,18,0,1
BRDA:135,19,0,7
BRDA:135,19,1,6
BRDA:135,19,2,6
BRDA:135,19,3,6
BRDA:149,20,0,2
BRDA:152,21,0,1
BRDA:153,22,0,7
BRDA:153,22,1,7
BRDA:170,23,0,0
BRDA:170,24,0,5
BRDA:170,24,1,5
BRDA:171,25,0,1
BRDA:184,26,0,1
BRDA:184,27,0,2
BRDA:184,27,1,2
BRDA:204,28,0,0
BRDA:204,29,0,2
BRDA:204,29,1,2
BRDA:229,30,0,1
BRDA:229,30,1,0
BRDA:229,31,0,1
BRDA:229,31,1,0
BRDA:229,32,0,1
BRDA:229,32,1,0
BRDA:244,33,0,2
BRDA:244,33,1,0
BRDA:244,34,0,2
BRDA:244,34,1,0
BRDA:244,35,0,2
BRDA:244,35,1,0
BRDA:259,36,0,2
BRDA:261,37,0,9
BRDA:261,37,1,0
BRDA:263,38,0,9
BRDA:263,38,1,0
BRDA:264,39,0,0
BRDA:269,40,0,6
BRDA:269,41,0,9
BRDA:269,41,1,6
BRDA:273,42,0,0
BRDA:273,42,1,7
BRDA:276,43,0,0
BRDA:276,43,1,0
BRDA:276,43,2,0
BRDA:280,44,0,7
BRDA:282,45,0,7
BRDA:282,45,1,0
BRDA:282,46,0,7
BRDA:282,46,1,0
BRDA:282,47,0,7
BRDA:282,47,1,7
BRDA:286,48,0,0
BRDA:286,48,1,0
BRDA:290,49,0,7
BRDA:304,50,0,2
BRDA:304,50,1,0
BRDA:306,51,0,2
BRDA:306,52,0,2
BRDA:306,52,1,2
BRDA:324,53,0,0
BRDA:324,54,0,2
BRDA:324,54,1,2
BRDA:333,55,0,0
BRDA:337,56,0,2
BRDA:341,57,0,0
BRDA:341,58,0,6
BRDA:341,58,1,6
BRDA:355,59,0,7
BRDA:355,59,1,0
BRDA:364,60,0,0
BRDA:364,60,1,7
BRDA:367,61,0,0
BRDA:367,61,1,0
BRDA:367,61,2,0
BRDA:371,62,0,7
BRDA:373,63,0,7
BRDA:373,63,1,0
BRDA:373,64,0,7
BRDA:373,64,1,0
BRDA:373,65,0,7
BRDA:373,65,1,7
BRDA:377,66,0,0
BRDA:377,66,1,0
BRDA:381,67,0,0
BRDA:387,68,0,7
BRDA:387,68,1,0
BRDA:390,69,0,0
BRDA:397,70,0,4
BRDA:397,70,1,3
BRDA:397,71,0,7
BRDA:397,71,1,4
BRDA:412,72,0,3
BRDA:412,72,1,0
BRDA:444,73,0,3
BRDA:450,74,0,2
BRDA:452,75,0,1
BRDA:452,76,0,2
BRDA:452,76,1,2
BRDA:458,77,0,0
BRDA:459,78,0,2
BRDA:459,78,1,0
BRDA:459,78,2,0
BRDA:470,79,0,1
BRDA:471,80,0,0
BRDA:471,81,0,1
BRDA:471,81,1,1
BRDA:476,82,0,0
BRDA:477,83,0,1
BRDA:477,83,1,0
BRDA:477,83,2,0
BRDA:503,84,0,1
BRDA:504,85,0,0
BRDA:506,86,0,2
BRDA:506,86,1,0
BRDA:507,87,0,0
BRDA:512,88,0,1
BRDA:516,89,0,2
BRDA:516,89,1,2
BRDA:516,89,2,1
BRDA:516,89,3,0
BRDA:521,90,0,1
BRDA:544,91,0,1
BRDA:546,92,0,1
BRDA:546,93,0,2
BRDA:546,93,1,1
BRDA:555,94,0,2
BRDA:555,94,1,2
BRDA:555,94,2,1
BRDA:555,94,3,0
BRDA:559,95,0,1
BRDA:587,96,0,4
BRDA:587,96,1,5
BRDA:596,97,0,1
BRDA:596,98,0,9
BRDA:596,98,1,9
BRDA:603,99,0,0
BRDA:609,100,0,2
BRDA:609,100,1,6
BRDA:621,101,0,1
BRDA:632,102,0,0
BRDA:636,103,0,1
BRDA:636,103,1,0
BRDA:637,104,0,0
BRDA:637,104,1,1
BRDA:650,105,0,0
BRDA:653,106,0,2
BRDA:653,106,1,2
BRDA:655,107,0,2
BRDA:655,107,1,2
BRDA:656,108,0,2
BRDA:656,108,1,0
BRDA:659,109,0,1
BRDA:659,109,1,1
BRDA:659,110,0,2
BRDA:659,110,1,1
BRDA:660,111,0,1
BRDA:660,111,1,1
BRDA:662,112,0,1
BRDA:662,112,1,0
BRDA:665,113,0,1
BRDA:665,113,1,1
BRDA:668,114,0,1
BRDA:703,115,0,0
BRDA:715,116,0,0
BRDA:718,117,0,1
BRDA:718,117,1,0
BRDA:720,118,0,1
BRDA:720,119,0,1
BRDA:720,119,1,1
BRDA:747,120,0,0
BRDA:775,121,0,0
BRDA:782,122,0,2
BRDA:782,122,1,0
BRDA:786,123,0,2
BRDA:791,124,0,2
BRDA:793,125,0,2
BRDA:793,125,1,1
BRDA:795,126,0,0
BRDA:797,127,0,0
BRDA:797,127,1,0
BRDA:804,128,0,2
BRDA:804,128,1,0
BRDA:805,129,0,2
BRDA:805,130,0,2
BRDA:805,130,1,2
BRDA:806,131,0,1
BRDA:806,132,0,2
BRDA:806,132,1,1
BRDA:809,133,0,2
BRDA:809,134,0,2
BRDA:809,134,1,1
BRDA:826,135,0,0
BRDA:834,136,0,0
BRDA:848,137,0,0
BRDA:853,138,0,2
BRDA:853,138,1,0
BRDA:855,139,0,1
BRDA:856,140,0,2
BRDA:856,140,1,2
BRDA:856,140,2,2
BRDA:879,141,0,1
BRDA:884,142,0,0
BRDA:888,143,0,1
BRDA:888,143,1,0
BRDA:895,144,0,2
BRDA:895,144,1,0
BRDA:905,145,0,2
BRDA:905,145,1,0
BRDA:906,146,0,2
BRDA:906,147,0,2
BRDA:906,147,1,2
BRDA:914,148,0,2
BRDA:914,148,1,0
BRDA:915,149,0,2
BRDA:915,149,1,2
BRDA:916,150,0,2
BRDA:916,150,1,0
BRDA:934,151,0,2
BRDA:943,152,0,0
BRDA:948,153,0,1
BRDA:948,153,1,2
BRDA:953,154,0,2
BRDA:953,154,1,1
BRF:247
BRH:163
end_of_record
TN:
SF:src/component/InactivityWarning.tsx
FN:27,(anonymous_0)
FN:37,(anonymous_1)
FN:40,(anonymous_2)
FN:41,(anonymous_3)
FN:49,(anonymous_4)
FN:52,(anonymous_5)
FN:59,(anonymous_6)
FN:65,(anonymous_7)
FN:71,(anonymous_8)
FN:80,(anonymous_9)
FN:110,(anonymous_10)
FNF:11
FNH:10
FNDA:67,(anonymous_0)
FNDA:25,(anonymous_1)
FNDA:152,(anonymous_2)
FNDA:152,(anonymous_3)
FNDA:20,(anonymous_4)
FNDA:25,(anonymous_5)
FNDA:49,(anonymous_6)
FNDA:49,(anonymous_7)
FNDA:49,(anonymous_8)
FNDA:0,(anonymous_9)
FNDA:49,(anonymous_10)
DA:1,1
DA:2,1
DA:14,1
DA:27,1
DA:34,67
DA:35,67
DA:37,67
DA:38,25
DA:40,20
DA:41,152
DA:42,152
DA:43,152
DA:44,152
DA:45,152
DA:49,20
DA:52,67
DA:53,25
DA:54,20
DA:55,20
DA:59,67
DA:60,49
DA:61,49
DA:62,49
DA:65,67
DA:66,49
DA:67,7
DA:68,3
DA:71,67
DA:72,49
DA:73,7
DA:74,3
DA:77,67
DA:111,49
DA:207,1
LF:34
LH:34
BRDA:32,0,0,67
BRDA:34,1,0,67
BRDA:34,1,1,2
BRDA:38,2,0,5
BRDA:38,3,0,25
BRDA:38,3,1,22
BRDA:53,4,0,20
BRDA:53,5,0,25
BRDA:53,5,1,22
BRDA:66,6,0,42
BRDA:67,7,0,4
BRDA:72,8,0,42
BRDA:73,9,0,4
BRDA:136,10,0,49
BRDA:136,10,1,47
BRF:15
BRH:15
end_of_record
TN:
SF:src/component/FormComponent/DateRanageSelector.tsx
FN:24,(anonymous_0)
FN:61,DateRangeSelector
FN:68,(anonymous_2)
FN:105,(anonymous_3)
FN:132,(anonymous_4)
FNF:5
FNH:1
FNDA:11,(anonymous_0)
FNDA:0,DateRangeSelector
FNDA:0,(anonymous_2)
FNDA:0,(anonymous_3)
FNDA:0,(anonymous_4)
DA:1,1
DA:2,1
DA:6,1
DA:13,1
DA:24,1
DA:27,11
DA:29,8
DA:30,8
DA:32,8
DA:33,1
DA:37,7
DA:38,7
DA:39,6
DA:43,1
DA:45,1
DA:46,1
DA:47,1
DA:48,0
DA:57,1
DA:61,1
DA:68,0
DA:69,0
DA:71,0
DA:72,0
DA:73,0
DA:75,0
DA:76,0
DA:80,0
DA:83,0
DA:85,0
DA:89,0
DA:92,0
DA:94,0
DA:95,0
DA:99,0
DA:102,0
DA:105,0
DA:106,0
DA:109,0
DA:111,0
DA:112,0
DA:113,0
DA:115,0
DA:116,0
DA:117,0
DA:118,0
DA:120,0
DA:123,0
DA:127,0
DA:131,0
DA:133,0
DA:135,0
DA:137,0
DA:138,0
DA:139,0
DA:143,0
DA:144,0
DA:146,0
DA:147,0
DA:148,0
DA:152,0
DA:154,0
DA:156,0
DA:157,0
DA:163,0
DA:164,0
DA:170,0
LF:67
LH:19
BRDA:27,0,0,3
BRDA:27,1,0,11
BRDA:27,1,1,8
BRDA:32,2,0,1
BRDA:38,3,0,6
BRDA:47,4,0,0
BRDA:65,5,0,0
BRDA:66,6,0,0
BRDA:69,7,0,0
BRDA:69,8,0,0
BRDA:69,8,1,0
BRDA:75,9,0,0
BRDA:75,10,0,0
BRDA:75,10,1,0
BRDA:83,11,0,0
BRDA:109,12,0,0
BRDA:109,12,1,0
BRDA:109,13,0,0
BRDA:109,13,1,0
BRDA:109,13,2,0
BRDA:115,14,0,0
BRDA:115,14,1,0
BRDA:115,15,0,0
BRDA:115,15,1,0
BRDA:117,16,0,0
BRDA:117,16,1,0
BRDA:133,17,0,0
BRDA:137,18,0,0
BRDA:143,19,0,0
BRDA:143,20,0,0
BRDA:143,20,1,0
BRDA:146,21,0,0
BRDA:156,22,0,0
BRDA:156,23,0,0
BRDA:156,23,1,0
BRF:35
BRH:5
end_of_record
TN:
SF:src/component/FormComponent/Question/utils.tsx
FN:3,(anonymous_0)
FN:20,(anonymous_1)
FN:29,(anonymous_2)
FN:39,(anonymous_3)
FN:43,(anonymous_4)
FN:57,(anonymous_5)
FN:63,(anonymous_6)
FN:73,(anonymous_7)
FN:77,(anonymous_8)
FN:89,(anonymous_9)
FN:114,(anonymous_10)
FN:117,(anonymous_11)
FN:120,(anonymous_12)
FN:123,(anonymous_13)
FN:125,(anonymous_14)
FN:133,(anonymous_15)
FN:137,(anonymous_16)
FNF:17
FNH:5
FNDA:0,(anonymous_0)
FNDA:0,(anonymous_1)
FNDA:0,(anonymous_2)
FNDA:0,(anonymous_3)
FNDA:0,(anonymous_4)
FNDA:8,(anonymous_5)
FNDA:14,(anonymous_6)
FNDA:5,(anonymous_7)
FNDA:9,(anonymous_8)
FNDA:5,(anonymous_9)
FNDA:0,(anonymous_10)
FNDA:0,(anonymous_11)
FNDA:0,(anonymous_12)
FNDA:0,(anonymous_13)
FNDA:0,(anonymous_14)
FNDA:0,(anonymous_15)
FNDA:0,(anonymous_16)
DA:1,1
DA:3,1
DA:4,0
DA:17,0
DA:20,1
DA:21,0
DA:23,0
DA:24,0
DA:25,0
DA:26,0
DA:27,0
DA:28,0
DA:29,0
DA:33,0
DA:36,0
DA:39,1
DA:40,0
DA:43,1
DA:47,0
DA:50,0
DA:54,0
DA:57,1
DA:60,8
DA:61,8
DA:63,8
DA:64,14
DA:65,12
DA:66,1
DA:68,12
DA:70,2
DA:73,14
DA:74,5
DA:77,9
DA:80,1
DA:86,14
DA:90,5
DA:94,1
DA:100,8
DA:103,1
DA:115,0
DA:117,0
DA:119,0
DA:120,0
DA:123,0
DA:125,0
DA:126,0
DA:133,0
DA:134,0
DA:137,0
DA:138,0
DA:141,0
LF:51
LH:23
BRDA:17,0,0,0
BRDA:17,0,1,0
BRDA:21,1,0,0
BRDA:23,2,0,0
BRDA:23,3,0,0
BRDA:23,3,1,0
BRDA:27,4,0,0
BRDA:40,5,0,0
BRDA:40,5,1,0
BRDA:45,6,0,0
BRDA:47,7,0,0
BRDA:50,8,0,0
BRDA:50,8,1,0
BRDA:64,9,0,12
BRDA:64,9,1,2
BRDA:64,10,0,14
BRDA:64,10,1,13
BRDA:65,11,0,1
BRDA:74,12,0,1
BRDA:75,13,0,5
BRDA:75,13,1,5
BRDA:77,14,0,9
BRDA:77,14,1,6
BRDA:86,15,0,1
BRDA:87,16,0,14
BRDA:87,16,1,5
BRDA:90,17,0,5
BRDA:90,17,1,2
BRDA:115,18,0,0
BRDA:115,18,1,0
BRDA:115,18,2,0
BRDA:115,18,3,0
BRDA:115,18,4,0
BRDA:115,18,5,0
BRDA:115,18,6,0
BRDA:120,19,0,0
BRDA:120,19,1,0
BRF:37
BRH:15
end_of_record
TN:
SF:src/component/Response/Response.type.ts
FN:61,(anonymous_0)
FN:71,(anonymous_1)
FN:149,(anonymous_2)
FNF:3
FNH:3
FNDA:1,(anonymous_0)
FNDA:1,(anonymous_1)
FNDA:4,(anonymous_2)
DA:61,1
DA:62,1
DA:63,1
DA:64,1
DA:65,1
DA:66,1
DA:67,1
DA:68,1
DA:71,1
DA:72,1
DA:73,1
DA:74,1
DA:121,1
DA:147,1
DA:149,4
LF:15
LH:15
BRDA:61,0,0,1
BRDA:61,0,1,1
BRDA:71,1,0,1
BRDA:71,1,1,1
BRF:4
BRH:4
end_of_record
TN:
SF:src/component/Response/hooks/useFormInitialization.ts
FN:8,(anonymous_1)
FN:19,(anonymous_2)
FN:35,(anonymous_3)
FN:36,(anonymous_4)
FNF:4
FNH:3
FNDA:12,(anonymous_1)
FNDA:0,(anonymous_2)
FNDA:6,(anonymous_3)
FNDA:6,(anonymous_4)
DA:1,1
DA:3,1
DA:5,1
DA:6,1
DA:8,1
DA:15,12
DA:16,12
DA:17,12
DA:20,0
DA:35,12
DA:36,6
DA:37,6
DA:38,6
DA:40,6
DA:41,6
DA:42,1
DA:43,1
DA:46,5
DA:47,0
DA:50,5
DA:54,5
DA:56,4
DA:62,4
DA:64,4
DA:65,4
DA:66,3
DA:67,3
DA:72,2
DA:76,2
DA:86,2
DA:91,2
DA:93,2
DA:94,2
DA:98,1
DA:106,1
DA:111,1
DA:115,5
DA:117,0
DA:118,0
DA:120,6
DA:121,6
DA:126,6
DA:135,12
DA:144,1
LF:44
LH:40
BRDA:41,0,0,1
BRDA:46,1,0,0
BRDA:46,2,0,5
BRDA:46,2,1,5
BRDA:54,3,0,4
BRDA:65,4,0,3
BRDA:65,4,1,1
BRDA:72,5,0,2
BRDA:72,5,1,0
BRDA:72,5,2,0
BRDA:120,6,0,6
BRF:11
BRH:8
end_of_record
TN:
SF:src/component/Response/hooks/useFormResponses.ts
FN:33,(anonymous_0)
FN:40,(anonymous_1)
FN:42,(anonymous_2)
FN:49,(anonymous_3)
FN:68,(anonymous_4)
FN:92,(anonymous_5)
FN:110,(anonymous_6)
FN:143,(anonymous_7)
FN:149,(anonymous_8)
FN:172,(anonymous_9)
FN:187,(anonymous_10)
FN:198,(anonymous_11)
FN:204,(anonymous_12)
FN:209,(anonymous_13)
FN:212,(anonymous_14)
FN:215,(anonymous_15)
FN:223,(anonymous_16)
FN:231,(anonymous_17)
FN:266,(anonymous_18)
FN:290,(anonymous_19)
FN:336,(anonymous_20)
FNF:21
FNH:14
FNDA:6,(anonymous_0)
FNDA:3,(anonymous_1)
FNDA:7,(anonymous_2)
FNDA:5,(anonymous_3)
FNDA:5,(anonymous_4)
FNDA:4,(anonymous_5)
FNDA:0,(anonymous_6)
FNDA:5,(anonymous_7)
FNDA:1,(anonymous_8)
FNDA:0,(anonymous_9)
FNDA:0,(anonymous_10)
FNDA:3,(anonymous_11)
FNDA:3,(anonymous_12)
FNDA:7,(anonymous_13)
FNDA:0,(anonymous_14)
FNDA:3,(anonymous_15)
FNDA:0,(anonymous_16)
FNDA:0,(anonymous_17)
FNDA:3,(anonymous_18)
FNDA:3,(anonymous_19)
FNDA:0,(anonymous_20)
DA:1,1
DA:2,1
DA:3,1
DA:33,1
DA:38,6
DA:40,6
DA:41,3
DA:42,3
DA:43,7
DA:45,3
DA:48,6
DA:50,5
DA:51,1
DA:53,4
DA:54,3
DA:57,1
DA:58,0
DA:59,0
DA:60,0
DA:62,1
DA:67,6
DA:73,5
DA:74,0
DA:77,5
DA:81,5
DA:82,0
DA:88,5
DA:89,0
DA:91,5
DA:92,4
DA:94,5
DA:97,5
DA:98,1
DA:101,4
DA:103,4
DA:107,1
DA:109,1
DA:110,0
DA:111,0
DA:117,1
DA:118,1
DA:121,0
DA:124,3
DA:125,3
DA:128,3
DA:129,3
DA:136,0
DA:137,0
DA:140,3
DA:142,3
DA:143,5
DA:146,3
DA:148,1
DA:149,1
DA:150,1
DA:152,0
DA:153,0
DA:156,0
DA:159,2
DA:162,2
DA:165,0
DA:171,6
DA:173,0
DA:179,0
DA:181,0
DA:182,0
DA:184,0
DA:187,0
DA:191,0
DA:197,6
DA:204,3
DA:207,3
DA:210,7
DA:211,3
DA:212,0
DA:215,3
DA:222,3
DA:223,0
DA:225,0
DA:228,0
DA:230,0
DA:231,0
DA:234,0
DA:237,0
DA:242,0
DA:244,0
DA:246,0
DA:252,0
DA:253,0
DA:258,3
DA:260,3
DA:263,3
DA:265,3
DA:266,3
DA:269,3
DA:271,3
DA:272,0
DA:275,0
DA:277,3
DA:284,0
DA:285,0
DA:290,3
DA:293,3
DA:294,3
DA:297,3
DA:298,3
DA:299,3
DA:300,3
DA:303,3
DA:304,3
DA:305,3
DA:307,3
DA:308,3
DA:309,3
DA:313,0
DA:315,0
DA:316,0
DA:317,0
DA:319,0
DA:323,3
DA:324,0
DA:327,3
DA:330,3
DA:336,6
DA:337,0
DA:340,6
LF:126
LH:80
BRDA:43,0,0,7
BRDA:50,1,0,1
BRDA:50,2,0,5
BRDA:50,2,1,5
BRDA:50,2,2,4
BRDA:53,3,0,3
BRDA:57,4,0,0
BRDA:57,5,0,1
BRDA:57,5,1,0
BRDA:59,6,0,0
BRDA:60,7,0,0
BRDA:60,7,1,0
BRDA:73,8,0,0
BRDA:78,9,0,5
BRDA:78,9,1,0
BRDA:81,10,0,0
BRDA:88,11,0,0
BRDA:88,11,1,5
BRDA:89,12,0,0
BRDA:89,12,1,0
BRDA:97,13,0,1
BRDA:103,14,0,1
BRDA:104,15,0,4
BRDA:104,15,1,3
BRDA:109,16,0,0
BRDA:111,17,0,0
BRDA:111,17,1,0
BRDA:117,18,0,1
BRDA:124,19,0,3
BRDA:124,20,0,3
BRDA:124,20,1,0
BRDA:129,21,0,0
BRDA:130,22,0,3
BRDA:130,22,1,3
BRDA:130,22,2,3
BRDA:130,22,3,0
BRDA:130,22,4,0
BRDA:137,23,0,0
BRDA:137,23,1,0
BRDA:140,24,0,3
BRDA:140,24,1,0
BRDA:146,25,0,1
BRDA:152,26,0,0
BRDA:152,26,1,0
BRDA:181,27,0,0
BRDA:207,28,0,3
BRDA:207,28,1,0
BRDA:210,29,0,4
BRDA:210,30,0,7
BRDA:210,30,1,3
BRDA:211,31,0,0
BRDA:211,31,1,3
BRDA:216,32,0,3
BRDA:216,32,1,0
BRDA:222,33,0,0
BRDA:222,33,1,3
BRDA:228,34,0,0
BRDA:234,35,0,0
BRDA:234,35,1,0
BRDA:237,36,0,0
BRDA:237,36,1,0
BRDA:238,37,0,0
BRDA:238,37,1,0
BRDA:238,37,2,0
BRDA:252,38,0,0
BRDA:252,39,0,0
BRDA:252,39,1,0
BRDA:263,40,0,0
BRDA:263,41,0,3
BRDA:263,41,1,3
BRDA:269,42,0,3
BRDA:269,42,1,0
BRDA:271,43,0,0
BRDA:271,43,1,3
BRDA:271,44,0,3
BRDA:271,44,1,3
BRDA:284,45,0,0
BRDA:284,46,0,0
BRDA:284,46,1,0
BRDA:307,47,0,3
BRDA:307,48,0,3
BRDA:307,48,1,3
BRDA:315,49,0,0
BRDA:315,49,1,0
BRDA:315,50,0,0
BRDA:315,50,1,0
BRDA:323,51,0,0
BRF:87
BRH:37
end_of_record
TN:
SF:src/component/Response/hooks/useFormSubmission.ts
FN:40,(anonymous_1)
FN:56,(anonymous_2)
FN:85,(anonymous_3)
FN:111,(anonymous_4)
FN:114,(anonymous_5)
FN:128,(anonymous_6)
FN:203,(anonymous_7)
FN:208,(anonymous_8)
FNF:8
FNH:8
FNDA:13,(anonymous_1)
FNDA:7,(anonymous_2)
FNDA:5,(anonymous_3)
FNDA:4,(anonymous_4)
FNDA:4,(anonymous_5)
FNDA:1,(anonymous_6)
FNDA:1,(anonymous_7)
FNDA:1,(anonymous_8)
DA:1,1
DA:2,1
DA:3,1
DA:6,1
DA:14,1
DA:40,1
DA:50,13
DA:51,13
DA:52,13
DA:54,13
DA:56,13
DA:57,7
DA:58,2
DA:63,2
DA:67,5
DA:68,5
DA:72,5
DA:74,5
DA:79,1
DA:81,4
DA:85,5
DA:86,5
DA:87,0
DA:88,0
DA:91,5
DA:92,5
DA:94,0
DA:99,0
DA:104,5
DA:106,5
DA:107,1
DA:108,1
DA:111,4
DA:114,4
DA:115,4
DA:117,4
DA:119,4
DA:120,0
DA:123,4
DA:126,4
DA:128,1
DA:130,1
DA:133,1
DA:137,3
DA:140,3
DA:144,3
DA:145,3
DA:146,3
DA:148,3
DA:161,2
DA:162,1
DA:163,1
DA:164,1
DA:167,1
DA:168,1
DA:169,1
DA:174,1
DA:177,1
DA:178,1
DA:180,3
DA:193,13
DA:203,1
DA:207,1
DA:209,1
DA:218,1
LF:65
LH:60
BRDA:57,0,0,2
BRDA:57,1,0,7
BRDA:57,1,1,6
BRDA:68,2,0,1
BRDA:68,2,1,4
BRDA:74,3,0,1
BRDA:74,3,1,4
BRDA:75,4,0,5
BRDA:75,4,1,1
BRDA:75,4,2,1
BRDA:86,5,0,0
BRDA:106,6,0,1
BRDA:117,7,0,4
BRDA:117,7,1,4
BRDA:117,7,2,4
BRDA:119,8,0,0
BRDA:123,9,0,4
BRDA:123,9,1,4
BRDA:126,10,0,1
BRDA:127,11,0,4
BRDA:127,11,1,1
BRDA:137,12,0,1
BRDA:137,12,1,2
BRDA:140,13,0,1
BRDA:140,13,1,2
BRDA:161,14,0,1
BRDA:161,14,1,1
BRDA:162,15,0,1
BRDA:162,16,0,1
BRDA:162,16,1,1
BRDA:174,17,0,1
BRDA:174,17,1,0
BRF:32
BRH:29
end_of_record
TN:
SF:src/component/Response/reducers/formStateReducer.ts
FN:20,formStateReducer
FNF:1
FNH:1
FNDA:11,formStateReducer
DA:4,1
DA:20,1
DA:24,11
DA:26,2
DA:29,2
DA:32,1
DA:35,3
DA:41,2
DA:47,1
LF:9
LH:9
BRDA:24,0,0,2
BRDA:24,0,1,2
BRDA:24,0,2,1
BRDA:24,0,3,3
BRDA:24,0,4,2
BRDA:24,0,5,1
BRF:6
BRH:6
end_of_record
TN:
SF:src/component/Response/types/PublicFormAccessTypes.ts
FNF:0
FNH:0
DA:19,1
LF:1
LH:1
BRF:0
BRH:0
end_of_record
TN:
SF:src/hooks/useImprovedAutoSave.ts
FN:33,(anonymous_0)
FN:44,(anonymous_1)
FN:70,(anonymous_2)
FN:74,(anonymous_3)
FN:78,(anonymous_4)
FN:83,(anonymous_5)
FN:85,(anonymous_6)
FN:90,(anonymous_7)
FN:99,(anonymous_8)
FN:107,(anonymous_9)
FN:112,(anonymous_10)
FN:117,(anonymous_11)
FN:118,(anonymous_12)
FN:137,(anonymous_13)
FN:142,(anonymous_14)
FN:143,(anonymous_15)
FN:168,(anonymous_16)
FN:198,(anonymous_17)
FN:258,(anonymous_18)
FN:266,(anonymous_19)
FN:301,(anonymous_20)
FN:302,(anonymous_21)
FN:304,(anonymous_22)
FN:307,(anonymous_23)
FN:309,(anonymous_24)
FN:315,(anonymous_25)
FN:322,(anonymous_26)
FN:324,(anonymous_27)
FN:339,(anonymous_28)
FN:345,(anonymous_29)
FN:352,(anonymous_30)
FN:369,(anonymous_31)
FN:386,(anonymous_32)
FN:408,(anonymous_33)
FN:423,(anonymous_34)
FN:432,(anonymous_35)
FN:435,(anonymous_36)
FN:448,(anonymous_37)
FN:451,(anonymous_38)
FN:470,(anonymous_39)
FN:471,(anonymous_40)
FN:484,(anonymous_41)
FNF:42
FNH:29
FNDA:26,(anonymous_0)
FNDA:26,(anonymous_1)
FNDA:12,(anonymous_2)
FNDA:24,(anonymous_3)
FNDA:12,(anonymous_4)
FNDA:6,(anonymous_5)
FNDA:4,(anonymous_6)
FNDA:0,(anonymous_7)
FNDA:1,(anonymous_8)
FNDA:1,(anonymous_9)
FNDA:0,(anonymous_10)
FNDA:0,(anonymous_11)
FNDA:0,(anonymous_12)
FNDA:0,(anonymous_13)
FNDA:0,(anonymous_14)
FNDA:0,(anonymous_15)
FNDA:8,(anonymous_16)
FNDA:8,(anonymous_17)
FNDA:3,(anonymous_18)
FNDA:3,(anonymous_19)
FNDA:12,(anonymous_20)
FNDA:1,(anonymous_21)
FNDA:1,(anonymous_22)
FNDA:0,(anonymous_23)
FNDA:0,(anonymous_24)
FNDA:12,(anonymous_25)
FNDA:16,(anonymous_26)
FNDA:1,(anonymous_27)
FNDA:9,(anonymous_28)
FNDA:6,(anonymous_29)
FNDA:2,(anonymous_30)
FNDA:0,(anonymous_31)
FNDA:0,(anonymous_32)
FNDA:0,(anonymous_33)
FNDA:12,(anonymous_34)
FNDA:26,(anonymous_35)
FNDA:11,(anonymous_36)
FNDA:12,(anonymous_37)
FNDA:12,(anonymous_38)
FNDA:12,(anonymous_39)
FNDA:0,(anonymous_40)
FNDA:12,(anonymous_41)
DA:1,1
DA:2,1
DA:5,1
DA:6,1
DA:7,1
DA:12,1
DA:15,1
DA:16,1
DA:33,1
DA:39,26
DA:41,26
DA:43,26
DA:44,26
DA:47,26
DA:54,26
DA:55,26
DA:56,26
DA:57,26
DA:58,26
DA:59,26
DA:60,26
DA:61,26
DA:62,26
DA:63,26
DA:64,26
DA:65,26
DA:67,26
DA:70,26
DA:71,12
DA:74,26
DA:75,24
DA:78,26
DA:79,12
DA:83,26
DA:84,6
DA:85,4
DA:90,0
DA:98,26
DA:100,1
DA:101,1
DA:106,26
DA:109,1
DA:111,1
DA:112,1
DA:113,0
DA:116,1
DA:117,1
DA:118,0
DA:119,0
DA:123,0
DA:124,0
DA:126,0
DA:129,1
DA:130,1
DA:137,26
DA:138,0
DA:141,0
DA:142,0
DA:143,0
DA:144,0
DA:148,0
DA:149,0
DA:151,0
DA:154,0
DA:155,0
DA:158,0
DA:159,0
DA:160,0
DA:163,0
DA:167,26
DA:173,8
DA:174,0
DA:177,8
DA:178,0
DA:179,0
DA:186,0
DA:192,0
DA:195,8
DA:196,8
DA:198,8
DA:205,8
DA:208,8
DA:210,8
DA:217,4
DA:218,4
DA:220,4
DA:226,4
DA:228,4
DA:231,4
DA:233,4
DA:234,3
DA:236,1
DA:239,1
DA:240,1
DA:242,1
DA:248,4
DA:250,0
DA:253,4
DA:255,4
DA:257,4
DA:258,3
DA:265,3
DA:267,3
DA:268,3
DA:273,3
DA:275,1
DA:282,1
DA:301,26
DA:302,12
DA:303,1
DA:304,1
DA:307,12
DA:308,0
DA:309,0
DA:312,12
DA:313,12
DA:315,12
DA:316,12
DA:317,12
DA:322,26
DA:323,16
DA:324,1
DA:325,1
DA:326,1
DA:327,1
DA:328,1
DA:330,0
DA:334,1
DA:339,26
DA:341,9
DA:342,2
DA:345,9
DA:346,6
DA:348,6
DA:349,6
DA:351,6
DA:352,2
DA:353,2
DA:355,2
DA:358,4
DA:360,4
DA:361,4
DA:362,4
DA:368,26
DA:374,0
DA:375,0
DA:378,0
DA:379,0
DA:382,0
DA:383,0
DA:386,0
DA:393,0
DA:399,0
DA:400,0
DA:401,0
DA:404,0
DA:407,0
DA:408,0
DA:415,0
DA:417,0
DA:423,26
DA:424,12
DA:425,0
DA:426,0
DA:432,26
DA:433,26
DA:435,25
DA:437,11
DA:438,10
DA:440,9
DA:443,25
DA:448,26
DA:449,12
DA:451,12
DA:452,12
DA:454,12
DA:455,1
DA:456,1
DA:458,12
DA:459,2
DA:460,2
DA:462,12
DA:463,0
DA:464,0
DA:470,26
DA:471,12
DA:473,0
DA:474,0
DA:475,0
DA:476,0
DA:478,0
DA:479,0
DA:483,12
DA:484,12
DA:487,26
DA:496,1
LF:196
LH:140
BRDA:33,0,0,2
BRDA:35,1,0,2
BRDA:36,2,0,17
BRDA:37,3,0,17
BRDA:38,4,0,25
BRDA:111,5,0,1
BRDA:112,6,0,0
BRDA:119,7,0,0
BRDA:119,7,1,0
BRDA:121,8,0,0
BRDA:121,8,1,0
BRDA:123,9,0,0
BRDA:138,10,0,0
BRDA:138,11,0,0
BRDA:138,11,1,0
BRDA:144,12,0,0
BRDA:144,12,1,0
BRDA:146,13,0,0
BRDA:146,13,1,0
BRDA:148,14,0,0
BRDA:170,15,0,1
BRDA:173,16,0,0
BRDA:173,17,0,8
BRDA:173,17,1,8
BRDA:173,17,2,8
BRDA:177,18,0,0
BRDA:177,19,0,8
BRDA:177,19,1,8
BRDA:178,20,0,0
BRDA:196,21,0,0
BRDA:205,22,0,0
BRDA:217,23,0,4
BRDA:217,23,1,0
BRDA:218,24,0,0
BRDA:231,25,0,4
BRDA:233,26,0,3
BRDA:233,26,1,1
BRDA:233,27,0,4
BRDA:233,27,1,3
BRDA:250,28,0,0
BRDA:250,28,1,0
BRDA:255,29,0,0
BRDA:257,30,0,3
BRDA:257,30,1,1
BRDA:267,31,0,0
BRDA:278,32,0,1
BRDA:278,32,1,1
BRDA:323,33,0,1
BRDA:323,34,0,16
BRDA:323,34,1,12
BRDA:341,35,0,2
BRDA:348,36,0,0
BRDA:349,37,0,0
BRDA:351,38,0,2
BRDA:361,39,0,4
BRDA:374,40,0,0
BRDA:378,41,0,0
BRDA:378,42,0,0
BRDA:378,42,1,0
BRDA:394,43,0,0
BRDA:394,43,1,0
BRDA:399,44,0,0
BRDA:407,45,0,0
BRDA:407,45,1,0
BRDA:424,46,0,0
BRDA:424,47,0,12
BRDA:424,47,1,1
BRDA:433,48,0,1
BRDA:437,49,0,1
BRDA:438,50,0,1
BRDA:454,51,0,1
BRDA:458,52,0,2
BRDA:462,53,0,0
BRDA:478,54,0,0
BRDA:478,55,0,0
BRDA:478,55,1,0
BRF:76
BRH:35
end_of_record
TN:
SF:src/hooks/useResponseScoring.ts
FN:13,(anonymous_7)
FN:34,(anonymous_8)
FN:59,(anonymous_9)
FN:73,(anonymous_10)
FN:76,(anonymous_11)
FN:82,(anonymous_12)
FN:97,(anonymous_13)
FN:98,(anonymous_14)
FN:105,(anonymous_15)
FN:117,(anonymous_16)
FN:126,(anonymous_17)
FN:129,(anonymous_18)
FN:139,(anonymous_19)
FN:153,(anonymous_20)
FN:173,(anonymous_21)
FN:184,(anonymous_22)
FN:188,(anonymous_23)
FN:191,(anonymous_24)
FN:198,(anonymous_25)
FN:250,(anonymous_26)
FN:254,(anonymous_27)
FNF:21
FNH:15
FNDA:26,(anonymous_7)
FNDA:3,(anonymous_8)
FNDA:3,(anonymous_9)
FNDA:0,(anonymous_10)
FNDA:0,(anonymous_11)
FNDA:0,(anonymous_12)
FNDA:2,(anonymous_13)
FNDA:2,(anonymous_14)
FNDA:1,(anonymous_15)
FNDA:3,(anonymous_16)
FNDA:9,(anonymous_17)
FNDA:8,(anonymous_18)
FNDA:3,(anonymous_19)
FNDA:4,(anonymous_20)
FNDA:3,(anonymous_21)
FNDA:2,(anonymous_22)
FNDA:0,(anonymous_23)
FNDA:0,(anonymous_24)
FNDA:0,(anonymous_25)
FNDA:10,(anonymous_26)
FNDA:10,(anonymous_27)
DA:1,1
DA:2,1
DA:3,1
DA:5,1
DA:13,1
DA:18,26
DA:19,26
DA:20,26
DA:24,26
DA:27,26
DA:30,26
DA:33,26
DA:45,3
DA:54,3
DA:55,1
DA:57,2
DA:60,3
DA:64,3
DA:70,3
DA:71,0
DA:74,0
DA:76,0
DA:77,0
DA:81,0
DA:82,0
DA:86,0
DA:95,3
DA:98,2
DA:99,2
DA:100,2
DA:101,2
DA:102,2
DA:106,1
DA:107,0
DA:112,1
DA:118,3
DA:125,26
DA:127,9
DA:129,8
DA:130,8
DA:131,8
DA:132,8
DA:135,8
DA:136,1
DA:139,8
DA:140,3
DA:146,3
DA:153,26
DA:154,4
DA:156,3
DA:157,3
DA:160,3
DA:162,1
DA:163,1
DA:167,1
DA:170,2
DA:172,2
DA:173,3
DA:179,2
DA:181,2
DA:182,2
DA:185,2
DA:187,0
DA:188,0
DA:191,0
DA:192,0
DA:193,0
DA:197,0
DA:198,0
DA:202,0
DA:210,2
DA:220,2
DA:221,1
DA:225,1
DA:226,1
DA:228,1
DA:232,1
DA:235,1
DA:239,1
DA:245,2
DA:250,26
DA:251,10
DA:252,10
DA:254,10
DA:255,10
DA:256,10
DA:257,0
DA:262,26
DA:264,26
LF:89
LH:72
BRDA:54,0,0,1
BRDA:55,1,0,1
BRDA:55,1,1,0
BRDA:70,2,0,0
BRDA:74,3,0,0
BRDA:77,4,0,0
BRDA:77,4,1,0
BRDA:81,5,0,0
BRDA:81,5,1,0
BRDA:82,6,0,0
BRDA:82,6,1,0
BRDA:106,7,0,0
BRDA:114,8,0,1
BRDA:114,8,1,0
BRDA:127,9,0,1
BRDA:135,10,0,1
BRDA:154,11,0,1
BRDA:154,12,0,4
BRDA:154,12,1,3
BRDA:160,13,0,1
BRDA:185,14,0,2
BRDA:193,15,0,0
BRDA:193,15,1,0
BRDA:197,16,0,0
BRDA:197,16,1,0
BRDA:198,17,0,0
BRDA:198,17,1,0
BRDA:220,18,0,1
BRDA:220,18,1,1
BRDA:232,19,0,1
BRDA:232,19,1,0
BRDA:242,20,0,1
BRDA:242,20,1,0
BRDA:256,21,0,0
BRDA:262,22,0,26
BRDA:262,22,1,26
BRF:36
BRH:16
end_of_record
TN:
SF:src/hooks/useSessionManager.ts
FN:28,(anonymous_0)
FN:47,(anonymous_1)
FN:73,(anonymous_2)
FN:80,(anonymous_3)
FN:86,(anonymous_4)
FN:100,(anonymous_5)
FN:114,(anonymous_6)
FN:124,(anonymous_7)
FN:129,(anonymous_8)
FN:141,(anonymous_9)
FN:142,(anonymous_10)
FN:147,(anonymous_11)
FN:151,(anonymous_12)
FN:152,(anonymous_13)
FN:160,(anonymous_14)
FN:161,(anonymous_15)
FN:173,(anonymous_16)
FN:179,(anonymous_17)
FN:181,(anonymous_18)
FN:192,(anonymous_19)
FNF:20
FNH:20
FNDA:32,(anonymous_0)
FNDA:14,(anonymous_1)
FNDA:4,(anonymous_2)
FNDA:1,(anonymous_3)
FNDA:1,(anonymous_4)
FNDA:1,(anonymous_5)
FNDA:1,(anonymous_6)
FNDA:11,(anonymous_7)
FNDA:11,(anonymous_8)
FNDA:11,(anonymous_9)
FNDA:1,(anonymous_10)
FNDA:54,(anonymous_11)
FNDA:9,(anonymous_12)
FNDA:54,(anonymous_13)
FNDA:11,(anonymous_14)
FNDA:3,(anonymous_15)
FNDA:11,(anonymous_16)
FNDA:15,(anonymous_17)
FNDA:1,(anonymous_18)
FNDA:2,(anonymous_19)
DA:1,1
DA:3,1
DA:16,1
DA:17,1
DA:18,1
DA:19,1
DA:28,1
DA:35,32
DA:36,32
DA:37,32
DA:38,32
DA:39,32
DA:40,32
DA:41,32
DA:42,32
DA:43,32
DA:44,32
DA:47,32
DA:48,14
DA:50,14
DA:51,14
DA:52,14
DA:53,1
DA:55,13
DA:58,13
DA:59,3
DA:60,3
DA:62,13
DA:63,0
DA:64,0
DA:68,13
DA:69,13
DA:70,13
DA:73,13
DA:74,4
DA:76,4
DA:77,4
DA:80,4
DA:86,4
DA:87,1
DA:89,1
DA:90,1
DA:91,1
DA:94,0
DA:100,32
DA:101,1
DA:103,1
DA:104,1
DA:105,1
DA:107,1
DA:108,1
DA:109,1
DA:112,1
DA:113,1
DA:114,1
DA:120,1
DA:124,32
DA:125,11
DA:126,9
DA:127,9
DA:129,11
DA:130,11
DA:131,9
DA:133,11
DA:134,3
DA:141,32
DA:142,11
DA:143,1
DA:144,1
DA:146,11
DA:147,9
DA:148,54
DA:151,9
DA:152,9
DA:153,54
DA:160,32
DA:161,11
DA:162,3
DA:164,3
DA:165,3
DA:167,3
DA:168,1
DA:172,11
DA:173,11
DA:174,11
DA:179,32
DA:180,15
DA:181,2
DA:182,1
DA:184,1
DA:189,1
DA:192,2
DA:196,32
LF:93
LH:90
BRDA:48,0,0,0
BRDA:52,1,0,1
BRDA:58,2,0,3
BRDA:62,3,0,0
BRDA:74,4,0,0
BRDA:87,5,0,0
BRDA:90,6,0,1
BRDA:103,7,0,1
BRDA:107,8,0,1
BRDA:125,9,0,9
BRDA:125,10,0,11
BRDA:125,10,1,10
BRDA:130,11,0,9
BRDA:133,12,0,3
BRDA:143,13,0,0
BRDA:146,14,0,9
BRDA:146,15,0,11
BRDA:146,15,1,10
BRDA:162,16,0,0
BRDA:167,17,0,1
BRDA:180,18,0,2
BRDA:180,19,0,15
BRDA:180,19,1,3
BRDA:182,20,0,0
BRDA:182,21,0,1
BRDA:182,21,1,1
BRDA:182,21,2,1
BRDA:205,22,0,4
BRDA:205,22,1,28
BRF:29
BRH:22
end_of_record
TN:
SF:src/redux/formstore.ts
FN:17,(anonymous_7)
FN:94,(anonymous_8)
FN:97,(anonymous_9)
FN:105,(anonymous_10)
FN:111,(anonymous_11)
FN:114,(anonymous_12)
FN:117,(anonymous_13)
FN:139,(anonymous_14)
FN:143,(anonymous_15)
FN:162,(anonymous_16)
FN:170,(anonymous_17)
FN:195,(anonymous_18)
FN:198,(anonymous_19)
FN:201,(anonymous_20)
FN:204,(anonymous_21)
FN:207,(anonymous_22)
FN:210,(anonymous_23)
FN:216,(anonymous_24)
FN:219,(anonymous_25)
FN:226,(anonymous_26)
FN:227,(anonymous_27)
FN:230,(anonymous_28)
FN:233,(anonymous_29)
FNF:23
FNH:5
FNDA:0,(anonymous_7)
FNDA:0,(anonymous_8)
FNDA:0,(anonymous_9)
FNDA:0,(anonymous_10)
FNDA:0,(anonymous_11)
FNDA:0,(anonymous_12)
FNDA:6,(anonymous_13)
FNDA:0,(anonymous_14)
FNDA:6,(anonymous_15)
FNDA:7,(anonymous_16)
FNDA:5,(anonymous_17)
FNDA:0,(anonymous_18)
FNDA:0,(anonymous_19)
FNDA:0,(anonymous_20)
FNDA:0,(anonymous_21)
FNDA:0,(anonymous_22)
FNDA:0,(anonymous_23)
FNDA:0,(anonymous_24)
FNDA:0,(anonymous_25)
FNDA:1,(anonymous_26)
FNDA:0,(anonymous_27)
FNDA:0,(anonymous_28)
FNDA:0,(anonymous_29)
DA:1,2
DA:2,2
DA:7,2
DA:8,2
DA:10,2
DA:15,2
DA:28,0
DA:33,0
DA:34,0
DA:41,0
DA:44,0
DA:45,0
DA:46,0
DA:53,0
DA:54,0
DA:59,0
DA:61,0
DA:62,0
DA:63,0
DA:65,0
DA:66,0
DA:71,2
DA:72,2
DA:74,2
DA:95,0
DA:99,0
DA:100,0
DA:102,0
DA:109,0
DA:112,0
DA:115,0
DA:124,6
DA:125,2
DA:127,4
DA:131,6
DA:133,6
DA:134,3
DA:136,3
DA:140,0
DA:149,6
DA:150,6
DA:152,6
DA:154,1
DA:155,1
DA:159,5
DA:162,5
DA:164,7
DA:165,3
DA:169,4
DA:171,5
DA:174,4
DA:175,3
DA:177,3
DA:183,1
DA:187,5
DA:188,3
DA:189,3
DA:192,2
DA:196,0
DA:199,0
DA:202,0
DA:205,0
DA:208,0
DA:214,0
DA:217,0
DA:223,0
DA:227,1
DA:228,0
DA:230,1
DA:231,0
DA:233,1
DA:234,0
DA:238,2
DA:255,2
LF:74
LH:40
BRDA:28,0,0,0
BRDA:29,1,0,0
BRDA:29,1,1,0
BRDA:29,1,2,0
BRDA:33,2,0,0
BRDA:44,3,0,0
BRDA:44,3,1,0
BRDA:53,4,0,0
BRDA:61,5,0,0
BRDA:62,6,0,0
BRDA:72,7,0,2
BRDA:72,7,1,2
BRDA:99,8,0,0
BRDA:124,9,0,2
BRDA:124,9,1,4
BRDA:131,10,0,6
BRDA:131,10,1,3
BRDA:133,11,0,3
BRDA:133,11,1,3
BRDA:152,12,0,1
BRDA:152,13,0,6
BRDA:152,13,1,6
BRDA:164,14,0,3
BRDA:171,15,0,5
BRDA:171,15,1,3
BRDA:171,15,2,3
BRDA:174,16,0,3
BRDA:187,17,0,3
BRDA:187,17,1,2
BRF:29
BRH:18
end_of_record
TN:
SF:src/services/autoSaveEventBus.ts
FN:15,emitAutoSaveEvent
FN:28,onAutoSaveEvent
FN:31,(anonymous_2)
FN:35,(anonymous_3)
FNF:4
FNH:3
FNDA:0,emitAutoSaveEvent
FNDA:25,onAutoSaveEvent
FNDA:11,(anonymous_2)
FNDA:25,(anonymous_3)
DA:5,1
DA:15,1
DA:16,0
DA:28,1
DA:31,25
DA:32,11
DA:34,25
DA:35,25
LF:8
LH:7
BRF:0
BRH:0
end_of_record
TN:
SF:src/services/labelQuestionNumberingService.ts
FN:6,(anonymous_0)
FN:17,(anonymous_1)
FN:33,(anonymous_2)
FN:48,(anonymous_3)
FN:58,(anonymous_4)
FN:73,(anonymous_5)
FN:74,(anonymous_6)
FN:81,(anonymous_7)
FN:95,(anonymous_8)
FN:103,(anonymous_9)
FN:175,(anonymous_10)
FN:208,(anonymous_11)
FN:215,(anonymous_12)
FNF:13
FNH:9
FNDA:8,(anonymous_0)
FNDA:6,(anonymous_1)
FNDA:1,(anonymous_2)
FNDA:2,(anonymous_3)
FNDA:2,(anonymous_4)
FNDA:1,(anonymous_5)
FNDA:0,(anonymous_6)
FNDA:0,(anonymous_7)
FNDA:2,(anonymous_8)
FNDA:2,(anonymous_9)
FNDA:2,(anonymous_10)
FNDA:0,(anonymous_11)
FNDA:0,(anonymous_12)
DA:6,1
DA:10,8
DA:11,8
DA:17,1
DA:18,6
DA:21,3
DA:22,0
DA:26,3
DA:27,3
DA:30,0
DA:33,1
DA:40,1
DA:41,0
DA:44,1
DA:47,1
DA:48,1
DA:49,2
DA:50,2
DA:53,1
DA:58,1
DA:59,2
DA:60,2
DA:61,1
DA:62,1
DA:64,1
DA:73,1
DA:74,1
DA:75,0
DA:76,0
DA:81,1
DA:84,0
DA:85,0
DA:86,0
DA:87,0
DA:88,0
DA:91,0
DA:95,1
DA:96,2
DA:103,1
DA:108,2
DA:111,2
DA:112,0
DA:114,2
DA:116,2
DA:119,2
DA:121,1
DA:122,1
DA:123,1
DA:124,1
DA:128,1
DA:129,1
DA:133,1
DA:136,1
DA:137,0
DA:139,0
DA:140,0
DA:143,0
DA:150,0
DA:153,0
DA:158,1
DA:159,1
DA:161,1
DA:162,1
DA:163,1
DA:164,1
DA:165,1
DA:167,0
DA:171,1
DA:175,1
DA:176,2
DA:179,2
DA:180,2
DA:183,2
DA:184,2
DA:186,2
DA:187,1
DA:188,1
DA:194,2
DA:201,1
DA:208,1
DA:211,0
DA:212,0
DA:215,0
DA:217,0
DA:218,0
DA:221,0
DA:222,0
DA:223,0
DA:226,0
LF:89
LH:61
BRDA:10,0,0,0
BRDA:11,1,0,8
BRDA:11,1,1,0
BRDA:18,2,0,3
BRDA:21,3,0,0
BRDA:26,4,0,3
BRDA:40,5,0,0
BRDA:40,6,0,1
BRDA:40,6,1,1
BRDA:60,7,0,1
BRDA:61,8,0,1
BRDA:75,9,0,0
BRDA:75,9,1,0
BRDA:75,10,0,0
BRDA:75,10,1,0
BRDA:76,11,0,0
BRDA:76,11,1,0
BRDA:87,12,0,0
BRDA:97,13,0,2
BRDA:97,13,1,1
BRDA:97,13,2,0
BRDA:106,14,0,2
BRDA:111,15,0,0
BRDA:119,16,0,1
BRDA:119,17,0,2
BRDA:119,17,1,1
BRDA:123,18,0,1
BRDA:128,19,0,1
BRDA:128,19,1,1
BRDA:136,20,0,0
BRDA:139,21,0,0
BRDA:139,21,1,0
BRDA:161,22,0,1
BRDA:164,23,0,1
BRDA:186,24,0,1
BRDA:186,25,0,2
BRDA:186,25,1,1
BRDA:190,26,0,1
BRDA:190,26,1,0
BRDA:211,27,0,0
BRDA:211,28,0,0
BRDA:211,28,1,0
BRDA:221,29,0,0
BRF:43
BRH:22
end_of_record
TN:
SF:src/types/Form.types.ts
FN:13,(anonymous_0)
FN:17,(anonymous_1)
FN:25,(anonymous_2)
FN:31,(anonymous_3)
FN:39,(anonymous_4)
FN:43,(anonymous_5)
FN:102,(anonymous_6)
FN:309,(anonymous_7)
FNF:8
FNH:8
FNDA:10,(anonymous_0)
FNDA:10,(anonymous_1)
FNDA:10,(anonymous_2)
FNDA:10,(anonymous_3)
FNDA:10,(anonymous_4)
FNDA:10,(anonymous_5)
FNDA:10,(anonymous_6)
FNDA:10,(anonymous_7)
DA:11,10
DA:13,10
DA:14,10
DA:15,10
DA:17,10
DA:18,10
DA:19,10
DA:20,10
DA:21,10
DA:22,10
DA:25,10
DA:26,10
DA:27,10
DA:28,10
DA:31,10
DA:32,10
DA:33,10
DA:39,10
DA:40,10
DA:41,10
DA:43,10
DA:44,10
DA:45,10
DA:102,10
DA:103,10
DA:104,10
DA:105,10
DA:106,10
DA:107,10
DA:108,10
DA:109,10
DA:110,10
DA:111,10
DA:112,10
DA:113,10
DA:117,10
DA:129,10
DA:135,10
DA:215,10
DA:286,10
DA:295,10
DA:309,10
DA:310,10
DA:312,10
DA:313,0
DA:316,10
DA:319,10
LF:47
LH:46
BRDA:13,0,0,10
BRDA:13,0,1,10
BRDA:17,1,0,10
BRDA:17,1,1,10
BRDA:25,2,0,10
BRDA:25,2,1,10
BRDA:31,3,0,10
BRDA:31,3,1,10
BRDA:39,4,0,10
BRDA:39,4,1,10
BRDA:43,5,0,10
BRDA:43,5,1,10
BRDA:102,6,0,10
BRDA:102,6,1,10
BRDA:312,7,0,0
BRF:15
BRH:14
end_of_record
TN:
SF:src/types/User.types.ts
FN:1,(anonymous_0)
FNF:1
FNH:1
FNDA:1,(anonymous_0)
DA:1,1
DA:2,1
DA:3,1
DA:14,1
LF:4
LH:4
BRDA:1,0,0,1
BRDA:1,0,1,1
BRF:2
BRH:2
end_of_record
TN:
SF:src/utils/formValidation.ts
FN:11,(anonymous_0)
FN:27,(anonymous_1)
FN:31,(anonymous_2)
FN:40,(anonymous_3)
FN:80,(anonymous_4)
FN:91,(anonymous_5)
FN:94,(anonymous_6)
FN:103,(anonymous_7)
FN:119,(anonymous_8)
FN:131,(anonymous_9)
FNF:10
FNH:4
FNDA:25,(anonymous_0)
FNDA:2,(anonymous_1)
FNDA:7,(anonymous_2)
FNDA:5,(anonymous_3)
FNDA:0,(anonymous_4)
FNDA:0,(anonymous_5)
FNDA:0,(anonymous_6)
FNDA:0,(anonymous_7)
FNDA:0,(anonymous_8)
FNDA:0,(anonymous_9)
DA:1,1
DA:11,1
DA:12,25
DA:14,1
DA:18,1
DA:27,1
DA:31,7
DA:32,2
DA:34,1
DA:35,1
DA:36,6
DA:37,6
DA:40,1
DA:41,5
DA:42,5
DA:44,5
DA:47,5
DA:54,0
DA:58,5
DA:64,0
DA:68,5
DA:69,5
DA:70,5
DA:73,4
DA:80,1
DA:81,0
DA:82,0
DA:90,0
DA:91,0
DA:94,0
DA:96,0
DA:97,0
DA:98,0
DA:100,0
DA:103,0
DA:104,0
DA:105,0
DA:106,0
DA:107,0
DA:108,0
DA:111,0
DA:119,1
DA:123,0
DA:131,1
DA:136,0
DA:137,0
DA:138,0
DA:151,0
DA:152,0
DA:156,0
DA:158,0
DA:166,0
DA:169,0
DA:174,0
DA:178,0
DA:179,0
DA:180,0
DA:182,0
LF:58
LH:25
BRDA:32,0,0,1
BRDA:36,1,0,6
BRDA:36,1,1,0
BRDA:37,2,0,6
BRDA:41,3,0,5
BRDA:41,3,1,0
BRDA:42,4,0,5
BRDA:42,4,1,0
BRDA:44,5,0,0
BRDA:47,6,0,0
BRDA:48,7,0,5
BRDA:48,7,1,5
BRDA:48,7,2,5
BRDA:48,7,3,5
BRDA:48,7,4,5
BRDA:58,8,0,0
BRDA:59,9,0,5
BRDA:59,9,1,5
BRDA:59,9,2,5
BRDA:59,9,3,5
BRDA:68,10,0,5
BRDA:69,11,0,5
BRDA:69,11,1,4
BRDA:70,12,0,1
BRDA:81,13,0,0
BRDA:81,14,0,0
BRDA:81,14,1,0
BRDA:91,15,0,0
BRDA:91,15,1,0
BRDA:96,16,0,0
BRDA:96,16,1,0
BRDA:98,17,0,0
BRDA:98,17,1,0
BRDA:100,18,0,0
BRDA:100,18,1,0
BRDA:100,18,2,0
BRDA:104,19,0,0
BRDA:106,20,0,0
BRDA:106,20,1,0
BRDA:108,21,0,0
BRDA:108,21,1,0
BRDA:108,21,2,0
BRDA:136,22,0,0
BRDA:137,23,0,0
BRDA:137,23,1,0
BRDA:140,24,0,0
BRDA:140,24,1,0
BRDA:140,24,2,0
BRDA:151,25,0,0
BRDA:151,26,0,0
BRDA:151,26,1,0
BRDA:158,27,0,0
BRDA:158,27,1,0
BRDA:188,28,0,0
BRDA:188,28,1,0
BRDA:188,28,2,0
BRF:56
BRH:18
end_of_record
TN:
SF:src/utils/rangeValidation.ts
FN:14,(anonymous_0)
FN:19,(anonymous_1)
FN:91,(anonymous_2)
FN:106,(anonymous_3)
FN:122,(anonymous_4)
FN:132,(anonymous_5)
FNF:6
FNH:6
FNDA:6,(anonymous_0)
FNDA:7,(anonymous_1)
FNDA:4,(anonymous_2)
FNDA:4,(anonymous_3)
FNDA:3,(anonymous_4)
FNDA:2,(anonymous_5)
DA:1,1
DA:14,1
DA:17,6
DA:19,6
DA:20,7
DA:21,7
DA:23,7
DA:25,4
DA:26,4
DA:32,4
DA:33,4
DA:35,4
DA:40,2
DA:48,4
DA:52,2
DA:53,2
DA:59,2
DA:60,2
DA:62,2
DA:63,2
DA:64,2
DA:66,2
DA:67,1
DA:76,2
DA:81,1
DA:85,6
DA:91,1
DA:94,4
DA:95,3
DA:97,3
DA:98,3
DA:100,3
DA:106,1
DA:109,4
DA:110,3
DA:112,3
DA:113,3
DA:115,3
DA:122,1
DA:125,3
DA:127,2
DA:128,1
DA:131,1
DA:132,2
LF:44
LH:44
BRDA:20,0,0,7
BRDA:20,0,1,0
BRDA:20,0,2,0
BRDA:21,1,0,7
BRDA:21,1,1,0
BRDA:23,2,0,4
BRDA:23,2,1,2
BRDA:23,2,2,1
BRDA:26,3,0,4
BRDA:27,4,0,4
BRDA:27,4,1,4
BRDA:27,4,2,4
BRDA:27,4,3,4
BRDA:35,5,0,2
BRDA:36,6,0,4
BRDA:36,6,1,4
BRDA:36,6,2,4
BRDA:53,7,0,2
BRDA:54,8,0,2
BRDA:54,8,1,2
BRDA:54,8,2,2
BRDA:54,8,3,2
BRDA:62,9,0,2
BRDA:62,10,0,2
BRDA:62,10,1,2
BRDA:66,11,0,1
BRDA:94,12,0,1
BRDA:94,13,0,4
BRDA:94,13,1,3
BRDA:95,14,0,0
BRDA:95,15,0,3
BRDA:95,15,1,3
BRDA:98,16,0,0
BRDA:98,17,0,3
BRDA:98,17,1,3
BRDA:109,18,0,1
BRDA:109,19,0,4
BRDA:109,19,1,3
BRDA:110,20,0,0
BRDA:110,21,0,3
BRDA:110,21,1,3
BRDA:113,22,0,0
BRDA:113,23,0,3
BRDA:113,23,1,3
BRDA:113,23,2,3
BRDA:125,24,0,1
BRDA:127,25,0,1
BRF:47
BRH:40
end_of_record
